epoch,loss,mse,mse_high_npv,mse_low_npv,npv_mse_corr,val_loss
0,1.9443919658660889,7.7556257,9.932845,3.4008937,0.2915370794784602,1.777678370475769
1,1.758052945137024,7.687978,9.837678,3.3882883,0.28669503916104644,1.7455408573150635
2,1.7395198345184326,7.6399817,9.782018,3.3556244,0.28960813091829873,1.7338063716888428
3,1.7283210754394531,7.4673467,9.561423,3.2789178,0.28948081455122443,1.7246702909469604
4,1.7208040952682495,7.5280356,9.639663,3.3045013,0.29437135072854276,1.718334436416626
5,1.714003086090088,7.425477,9.511843,3.2524683,0.2953692178017929,1.7097108364105225
6,1.7054418325424194,7.236963,9.278444,3.153728,0.29653169424181325,1.7007654905319214
7,1.6949423551559448,7.227282,9.273719,3.1341367,0.3000938710605809,1.6872503757476807
8,1.683905005455017,7.2236156,9.271326,3.1279178,0.29533206352855057,1.675819754600525
9,1.6742191314697266,7.223153,9.2762165,3.1167502,0.29151751095180295,1.6679956912994385
0,1.6654444932937622,7.3300304,9.4176445,3.1545234,0.29491240515406203,1.6659846305847168
1,1.6580461263656616,7.143045,9.180272,3.0683208,0.28849217991264414,1.6536641120910645
2,1.6500004529953003,7.2758245,9.355699,3.115801,0.29114556482149867,1.643509030342102
3,1.6414458751678467,7.3349614,9.432974,3.1386569,0.29059327361437653,1.6414417028427124
4,1.6324787139892578,7.1645536,9.212311,3.0687642,0.2829187300805936,1.624618411064148
5,1.6251063346862793,7.181752,9.240834,3.063313,0.2833683905032319,1.626943588256836
6,1.619022011756897,7.1878915,9.247738,3.0679247,0.282149725584876,1.610138177871704
7,1.6136001348495483,7.171305,9.226231,3.0611765,0.2817747985139375,1.6133787631988525
8,1.6085350513458252,7.370963,9.489483,3.1336403,0.2880895443924205,1.6095929145812988
9,1.6043964624404907,7.2349205,9.312308,3.0798697,0.28274286515156477,1.5956387519836426
0,1.6013895273208618,7.1605115,9.220712,3.0398362,0.28080360411065286,1.60151207447052
1,1.5979394912719727,7.194112,9.261749,3.0585592,0.28157756880201296,1.595258116722107
2,1.5947321653366089,7.229569,9.312209,3.0640116,0.2841358903082079,1.5978717803955078
3,1.592561960220337,7.2951856,9.390564,3.1041493,0.2842025250063559,1.5924170017242432
4,1.5889900922775269,7.2184415,9.296927,3.0611897,0.2825483622838537,1.5884475708007812
5,1.5882853269577026,7.0908856,9.129394,3.013598,0.2789393609410798,1.5940121412277222
6,1.5858335494995117,7.2193866,9.29874,3.0604036,0.2827803329981872,1.593820333480835
7,1.5851325988769531,7.1848264,9.250817,3.052569,0.2805541691371071,1.5748566389083862
8,1.5833065509796143,7.1730323,9.239825,3.0391705,0.28125733396709507,1.5786274671554565
9,1.5802960395812988,7.1800385,9.247798,3.0442448,0.2811385724422808,1.5749167203903198
0,1.581653118133545,7.313547,9.41492,3.1105251,0.2846557098186864,1.584641933441162
1,1.5778262615203857,7.273834,9.373137,3.0749505,0.2850924018200765,1.5788308382034302
2,1.577628493309021,7.320921,9.433906,3.0946696,0.28635497628443535,1.5903799533843994
3,1.5758782625198364,7.375164,9.496734,3.1317437,0.2868826363977615,1.5773754119873047
4,1.5753756761550903,7.1781826,9.243792,3.0466893,0.28073708247575174,1.5665786266326904
5,1.5714247226715088,7.3021827,9.408747,3.0887742,0.28510461367708206,1.5776947736740112
6,1.5746389627456665,7.335411,9.4531145,3.0997229,0.28680444246002107,1.579498291015625
7,1.5706171989440918,7.172501,9.237693,3.0418382,0.2809583910139916,1.5736439228057861
8,1.5708218812942505,7.262787,9.356871,3.074341,0.2847473556783075,1.5694289207458496
9,1.5707778930664062,7.1319714,9.185818,3.0240054,0.28026257860358983,1.563016653060913
0,1.569661259651184,7.1493835,9.20452,3.038835,0.28010171157456837,1.5681103467941284
1,1.5706127882003784,7.2386236,9.325258,3.0650778,0.2843664833870463,1.5696728229522705
2,1.5656880140304565,7.2223554,9.303779,3.0592306,0.2836114568984621,1.5722172260284424
3,1.5689105987548828,7.228667,9.310303,3.065121,0.2837825505820939,1.558430552482605
4,1.5654168128967285,7.3813453,9.506334,3.1310837,0.2886029193176052,1.5830554962158203
5,1.5660207271575928,7.1563206,9.2173,3.0340858,0.2811187417175367,1.5718998908996582
6,1.5636756420135498,7.0738397,9.113772,2.9937,0.27948724432744926,1.5724180936813354
7,1.5636290311813354,7.1512184,9.212199,3.0289834,0.2813215338822736,1.565866470336914
8,1.5611934661865234,7.238174,9.324084,3.066073,0.28333067401477435,1.572055459022522
9,1.5616592168807983,7.170155,9.236229,3.0377288,0.28096218891752656,1.5573891401290894
0,1.5602664947509766,7.249254,9.33578,3.0759227,0.28355379498285627,1.5644222497940063
1,1.5597976446151733,7.124679,9.169664,3.0344353,0.27825762054253433,1.5641016960144043
2,1.5580849647521973,7.151926,9.211903,3.0317025,0.28026293609359776,1.5496673583984375
3,1.5561635494232178,7.3260345,9.434055,3.109709,0.2838871151179947,1.5653986930847168
4,1.5559635162353516,7.300472,9.412213,3.0767052,0.28561090711313764,1.5676051378250122
5,1.555289626121521,7.165514,9.225551,3.0451643,0.2781135220129549,1.5464733839035034
6,1.5547741651535034,7.2031074,9.274901,3.0592442,0.2811868676091055,1.5540424585342407
7,1.553252100944519,7.116597,9.16437,3.0207815,0.27784948895343864,1.5608880519866943
8,1.5522392988204956,7.1897626,9.254459,3.0600932,0.2799690494616124,1.5479227304458618
9,1.5535714626312256,7.147925,9.201605,3.0402904,0.27886245748674904,1.556465744972229
0,1.5499745607376099,7.134461,9.190617,3.0218732,0.2790855063087654,1.548079490661621
1,1.5513666868209839,7.1593404,9.218508,3.0407333,0.28005971198993335,1.5493443012237549
2,1.5493782758712769,7.076039,9.112275,3.0032928,0.27579059758803665,1.5630614757537842
3,1.5484075546264648,7.115332,9.166484,3.012755,0.2782153455271007,1.543205738067627
4,1.5490063428878784,7.125546,9.174372,3.0276213,0.27756358982679075,1.542654037475586
5,1.5482490062713623,7.061511,9.089943,3.0043757,0.27566793699831943,1.5503267049789429
6,1.5482434034347534,7.056466,9.086094,2.996942,0.27614386281649794,1.551114559173584
7,1.5467289686203003,7.3432913,9.455845,3.1179035,0.28486102216572995,1.5581250190734863
8,1.5467828512191772,7.0231714,9.047096,2.9750524,0.2760780659123664,1.5615135431289673
9,1.547379970550537,7.2581844,9.348558,3.077162,0.28119474129893496,1.5415818691253662
0,1.5458149909973145,7.218692,9.294019,3.067761,0.280239340742288,1.544867753982544
1,1.5463584661483765,7.0796394,9.119842,2.998965,0.27674548753588,1.553407073020935
2,1.5448272228240967,7.178138,9.242414,3.0493088,0.2786320133188909,1.547856092453003
3,1.5454984903335571,7.265333,9.357176,3.0813692,0.28279423194414965,1.5553709268569946
4,1.5455687046051025,7.2037024,9.276962,3.0569072,0.27956841913488806,1.552878975868225
5,1.5446990728378296,7.3100314,9.411287,3.1072373,0.2832672590805058,1.5528509616851807
6,1.543379306793213,7.156962,9.215884,3.0388417,0.2780099788831232,1.5392118692398071
7,1.5438488721847534,7.127838,9.173412,3.0364163,0.27657081003581585,1.547164797782898
8,1.5436724424362183,7.0746007,9.109239,3.0050516,0.2757549106077127,1.545343279838562
9,1.5424031019210815,7.1907883,9.258699,3.0546875,0.2791253222751862,1.5397391319274902
0,1.5439709424972534,7.1725516,9.237099,3.0431817,0.27790550238559675,1.5443542003631592
1,1.5431420803070068,7.0448413,9.073022,2.9882112,0.27517712928474647,1.5525305271148682
2,1.5423911809921265,7.120511,9.168366,3.0245283,0.27574269433544796,1.5422677993774414
3,1.5409804582595825,7.139685,9.1890335,3.0407133,0.27679079591131434,1.539564847946167
4,1.5409493446350098,7.156194,9.215165,3.0379803,0.27768878914783757,1.5402307510375977
5,1.5423539876937866,7.185952,9.2587385,3.0401034,0.2791777204583935,1.532744288444519
6,1.5413661003112793,7.232754,9.310891,3.0762043,0.2784272718369728,1.537650227546692
7,1.540583848953247,7.1513233,9.205968,3.0417593,0.2770915696350466,1.538970708847046
8,1.5421308279037476,7.1630955,9.218708,3.051595,0.2761972153595354,1.5359559059143066
9,1.5387566089630127,7.0696297,9.102371,3.003874,0.27400071971355844,1.5428129434585571
0,1.5402002334594727,7.214365,9.294839,3.0531385,0.281186148176373,1.5363022089004517
1,1.5406755208969116,7.1585484,9.218122,3.0391233,0.27792491618266746,1.5416345596313477
2,1.539255142211914,7.0251436,9.045869,2.9834197,0.27383934447067615,1.5486623048782349
3,1.53864586353302,7.1956,9.2599745,3.066575,0.2774894462668112,1.5356311798095703
4,1.539324164390564,7.1151376,9.158188,3.028762,0.2758033814664617,1.5358328819274902
5,1.5397008657455444,7.211302,9.286229,3.0611684,0.27837077967038526,1.5333510637283325
6,1.5380109548568726,7.138306,9.189383,3.03588,0.27641824956198074,1.5325617790222168
7,1.5389912128448486,7.075622,9.111057,3.0044801,0.2739106913423004,1.5416035652160645
8,1.537644863128662,7.1835356,9.254116,3.0420988,0.2786688776623319,1.5446654558181763
9,1.5383855104446411,7.262002,9.356109,3.0735087,0.2811239198361104,1.5422320365905762
0,1.5369817018508911,7.2326713,9.314747,3.0682418,0.2802415331879355,1.53752601146698
1,1.536976933479309,7.0744286,9.112689,2.9976344,0.2741496048662841,1.5376243591308594
2,1.5375062227249146,7.1945944,9.266531,3.0504467,0.2779318855282985,1.542736291885376
3,1.53764009475708,7.0838985,9.122195,3.0070355,0.27413856137932496,1.5352895259857178
4,1.536596417427063,7.141367,9.196749,3.0303297,0.2761265729700932,1.5335264205932617
5,1.5350639820098877,7.208038,9.277034,3.0697732,0.2778680403344206,1.5384148359298706
6,1.5372449159622192,7.100291,9.146773,3.0070524,0.2751684145160908,1.5361438989639282
7,1.5360146760940552,7.156517,9.217199,3.0348778,0.2773361260045136,1.5387495756149292
8,1.5366859436035156,7.1274714,9.178281,3.0255826,0.27550105369757577,1.5357048511505127
9,1.5343048572540283,7.249864,9.338608,3.072096,0.2806504601053259,1.5312246084213257
0,1.5367927551269531,7.116565,9.15878,3.0318644,0.2749540060229814,1.5419634580612183
1,1.533477544784546,7.1419506,9.195207,3.0351653,0.276312913286446,1.5361461639404297
2,1.535868525505066,7.0735464,9.106211,3.0079467,0.2737981677554545,1.5308496952056885
3,1.535339117050171,7.206756,9.285005,3.0499785,0.27882449434961815,1.5341511964797974
4,1.5328974723815918,7.0599284,9.094572,2.99037,0.27409665242649955,1.53596031665802
5,1.535229206085205,7.279686,9.378755,3.0812683,0.2796325496285721,1.5375910997390747
6,1.5331501960754395,7.1149564,9.164233,3.0161302,0.27567421535870773,1.5343053340911865
7,1.533939003944397,7.145847,9.203578,3.0301113,0.2762362094334294,1.530145287513733
8,1.5339502096176147,7.175218,9.238402,3.0485728,0.27659053393320177,1.5317978858947754
9,1.533433437347412,7.309462,9.416939,3.094227,0.2821349694550566,1.5416268110275269
0,1.5337883234024048,7.1520658,9.217295,3.0213346,0.27718691934790984,1.5280203819274902
1,1.5319817066192627,7.2824044,9.384749,3.0774343,0.2811064134581447,1.536388874053955
2,1.5330106019973755,7.233358,9.316299,3.0671973,0.28052735216582103,1.530832290649414
3,1.5322641134262085,7.086462,9.126665,3.0057847,0.2739206770787795,1.5325316190719604
4,1.5333200693130493,7.062646,9.09803,2.991607,0.2745209077449707,1.5378475189208984
5,1.5322661399841309,7.134453,9.188601,3.0258784,0.2756617069822845,1.5295149087905884
6,1.5316931009292603,7.0342894,9.066073,2.9704494,0.2748744662185217,1.535793662071228
7,1.5317341089248657,7.207727,9.283248,3.056404,0.27950159371170574,1.5344430208206177
8,1.5320149660110474,7.169301,9.231655,3.0443168,0.2763470975095345,1.5383358001708984
9,1.5322288274765015,7.1392593,9.195457,3.0265908,0.27743194240945684,1.5309406518936157
0,1.531692385673523,7.2043824,9.278817,3.0552356,0.2790061350565892,1.5349007844924927
1,1.531630516052246,7.258707,9.349453,3.0769355,0.28015469046769553,1.5380237102508545
2,1.5312901735305786,7.1258826,9.183219,3.0109367,0.27770371639042135,1.5333352088928223
3,1.5297702550888062,7.142952,9.2044115,3.0197563,0.27740063530144016,1.530758023262024
4,1.5308657884597778,7.118987,9.167682,3.0213234,0.2764794302522793,1.523657202720642
5,1.5300652980804443,7.2483444,9.338291,3.0681734,0.2807564277980246,1.529921531677246
6,1.5314522981643677,7.150858,9.206994,3.0383103,0.2771089370518198,1.5257432460784912
7,1.5297306776046753,7.1112666,9.157071,3.019388,0.2762494002560585,1.5292397737503052
8,1.5295811891555786,7.250861,9.343455,3.0653892,0.28139855681086895,1.533963680267334
9,1.530255913734436,7.0286613,9.056247,2.97322,0.27413624640764844,1.5371825695037842
0,1.5292929410934448,7.1630573,9.229806,3.0292833,0.27781599433061066,1.5361911058425903
1,1.5297845602035522,7.0403934,9.075912,2.9690855,0.27553603116550096,1.5285696983337402
2,1.529226541519165,7.123017,9.178069,3.0126383,0.27759956719477646,1.5304628610610962
3,1.5288118124008179,7.100005,9.152505,2.9947326,0.27816669364238655,1.5296375751495361
4,1.528895616531372,7.023222,9.0520525,2.965292,0.27605060023336975,1.5277607440948486
5,1.529184103012085,7.0766063,9.119062,2.9914212,0.27752830291287167,1.5288071632385254
6,1.5286457538604736,7.078604,9.122421,2.9906986,0.2783213290812253,1.5287950038909912
7,1.528016209602356,7.06376,9.102953,2.9851012,0.27834172344125796,1.5259188413619995
8,1.528111457824707,7.100924,9.1548815,2.9927332,0.28010749947366403,1.525059461593628
9,1.527624249458313,7.0882893,9.138602,2.9873884,0.28114694416810593,1.542251467704773
0,1.527849793434143,7.1041627,9.168777,2.9746597,0.2855982553571203,1.5287543535232544
1,1.5263651609420776,7.0148315,9.052808,2.9386096,0.2864977232598345,1.5247820615768433
2,1.5262590646743774,6.910282,8.926224,2.8781326,0.28920036421773543,1.5362170934677124
3,1.5253702402114868,6.909274,8.9193535,2.8888443,0.29125429096358796,1.5232230424880981
4,1.5237431526184082,6.896256,8.9135895,2.861324,0.2932023071314757,1.52286696434021
5,1.5231469869613647,6.9438977,8.969291,2.892842,0.29416485827190336,1.5282052755355835
6,1.5226906538009644,6.953051,8.987536,2.8838084,0.29784138096709917,1.5257575511932373
7,1.5232834815979004,6.904691,8.925022,2.8637593,0.29762643808663364,1.5209320783615112
8,1.5209225416183472,6.770995,8.747328,2.8180664,0.29356043027870593,1.5206935405731201
9,1.522218942642212,6.8570733,8.861923,2.847103,0.2968039991156251,1.5205882787704468
0,1.5202878713607788,6.790464,8.7761,2.8189275,0.29536904742702347,1.5260101556777954
1,1.5211353302001953,6.7955155,8.788391,2.8094978,0.29477807243667736,1.5168298482894897
2,1.5180906057357788,6.6996684,8.65452,2.789705,0.2853297389136611,1.5184382200241089
3,1.5155035257339478,6.7134395,8.665256,2.8095443,0.2806022291743253,1.5188226699829102
4,1.5142239332199097,6.6525574,8.591849,2.7737148,0.27647065578956315,1.5114398002624512
5,1.513991117477417,6.6776834,8.618608,2.7955747,0.27366201728768613,1.5138764381408691
6,1.5120385885238647,6.6577363,8.593451,2.7860491,0.2715753628477297,1.5124444961547852
7,1.510120153427124,6.591272,8.513484,2.7465909,0.2718073863184381,1.5183417797088623
8,1.5114470720291138,6.6733966,8.616418,2.787096,0.2709685173647502,1.5157803297042847
9,1.508668303489685,6.668181,8.601611,2.8010666,0.27016604357536206,1.5053802728652954
0,1.5095081329345703,6.672483,8.606183,2.8048239,0.27180925620782753,1.5095045566558838
1,1.5085184574127197,6.5856977,8.502079,2.7526796,0.2698815953462945,1.5065295696258545
2,1.5073953866958618,6.6374993,8.571455,2.7693295,0.27246646702868643,1.5073047876358032
3,1.5078318119049072,6.6507664,8.589194,2.773654,0.270669597026471,1.5069807767868042
4,1.5074015855789185,6.645983,8.577757,2.7821772,0.2713470323007984,1.5115474462509155
5,1.5060619115829468,6.6635904,8.604048,2.782416,0.27243343875995096,1.504037618637085
6,1.506489634513855,6.6112146,8.530764,2.7718613,0.2694198267296451,1.5020520687103271
7,1.5047943592071533,6.825826,8.806427,2.8643627,0.2778879215485421,1.5244587659835815
8,1.5040781497955322,6.6090083,8.527614,2.7715397,0.27073633313468637,1.5058743953704834
9,1.5038472414016724,6.6513906,8.586715,2.7804844,0.27350699340596246,1.5011423826217651
0,1.5032331943511963,6.5922256,8.515691,2.745035,0.2720101222439581,1.5037662982940674
1,1.5014734268188477,6.5155053,8.410507,2.7252493,0.269620766294926,1.4959440231323242
2,1.4952269792556763,6.502166,8.392278,2.7216916,0.2686454576237449,1.4943565130233765
3,1.4909288883209229,6.554754,8.460452,2.7431006,0.2708149269444402,1.492608904838562
4,1.4910012483596802,6.5714803,8.480069,2.7540493,0.274057918035571,1.4955233335494995
5,1.4897462129592896,6.550117,8.455228,2.7396405,0.27304418436893524,1.4871842861175537
6,1.4872965812683105,6.435172,8.306077,2.6931117,0.26970946017256725,1.4881086349487305
7,1.4876086711883545,6.555025,8.459889,2.7450426,0.27598804550815326,1.4874085187911987
8,1.4854228496551514,6.457983,8.336389,2.7009242,0.2735061513023901,1.4798743724822998
9,1.4840186834335327,6.483909,8.373147,2.7051835,0.2756661234224009,1.4831888675689697
0,1.482243537902832,6.4117827,8.274164,2.6867712,0.27048831722396127,1.4854155778884888
1,1.482925534248352,6.467551,8.34936,2.7036843,0.27361441684687043,1.4792606830596924
2,1.4810798168182373,6.4480324,8.327129,2.689592,0.2745125559185528,1.4848726987838745
3,1.4815410375595093,6.413242,8.277521,2.684435,0.27393968337830793,1.4831923246383667
4,1.4791396856307983,6.4443626,8.319644,2.69355,0.27506861563645396,1.4822356700897217
5,1.4800747632980347,6.4352508,8.301163,2.7031755,0.2726426302710208,1.473646879196167
6,1.479522466659546,6.410521,8.27242,2.6864748,0.27248913648569717,1.4858977794647217
7,1.4784044027328491,6.3941274,8.25076,2.6806135,0.2715229362836521,1.475439190864563
8,1.4779949188232422,6.338688,8.184672,2.6464732,0.27088792244160703,1.4785147905349731
9,1.4775456190109253,6.5485287,8.448269,2.7487962,0.2777825199836773,1.485372543334961
0,1.476676106452942,6.4468346,8.315312,2.709631,0.27425028408165253,1.4836406707763672
1,1.47589910030365,6.37379,8.22869,2.6637416,0.2735294897929943,1.4791655540466309
2,1.4772647619247437,6.4836154,8.369191,2.7122138,0.2770077523036199,1.4734275341033936
3,1.4766361713409424,6.4900565,8.37549,2.7189362,0.2773706370938763,1.4764271974563599
4,1.474377989768982,6.4165606,8.285838,2.6777582,0.2744654499500529,1.4723190069198608
5,1.4763586521148682,6.4545174,8.333639,2.6960258,0.2762771810193402,1.4713633060455322
6,1.474071979522705,6.4477553,8.323617,2.6957798,0.2774571166450868,1.4799292087554932
7,1.4746900796890259,6.360058,8.2070055,2.665916,0.27350668228340547,1.4737565517425537
8,1.4743192195892334,6.487153,8.374206,2.7127957,0.2796833476266884,1.4732136726379395
9,1.4746679067611694,6.4727716,8.352971,2.712123,0.27715438165027895,1.478834629058838
0,1.4744924306869507,6.419971,8.286335,2.6869924,0.27819208363164766,1.473372459411621
1,1.4734190702438354,6.416311,8.282059,2.6845658,0.2762591368859201,1.4701581001281738
2,1.473158836364746,6.4331474,8.302747,2.693699,0.27853002176063607,1.4767646789550781
3,1.4730030298233032,6.4852343,8.373828,2.707795,0.2795069665966037,1.4720076322555542
4,1.4732609987258911,6.443287,8.314474,2.7006638,0.27876260162612543,1.4706681966781616
5,1.4717506170272827,6.358407,8.209431,2.656112,0.2755944004619712,1.4710633754730225
6,1.4724253416061401,6.3599057,8.21392,2.6516292,0.2765230912582218,1.4704269170761108
7,1.4729247093200684,6.453495,8.328886,2.7024584,0.2802823716563615,1.4748483896255493
8,1.4719862937927246,6.4132338,8.272403,2.6946468,0.27525047484405396,1.477858066558838
9,1.472151517868042,6.3226075,8.161557,2.6444633,0.2750096858326077,1.4786068201065063
0,1.4716389179229736,6.413194,8.278672,2.6819882,0.27876777685426873,1.468144416809082
1,1.471601963043213,6.4026103,8.267234,2.6731136,0.27902739583655345,1.4744395017623901
2,1.4709715843200684,6.4549937,8.332056,2.7006192,0.2811020966773775,1.468642234802246
3,1.4712706804275513,6.3891764,8.248885,2.6695096,0.28023578797121296,1.4702017307281494
4,1.471011757850647,6.3562517,8.201689,2.6651306,0.2793063978847052,1.466968297958374
5,1.4703233242034912,6.3871346,8.233104,2.6949484,0.27761076323392575,1.4736260175704956
6,1.4705744981765747,6.3409033,8.187368,2.6477277,0.27711072948410237,1.4690889120101929
7,1.470693826675415,6.470253,8.349823,2.7108657,0.2829865657240585,1.469421148300171
8,1.4697861671447754,6.4601974,8.337195,2.7059515,0.2827614998197461,1.4743177890777588
9,1.4705312252044678,6.3187313,8.161065,2.633819,0.2779749557898986,1.4775819778442383
0,1.4697685241699219,6.326614,8.1644945,2.6506066,0.27990927022918105,1.46430504322052
1,1.4691784381866455,6.443415,8.317175,2.6956463,0.28256610344117816,1.467024803161621
2,1.4688931703567505,6.3160033,8.151169,2.645425,0.27991930228702655,1.4763599634170532
3,1.470265507698059,6.4144716,8.278862,2.685443,0.28281653284585095,1.470282793045044
4,1.4684725999832153,6.369027,8.224084,2.6586652,0.282222361411805,1.4657366275787354
5,1.4686821699142456,6.3940206,8.253572,2.6746686,0.2823336934034909,1.4681553840637207
6,1.4686051607131958,6.3759084,8.231318,2.6648395,0.28393308161027725,1.4770065546035767
7,1.4684675931930542,6.3094077,8.149441,2.6290963,0.2813400398579686,1.4687267541885376
8,1.4685417413711548,6.3650565,8.219542,2.6558392,0.2846121887861593,1.4714112281799316
9,1.4687678813934326,6.3939037,8.258732,2.664,0.2850665138042648,1.4730216264724731
0,1.4685499668121338,6.344833,8.1875105,2.659231,0.2817580366417142,1.46451997756958
1,1.4678993225097656,6.3361545,8.17374,2.6607373,0.2815510949555019,1.4631295204162598
2,1.4669486284255981,6.35919,8.212328,2.652664,0.28384205832171977,1.4600036144256592
3,1.4669407606124878,6.3721623,8.228746,2.6587515,0.2851623058408847,1.471057653427124
4,1.4677419662475586,6.295214,8.126136,2.6331291,0.2818718755098579,1.472335696220398
5,1.4671435356140137,6.3851633,8.246871,2.6614988,0.28437330535419536,1.4660956859588623
6,1.4669305086135864,6.335615,8.179842,2.6469147,0.2825551677950883,1.4650822877883911
7,1.4671820402145386,6.379033,8.238026,2.6608005,0.2851993935247105,1.4713213443756104
8,1.467475175857544,6.2808614,8.106985,2.6283705,0.28116210945307124,1.474130630493164
9,1.4676238298416138,6.2996097,8.137701,2.623181,0.2822293669357319,1.4673575162887573
0,1.4665619134902954,6.425157,8.298716,2.6777925,0.2872998612873567,1.4658920764923096
1,1.4659868478775024,6.388842,8.247567,2.671147,0.2854955192368343,1.4721834659576416
2,1.4670158624649048,6.3278375,8.173882,2.6355019,0.2838531906505932,1.467233657836914
3,1.4663769006729126,6.4699116,8.353245,2.7029965,0.28814702526586533,1.4714829921722412
4,1.4657654762268066,6.328541,8.171353,2.642666,0.28361135369452917,1.4660606384277344
5,1.4668384790420532,6.4417043,8.325378,2.6741033,0.29035973277533905,1.472699761390686
6,1.4650859832763672,6.3657465,8.220016,2.6569614,0.2860382686491221,1.4678109884262085
7,1.4662305116653442,6.3113866,8.14831,2.6372962,0.28389969118555697,1.4663684368133545
8,1.4658173322677612,6.3603663,8.209177,2.6624985,0.2852614682744176,1.4608426094055176
9,1.46616792678833,6.348317,8.199655,2.6453965,0.2851928013436751,1.4643484354019165
0,1.4648284912109375,6.391108,8.251514,2.6700473,0.28800190542656395,1.4668192863464355
1,1.4656529426574707,6.4560657,8.3407755,2.6863935,0.2899888785086722,1.4778485298156738
2,1.465168833732605,6.331706,8.179418,2.6360378,0.28536736313782946,1.4682319164276123
3,1.46535062789917,6.290027,8.120936,2.6279662,0.28355920168957444,1.4608584642410278
4,1.464897871017456,6.32827,8.175262,2.6340373,0.28591655848411374,1.4610893726348877
5,1.4645609855651855,6.331434,8.176903,2.6402514,0.2847074112931821,1.4724247455596924
6,1.4651257991790771,6.2664013,8.089595,2.61977,0.28230267664350794,1.4670116901397705
7,1.4648044109344482,6.321655,8.161995,2.640731,0.283851752056286,1.4721717834472656
8,1.4652692079544067,6.405796,8.273571,2.669998,0.2868553614624984,1.4717916250228882
9,1.4637541770935059,6.3227706,8.158573,2.6509202,0.28365360210731666,1.4613540172576904
0,1.4645625352859497,6.3524323,8.204691,2.647668,0.2851945789049114,1.4617513418197632
1,1.463815450668335,6.4342284,8.311883,2.678668,0.29052863463048584,1.471377968788147
2,1.46373450756073,6.2668824,8.087419,2.6255655,0.28210581877900415,1.4623337984085083
3,1.4644558429718018,6.294994,8.129022,2.6266932,0.2838537493842746,1.4594645500183105
4,1.463754653930664,6.282188,8.109209,2.6279013,0.28364876790751314,1.4712555408477783
5,1.463417410850525,6.311282,8.148708,2.6361837,0.2848572469676154,1.4613393545150757
6,1.4642648696899414,6.2410364,8.058463,2.6059415,0.2837343657333263,1.4703688621520996
7,1.4641274213790894,6.3176284,8.155252,2.6421363,0.28565708728612216,1.464221715927124
8,1.4631049633026123,6.3540382,8.203539,2.6547904,0.2861683484809816,1.4672218561172485
9,1.4623680114746094,6.379856,8.235381,2.6685567,0.28848942561234125,1.4633712768554688
0,1.463868260383606,6.247702,8.065311,2.612241,0.28403151973072915,1.4681508541107178
1,1.462577223777771,6.328963,8.174065,2.6385136,0.28796265363972967,1.4633097648620605
2,1.4627342224121094,6.349574,8.200507,2.647461,0.28773211033092155,1.4649208784103394
3,1.4630329608917236,6.3202395,8.160546,2.6393805,0.28687698830756236,1.458989143371582
4,1.4617314338684082,6.273391,8.105181,2.6095662,0.2866733865323131,1.4620158672332764
5,1.4637202024459839,6.2820024,8.106547,2.632669,0.2856971171147309,1.4640767574310303
6,1.462484359741211,6.306157,8.141434,2.635357,0.28627735974030855,1.4624053239822388
7,1.4630084037780762,6.4353266,8.302254,2.7012236,0.2901191393444713,1.4627074003219604
8,1.461860179901123,6.2750826,8.100993,2.6230164,0.2858976857168344,1.4627294540405273
9,1.462188482284546,6.435356,8.305086,2.6956475,0.29151633880913924,1.4682104587554932
0,1.4620461463928223,6.329804,8.175212,2.6387424,0.2886202220331622,1.4608759880065918
1,1.461447834968567,6.248449,8.064396,2.61631,0.28369188130946704,1.457281231880188
2,1.4619468450546265,6.3255944,8.167726,2.6410878,0.28675524918429046,1.4605036973953247
3,1.462357521057129,6.319709,8.170796,2.6172874,0.28954328625983544,1.4650440216064453
4,1.4607239961624146,6.3084745,8.151368,2.622441,0.2886273081201763,1.46009361743927
5,1.4616994857788086,6.282069,8.108725,2.6285145,0.2858160602286339,1.463889241218567
6,1.4612826108932495,6.32831,8.171866,2.6409545,0.2891798140065682,1.4587907791137695
7,1.4611893892288208,6.310838,8.14344,2.6453881,0.28796387964258124,1.460431694984436
8,1.4609180688858032,6.330277,8.172707,2.6451719,0.28850418258406796,1.4648797512054443
9,1.4608255624771118,6.252484,8.073915,2.6093829,0.28578690486486363,1.465560793876648
0,1.4617834091186523,6.3195367,8.16234,2.633682,0.2887186693341051,1.4617576599121094
1,1.4606620073318481,6.2984347,8.129217,2.6366258,0.28785022511514746,1.4545177221298218
2,1.4601675271987915,6.274605,8.099517,2.6245377,0.2876380203033403,1.460499882698059
3,1.4616621732711792,6.252359,8.069408,2.618016,0.2869731870252189,1.4675288200378418
4,1.460328221321106,6.382084,8.247667,2.6506672,0.29145605007354375,1.4601919651031494
5,1.4605306386947632,6.2318454,8.044365,2.6065655,0.2859928172000644,1.4545824527740479
6,1.4597399234771729,6.333771,8.180429,2.6402047,0.2902907961470855,1.4665749073028564
7,1.4605668783187866,6.3667707,8.222365,2.6553376,0.2914543831936424,1.4645689725875854
8,1.460140585899353,6.2310643,8.049887,2.5931754,0.28714871449468066,1.4612716436386108
9,1.458897352218628,6.195841,8.002072,2.5831378,0.2855468150118958,1.453792929649353
0,1.459296703338623,6.2744484,8.104265,2.6145713,0.2891765093742891,1.4572501182556152
1,1.4595807790756226,6.2569437,8.077306,2.6159754,0.28780243486387463,1.4553430080413818
2,1.45997154712677,6.3018436,8.129126,2.6470351,0.2891324971044493,1.4586323499679565
3,1.4594706296920776,6.300577,8.1356945,2.6300979,0.2891389081672953,1.46343195438385
4,1.459773063659668,6.3292804,8.178902,2.629789,0.29123819331771833,1.4590117931365967
5,1.4599766731262207,6.1966853,8.0020685,2.5856771,0.28543167068617264,1.46421480178833
6,1.458882451057434,6.361916,8.21332,2.658863,0.2918261625531013,1.4681382179260254
7,1.4596350193023682,6.2577105,8.076169,2.6205506,0.2871019041577401,1.4585002660751343
8,1.4588582515716553,6.305526,8.142633,2.6310666,0.2894622250736683,1.4565576314926147
9,1.45905601978302,6.188332,7.988713,2.587332,0.2849583402220495,1.4586306810379028
0,1.4586470127105713,6.2531986,8.07611,2.6071355,0.2895673476101662,1.4618972539901733
1,1.4590929746627808,6.246453,8.069827,2.5994618,0.2889602453615288,1.4570872783660889
2,1.4574365615844727,6.227592,8.044985,2.5925655,0.28763698674092125,1.457273244857788
3,1.4589115381240845,6.2420545,8.0507555,2.6244113,0.2858886702940951,1.4580813646316528
4,1.4589757919311523,6.198166,8.003627,2.5870035,0.2855159534294871,1.4537018537521362
5,1.458284854888916,6.233629,8.049255,2.6021361,0.2879867343638951,1.455047607421875
6,1.4585375785827637,6.188328,7.989762,2.585218,0.28679783433892525,1.4590232372283936
7,1.458463191986084,6.2432437,8.069727,2.5900338,0.2892722425100024,1.4612808227539062
8,1.4582701921463013,6.2473493,8.06842,2.604966,0.2889131411475062,1.4555532932281494
9,1.458113193511963,6.1648803,7.963545,2.5673108,0.28648416112840075,1.4640750885009766
0,1.4581266641616821,6.2093344,8.020804,2.5861514,0.2888305366719172,1.4612575769424438
1,1.4579824209213257,6.236871,8.056844,2.596684,0.28978447700661,1.4551125764846802
2,1.4570636749267578,6.2775373,8.105061,2.6222475,0.28982092187990793,1.4576152563095093
3,1.4571257829666138,6.2328086,8.044523,2.6091378,0.28875086594095195,1.4612157344818115
4,1.4579384326934814,6.1584744,7.9468107,2.5815632,0.2847781411462448,1.4558982849121094
5,1.4563565254211426,6.1789017,7.983928,2.5686085,0.28812600365894814,1.4568064212799072
6,1.4564350843429565,6.1655636,7.9641376,2.5681775,0.28642575645395046,1.4579075574874878
7,1.457155466079712,6.304907,8.146799,2.6208758,0.2932824154575696,1.466416835784912
8,1.4563848972320557,6.2667637,8.093133,2.6137815,0.2899145983849652,1.4617278575897217
9,1.456064224243164,6.170488,7.976696,2.5578308,0.2896774218358896,1.4510606527328491
0,1.4560133218765259,6.172648,7.974252,2.569201,0.28665286751872593,1.4599926471710205
1,1.4560152292251587,6.1357727,7.926045,2.5549886,0.2865962346021527,1.4578170776367188
2,1.4550631046295166,6.1708994,7.9745607,2.563339,0.28715121529008253,1.453839659690857
3,1.4547696113586426,6.0885034,7.872712,2.5198486,0.28489262389030096,1.448256254196167
4,1.454922080039978,6.1764703,7.987967,2.5532348,0.2893111054393614,1.4596939086914062
5,1.4543647766113281,6.1363153,7.932437,2.5438333,0.2856440882725482,1.4506936073303223
6,1.4551007747650146,6.124137,7.9145885,2.542995,0.2866881533878382,1.4503370523452759
7,1.4545332193374634,6.0536923,7.8278656,2.5051086,0.28303224543060485,1.452358365058899
8,1.453076720237732,6.071306,7.8473125,2.519057,0.2836002905580406,1.4530595541000366
9,1.4533920288085938,6.1197033,7.911927,2.5350187,0.28612286450774854,1.4490089416503906
0,1.4533785581588745,6.124828,7.919389,2.5354683,0.2850472802734873,1.4499800205230713
1,1.4528331756591797,6.128843,7.920562,2.5451677,0.28623525023382057,1.45004141330719
2,1.4521318674087524,6.0805254,7.8649364,2.5114653,0.2842652363538157,1.4481931924819946
3,1.4527678489685059,6.0255804,7.792436,2.4916348,0.28263033007841076,1.4528307914733887
4,1.4518039226531982,6.0674715,7.8456736,2.5108297,0.28469587382864797,1.4548861980438232
5,1.450759768486023,6.0362244,7.8088274,2.4907825,0.28397154800545843,1.4554035663604736
6,1.4527409076690674,6.057225,7.8313994,2.508641,0.2829657503237157,1.4563850164413452
7,1.450501799583435,6.105278,7.9028983,2.5097978,0.28622257656269756,1.4461418390274048
8,1.4497710466384888,6.0398793,7.8133674,2.4926674,0.282869410842211,1.4504812955856323
9,1.4502257108688354,6.0442805,7.816458,2.4996917,0.2832196635153799,1.4514087438583374
0,1.4503231048583984,6.0817795,7.86186,2.5213783,0.2847535086927564,1.4505571126937866
1,1.4491353034973145,6.0068583,7.7698693,2.480603,0.28233157186648644,1.450638771057129
2,1.4483110904693604,6.087405,7.8715315,2.5189168,0.28511198673882676,1.4461898803710938
3,1.4487431049346924,6.038548,7.8062415,2.5029242,0.28388777435186785,1.4497110843658447
4,1.4487828016281128,6.0066257,7.7687783,2.4820848,0.2833734598163627,1.4462077617645264
5,1.4476902484893799,6.0433745,7.819226,2.491435,0.28322409533643067,1.4475481510162354
6,1.4480669498443604,6.000356,7.759874,2.481088,0.28162031902720835,1.4453884363174438
7,1.4474084377288818,5.9494596,7.695957,2.4562333,0.28083814870327634,1.4487777948379517
8,1.4467155933380127,5.959436,7.7040195,2.4700334,0.280406006905412,1.4548388719558716
9,1.4472026824951172,6.007764,7.7702136,2.4826298,0.28196024941252323,1.445895791053772
0,1.446686029434204,6.0175004,7.7744436,2.5033808,0.281525922619683,1.4468257427215576
1,1.4462721347808838,5.9603853,7.7118845,2.4571536,0.28150468099143705,1.4470951557159424
2,1.446860671043396,5.9587345,7.7022142,2.4715438,0.28027353059458665,1.4509446620941162
3,1.4454121589660645,5.966842,7.713571,2.4731522,0.2807363019796071,1.4517592191696167
4,1.4457226991653442,5.9767365,7.729823,2.4703276,0.2815134424391634,1.443342924118042
5,1.4459612369537354,5.9857516,7.7399445,2.477133,0.2818526359601468,1.4450150728225708
6,1.4454904794692993,5.970558,7.7186112,2.4742184,0.2815709492929917,1.4440512657165527
7,1.4453109502792358,5.979678,7.7319393,2.4749212,0.281672538046806,1.439571738243103
8,1.4450509548187256,5.962341,7.7157245,2.4553366,0.28204662057102764,1.4421045780181885
9,1.444536566734314,5.9916816,7.750106,2.4745994,0.28278202736772484,1.4443552494049072
0,1.4450892210006714,6.0154757,7.7826686,2.4808528,0.2824218742077865,1.4469674825668335
1,1.4442083835601807,5.966422,7.7159033,2.4672265,0.28077661000481186,1.4437612295150757
2,1.4444758892059326,6.000479,7.755461,2.4902809,0.2825639583684169,1.447852611541748
3,1.4445720911026,5.9502463,7.689003,2.4725006,0.2801702498980958,1.4461811780929565
4,1.4438937902450562,5.9925156,7.7498455,2.4776216,0.2813486106548032,1.4433470964431763
5,1.443568229675293,5.967243,7.716087,2.4693244,0.28101629107072235,1.4462878704071045
6,1.4429548978805542,5.9312744,7.664698,2.464194,0.27832135041946593,1.446065902709961
7,1.4444679021835327,5.9445567,7.6834793,2.4664795,0.27906468863079664,1.4465670585632324
8,1.4437085390090942,5.949732,7.696599,2.4557655,0.28149489909236863,1.4421113729476929
9,1.443318247795105,5.9138904,7.648238,2.4449646,0.28064881146900156,1.4498568773269653
0,1.443605899810791,5.95968,7.7047963,2.4692154,0.2808317032875634,1.4404908418655396
1,1.4429930448532104,5.96508,7.7110143,2.4729784,0.2812239639965495,1.4415162801742554
2,1.443009376525879,5.9865947,7.743096,2.4733548,0.2818882098034849,1.439270257949829
3,1.442655324935913,5.9947333,7.753132,2.4777033,0.28264560910815073,1.442630648612976
4,1.4430354833602905,6.0090394,7.7703195,2.4862473,0.28405318805686014,1.4502264261245728
5,1.4427127838134766,5.997229,7.7537346,2.4839857,0.2831211040116181,1.453796148300171
6,1.4429762363433838,5.9522204,7.701059,2.4543104,0.2827405026192588,1.44684898853302
7,1.442392110824585,5.94308,7.6896844,2.449638,0.2813286034402765,1.4425312280654907
8,1.442000150680542,5.905029,7.6390057,2.4368436,0.28163219954879376,1.4430153369903564
9,1.442428708076477,5.9878764,7.740158,2.4830806,0.2812793137689153,1.4386324882507324
0,1.442062258720398,5.95551,7.70302,2.4602556,0.28092411234935516,1.4436923265457153
1,1.442236065864563,5.922476,7.656527,2.4541419,0.2791145485512928,1.4431027173995972
2,1.4420840740203857,5.918306,7.6555448,2.4435961,0.2798276005038962,1.4428918361663818
3,1.441413164138794,5.9372687,7.6818814,2.4478128,0.2810620477513593,1.4450273513793945
4,1.4419305324554443,5.8932185,7.620516,2.4383945,0.27854719762403984,1.4421768188476562
5,1.441141128540039,5.9476714,7.691819,2.4591448,0.28165494599561597,1.4427226781845093
6,1.4410475492477417,5.929928,7.6711283,2.447297,0.280302640674582,1.4478319883346558
7,1.4418834447860718,5.9535503,7.6999454,2.4605277,0.28203913379761686,1.440844178199768
8,1.4403326511383057,5.9677114,7.72253,2.4578424,0.2848302038141009,1.4441735744476318
9,1.4411638975143433,5.9235563,7.6596265,2.4511862,0.27994233120005463,1.4450870752334595
0,1.4414288997650146,5.85351,7.571116,2.4180696,0.2773678767914457,1.4437482357025146
1,1.440637230873108,5.948714,7.6971245,2.4516587,0.28205979914713325,1.4402275085449219
2,1.4409189224243164,5.936392,7.6795006,2.4499414,0.2833905007799191,1.442087173461914
3,1.4400649070739746,5.8965497,7.626179,2.437058,0.27957752139691716,1.4370445013046265
4,1.4410837888717651,5.9902015,7.744976,2.4804204,0.28337770859552436,1.4400862455368042
5,1.4399768114089966,5.91646,7.6494966,2.4501567,0.28038180057125295,1.4401490688323975
6,1.4406474828720093,5.932941,7.673433,2.4517257,0.28026569630985315,1.4398213624954224
7,1.440299153327942,5.9183726,7.6561265,2.4426346,0.28067992626120747,1.4420524835586548
8,1.4406659603118896,5.897498,7.6300383,2.43219,0.2794946440600212,1.4375689029693604
9,1.4396733045578003,5.963784,7.714668,2.461784,0.2837327550759906,1.4379929304122925
0,1.4397205114364624,5.988672,7.7473874,2.4710047,0.28394103130903403,1.4362174272537231
1,1.4395337104797363,5.8604684,7.5816865,2.4178014,0.2788451894479996,1.4383511543273926
2,1.4389784336090088,5.9192348,7.6503525,2.456769,0.2796769427612547,1.4455381631851196
3,1.4400383234024048,5.9866576,7.744892,2.4699557,0.2836395333682984,1.4495619535446167
4,1.4394807815551758,5.9067945,7.642442,2.4352658,0.27947566699744447,1.438366174697876
5,1.4380722045898438,5.9338493,7.673739,2.4538376,0.2802328778963733,1.438942313194275
6,1.4387123584747314,5.9279666,7.671221,2.4412274,0.2809170890375965,1.4421164989471436
7,1.4385062456130981,5.8897123,7.617844,2.433218,0.2799509311752841,1.4476505517959595
8,1.4387980699539185,5.917042,7.6567726,2.4373493,0.2800699267388435,1.443515658378601
9,1.4379467964172363,5.9005594,7.6322093,2.4370296,0.2790777093562084,1.4349045753479004
0,1.4372482299804688,5.9523726,7.6937175,2.469452,0.28077716899981686,1.4389821290969849
1,1.437888503074646,5.931568,7.6703596,2.4537535,0.27974106492910794,1.4396023750305176
2,1.4370052814483643,5.95002,7.694992,2.4598453,0.28058697598376453,1.444248914718628
3,1.437546968460083,5.903983,7.6312046,2.4493082,0.27857660492358644,1.437554121017456
4,1.4365566968917847,5.924831,7.666557,2.4411454,0.2808718474785095,1.4376311302185059
5,1.4380933046340942,5.9070697,7.6461415,2.4286933,0.28093473825259757,1.449873685836792
6,1.437434434890747,5.9069557,7.6467724,2.4270902,0.2819041717640315,1.4395334720611572
7,1.4369268417358398,5.9732504,7.7364945,2.4465263,0.28436578873863316,1.444702386856079
8,1.4366534948349,5.854369,7.5729513,2.416977,0.2792520935893991,1.439022421836853
9,1.436583161354065,5.8813705,7.6113954,2.4210916,0.2808884152382511,1.4406859874725342
0,1.4373009204864502,5.873098,7.598303,2.4224572,0.27785538134450105,1.4356374740600586
1,1.4363120794296265,5.954322,7.7081122,2.4465103,0.28302326507064846,1.4370787143707275
2,1.4357978105545044,5.939727,7.688563,2.4418223,0.2805914313365948,1.4349807500839233
3,1.437461495399475,5.8721766,7.6002374,2.415823,0.2781793315308916,1.433523416519165
4,1.4367691278457642,5.929884,7.67297,2.4434814,0.28171504520270446,1.4366463422775269
5,1.4357854127883911,5.9137526,7.651663,2.4377,0.2809272075035396,1.4351156949996948
6,1.4362854957580566,5.944019,7.689472,2.452878,0.28128813070101427,1.434119462966919
7,1.4353750944137573,5.9023013,7.630868,2.4449356,0.2785671658091434,1.4373743534088135
8,1.4355720281600952,5.8432655,7.5625525,2.4044614,0.27818958412121186,1.4369417428970337
9,1.436179280281067,5.8564363,7.5801344,2.408812,0.27922849235128133,1.4403890371322632
0,1.4359828233718872,6.026066,7.8013654,2.4752297,0.28553103883738795,1.4430285692214966
1,1.4361960887908936,5.908736,7.645164,2.4356508,0.2795451055007635,1.4308056831359863
2,1.435479760169983,5.9416647,7.685114,2.4545333,0.2814746419157727,1.4379810094833374
3,1.4354455471038818,5.9042387,7.6369905,2.4385042,0.27934557956323036,1.4386014938354492
4,1.4356942176818848,5.8578076,7.5774336,2.4183288,0.27815992948025325,1.4362958669662476
5,1.4356064796447754,5.8720193,7.600716,2.4143972,0.27913760580066593,1.4379574060440063
6,1.435430645942688,5.8565574,7.575213,2.419016,0.2769933088363434,1.435978889465332
7,1.434351921081543,5.890186,7.6162744,2.4377785,0.27825999603693785,1.4309002161026
8,1.4355045557022095,5.8663926,7.587761,2.4234242,0.2780242358937559,1.4390159845352173
9,1.4352225065231323,5.860419,7.5825987,2.4158309,0.2783058218440097,1.4391957521438599
0,1.435221552848816,5.874536,7.5997458,2.4238858,0.27891132540829394,1.4364748001098633
1,1.4353910684585571,5.932284,7.6721644,2.4522915,0.2812371816191063,1.433281660079956
2,1.4351364374160767,5.9285145,7.6679125,2.4494874,0.2798584434037213,1.4409797191619873
3,1.435313105583191,6.018955,7.7891617,2.478309,0.28538498428276177,1.4476568698883057
4,1.4353669881820679,5.8714943,7.5979443,2.4183662,0.2795465131056107,1.439095139503479
5,1.4345470666885376,5.9200563,7.661441,2.437056,0.2831392937345545,1.434069275856018
6,1.4349663257598877,5.8845263,7.61273,2.4278858,0.27912446272527985,1.4367867708206177
7,1.4349114894866943,5.8965144,7.6284924,2.4323273,0.28128028396032534,1.4421535730361938
8,1.4343537092208862,5.8904986,7.6183844,2.434496,0.27895502215505863,1.4367293119430542
9,1.4346109628677368,5.8331304,7.5488005,2.40156,0.2780455814984872,1.4359031915664673
0,1.4346145391464233,5.8757033,7.604427,2.4180276,0.27934122388540406,1.433324933052063
1,1.4340436458587646,5.8726387,7.595247,2.4271946,0.27835398557770114,1.4354685544967651
2,1.4350779056549072,5.9221253,7.664203,2.4377387,0.28123248359276853,1.4370222091674805
3,1.4343189001083374,5.905137,7.637587,2.4400084,0.27879523272192974,1.4337738752365112
4,1.4339056015014648,5.912951,7.6526747,2.4332728,0.280861140165681,1.4336388111114502
5,1.4355665445327759,5.8277373,7.534602,2.41378,0.27496401698009887,1.442978024482727
6,1.4337135553359985,5.895352,7.63524,2.4153426,0.2799966639470589,1.4368045330047607
7,1.4340592622756958,5.946906,7.696105,2.448275,0.28250399030820617,1.4378894567489624
8,1.4338346719741821,5.989331,7.755812,2.456131,0.2842985622899662,1.438597321510315
9,1.4343769550323486,5.9894342,7.7477617,2.472547,0.2822766873411641,1.439221978187561
0,1.4338047504425049,5.8975263,7.6281886,2.4359696,0.2783367526358441,1.4329739809036255
1,1.4336174726486206,5.8165665,7.52466,2.400153,0.2756368753710107,1.431390404701233
2,1.4334921836853027,5.8928366,7.6216283,2.4350204,0.2792371833902942,1.4336121082305908
3,1.43343985080719,5.9097934,7.6474333,2.4342835,0.280100759602429,1.4326704740524292
4,1.4346723556518555,5.9023046,7.6371555,2.4323714,0.27985971413830957,1.4343546628952026
5,1.4334317445755005,5.9071164,7.6430416,2.435034,0.2789984147511956,1.4320554733276367
6,1.4337483644485474,5.860871,7.589011,2.4043608,0.28069383120363367,1.4351011514663696
7,1.4333699941635132,5.886194,7.6167746,2.4248033,0.2794046308728933,1.4349570274353027
8,1.4332979917526245,5.942663,7.6819654,2.4638286,0.2805537940778836,1.4336459636688232
9,1.4344121217727661,5.8492126,7.5630717,2.4212656,0.2759936919049473,1.43121337890625
0,1.433469295501709,5.870514,7.5990705,2.4131725,0.27844159177314054,1.4304213523864746
1,1.4337245225906372,5.824021,7.535735,2.4003644,0.2764218302155863,1.4312087297439575
2,1.4329508543014526,6.0169997,7.7931533,2.4644558,0.2845789379895126,1.4427357912063599
3,1.4338821172714233,5.8193526,7.5243993,2.409034,0.27561333975948216,1.436556339263916
4,1.4324321746826172,5.86171,7.581151,2.422597,0.2781347209583304,1.428804874420166
5,1.4323736429214478,5.8562717,7.5779195,2.4127455,0.27839759863570346,1.43122398853302
6,1.4325318336486816,5.8574877,7.580578,2.411074,0.27861847134052115,1.430206298828125
7,1.433514952659607,5.9109077,7.6470356,2.4384203,0.280161286495631,1.4312779903411865
8,1.4331434965133667,5.8941345,7.623833,2.4345071,0.2795284382445085,1.4305245876312256
9,1.4323676824569702,5.89504,7.6344748,2.4159405,0.279713346617843,1.4357632398605347
0,1.4324511289596558,5.8468556,7.562606,2.4151268,0.2768551837866942,1.4346821308135986
1,1.4321813583374023,5.881027,7.611448,2.4199538,0.27879775208889807,1.4290637969970703
2,1.432253360748291,5.9422693,7.6926565,2.441262,0.2807070539400547,1.4338480234146118
3,1.4321733713150024,5.8825483,7.610793,2.42583,0.27909266044696024,1.4344165325164795
4,1.4324294328689575,5.8985953,7.626449,2.4426606,0.27858155652465394,1.4284690618515015
5,1.433104157447815,5.8474455,7.5650487,2.412008,0.2771797557669588,1.433188557624817
6,1.4314392805099487,5.82754,7.5365176,2.4093556,0.27546099123602386,1.4357637166976929
7,1.433054804801941,5.883802,7.609768,2.431642,0.2794817626061673,1.4288147687911987
8,1.4309161901474,5.9026346,7.6423626,2.4229472,0.28074593605491316,1.4306334257125854
9,1.430768370628357,5.8777432,7.609087,2.414826,0.28012948034331664,1.4306765794754028
0,1.4292187690734863,5.87479,7.607131,2.4098763,0.27950908555700293,1.4367519617080688
1,1.4279710054397583,5.78312,7.4836593,2.3818147,0.27662088880379054,1.4301320314407349
2,1.4285508394241333,5.8615475,7.5861754,2.4120624,0.27943956534631537,1.4334073066711426
3,1.4270793199539185,5.798228,7.499591,2.3952746,0.27509424876452837,1.4293276071548462
4,1.427124261856079,5.8845053,7.6208262,2.4116304,0.28078203582472194,1.430019497871399
5,1.4269096851348877,5.8533807,7.573242,2.4134278,0.2786562442092206,1.4348399639129639
6,1.4263726472854614,5.8518205,7.5722384,2.410754,0.2813848959429792,1.4275662899017334
7,1.4261257648468018,5.792328,7.4994755,2.3778033,0.27742261828439596,1.428805947303772
8,1.4263513088226318,5.845898,7.5653524,2.4067616,0.2790603292363242,1.4264410734176636
9,1.425933599472046,5.9227676,7.660896,2.4462793,0.2821678720254762,1.436010479927063
0,1.425022840499878,5.819579,7.5278654,2.4027796,0.27642666165937285,1.4295530319213867
1,1.4245208501815796,5.8371067,7.55217,2.4067543,0.27738245788469573,1.424073576927185
2,1.424293875694275,5.9027004,7.636301,2.4352677,0.28054512927882047,1.428224802017212
3,1.4249159097671509,5.857409,7.579971,2.4120567,0.27874328242201374,1.4225678443908691
4,1.4245021343231201,5.8286123,7.5452504,2.3951077,0.27859451281176356,1.430921196937561
5,1.423270344734192,5.8235817,7.5385737,2.3933692,0.27714688677337046,1.424611210823059
6,1.4239436388015747,5.7916293,7.4891047,2.3964546,0.27581306024170416,1.4246612787246704
7,1.4235097169876099,5.8093047,7.518126,2.3914344,0.27656696424109484,1.4225773811340332
8,1.4243587255477905,5.847114,7.5704637,2.4001858,0.2802226391890042,1.424627661705017
9,1.4230488538742065,5.7830358,7.4805403,2.387802,0.2752004156628753,1.4288345575332642
0,1.4227187633514404,5.8628926,7.5901937,2.4080584,0.28059823518525284,1.4272414445877075
1,1.4231871366500854,5.823549,7.5331993,2.4040208,0.27743952365733293,1.4219014644622803
2,1.4233906269073486,5.8142185,7.5175047,2.4074185,0.27591611973817554,1.424193263053894
3,1.4230597019195557,5.843265,7.5585003,2.4125667,0.2787423470560958,1.421439290046692
4,1.422204852104187,5.796919,7.4978375,2.3948526,0.27712591777556855,1.4247363805770874
5,1.4222594499588013,5.799285,7.5060215,2.3855839,0.27765771305631015,1.4179421663284302
6,1.4228107929229736,5.789434,7.494357,2.37936,0.27636797779345734,1.4199481010437012
7,1.4224406480789185,5.8319707,7.5357885,2.4241092,0.27644651711007245,1.4228909015655518
8,1.4220954179763794,5.8300066,7.545529,2.3987346,0.27852439044306443,1.4193130731582642
9,1.4227006435394287,5.826045,7.5404058,2.397094,0.27952632955565376,1.4217617511749268
0,1.4215093851089478,5.8388877,7.5547333,2.4069688,0.27755200730375096,1.4215161800384521
1,1.4230616092681885,5.772912,7.4693484,2.3798134,0.27510028578849915,1.4186058044433594
2,1.421396017074585,5.785392,7.486993,2.3819628,0.2776677263794699,1.4268966913223267
3,1.4222882986068726,5.736516,7.423119,2.3630855,0.27424906553820916,1.4235775470733643
4,1.4215941429138184,5.8239965,7.543555,2.3846493,0.281636264505123,1.42271888256073
5,1.4220069646835327,5.8540483,7.5783186,2.4052765,0.2817138396222101,1.4332600831985474
6,1.4223347902297974,5.84435,7.562902,2.4070177,0.2792283034882931,1.4205213785171509
7,1.4212656021118164,5.79734,7.50043,2.3909326,0.2762125071213368,1.4275844097137451
8,1.4216206073760986,5.800666,7.503115,2.3955402,0.27688456621263374,1.4258545637130737
9,1.4216179847717285,5.7676945,7.4646573,2.3735425,0.27573261296243534,1.4183717966079712
0,1.4221194982528687,5.796526,7.49649,2.3963711,0.27578663052178354,1.4213221073150635
1,1.4207385778427124,5.7595334,7.45104,2.3762972,0.2756927714886918,1.4165129661560059
2,1.4213793277740479,5.986234,7.744673,2.469119,0.2842870405527991,1.4370002746582031
3,1.4215331077575684,5.819207,7.533893,2.3896074,0.2790048166884967,1.4242838621139526
4,1.421931505203247,5.8420615,7.5572524,2.411452,0.2771739078935083,1.4198858737945557
5,1.4214674234390259,5.7781186,7.468378,2.3973746,0.27467265937854823,1.4216217994689941
6,1.4203635454177856,5.851513,7.567609,2.4190905,0.2784170254349015,1.424344778060913
7,1.4214938879013062,5.826692,7.543739,2.392371,0.2801933290317236,1.4213719367980957
8,1.4213004112243652,5.7529488,7.4466143,2.3653927,0.2747528474764365,1.4169094562530518
9,1.420512318611145,5.794941,7.4965787,2.3914387,0.27520806654056357,1.420900821685791
0,1.4208478927612305,5.830682,7.546145,2.3995275,0.2779901808127494,1.420589566230774
1,1.421134114265442,5.8501725,7.5738807,2.4025278,0.277770921955674,1.4225389957427979
2,1.4215677976608276,5.7771983,7.4706874,2.3899941,0.27443815236522445,1.4219188690185547
3,1.4206175804138184,5.8091373,7.5143137,2.3985577,0.2767096702347461,1.4215681552886963
4,1.420206069946289,5.7684464,7.465401,2.3743083,0.2760172875376343,1.4202388525009155
5,1.420453667640686,5.8595514,7.5843697,2.4096844,0.2787603440735544,1.4235073328018188
6,1.4209961891174316,5.83926,7.556375,2.4047985,0.2796690723733047,1.429062843322754
7,1.420601487159729,5.787947,7.4915733,2.380469,0.27715425063521365,1.4204570055007935
8,1.4217294454574585,5.757904,7.4527984,2.3678901,0.2759880163715127,1.4165207147598267
9,1.4201654195785522,5.795195,7.497537,2.3902855,0.2747763534581185,1.4244627952575684
0,1.421095609664917,5.818366,7.5206866,2.4134982,0.2767134186697049,1.419510841369629
1,1.4199426174163818,5.817659,7.528143,2.3964627,0.27748066817814476,1.4165980815887451
2,1.4205350875854492,5.826118,7.5386724,2.4007795,0.2771362967699351,1.4265263080596924
3,1.4209001064300537,5.7904654,7.494112,2.3829432,0.27655882341183985,1.4210160970687866
4,1.4195334911346436,5.7884517,7.487577,2.3899736,0.2746731371290983,1.4217727184295654
5,1.4206846952438354,5.7634883,7.457102,2.3760347,0.27673556859615883,1.422399878501892
6,1.4203834533691406,5.791912,7.493402,2.3887038,0.2776313968314855,1.4213162660598755
7,1.419679045677185,5.8008933,7.511103,2.3802454,0.2769288349188949,1.4214811325073242
8,1.420088291168213,5.8174176,7.530887,2.3902507,0.27734235630822035,1.4177806377410889
9,1.420249104499817,5.786842,7.490675,2.3789492,0.2770779287923284,1.4210487604141235
0,1.4200716018676758,5.7054586,7.391161,2.3338299,0.2753139078975283,1.4230984449386597
1,1.4197922945022583,5.7652187,7.4580283,2.3793736,0.2753709631752585,1.4169062376022339
2,1.4200379848480225,5.789903,7.4923825,2.3847172,0.27772473130696607,1.4175673723220825
3,1.4194996356964111,5.799803,7.5077863,2.3836076,0.2762418264374806,1.4162002801895142
4,1.419568419456482,5.7327466,7.4163027,2.36541,0.2747551558219323,1.4171689748764038
5,1.4201650619506836,5.775651,7.476153,2.3744206,0.2757111303195138,1.4174907207489014
6,1.4197685718536377,5.8225594,7.530969,2.405513,0.2785058916165107,1.4227657318115234
7,1.4194748401641846,5.846677,7.566218,2.4073615,0.27825708896378776,1.4210824966430664
8,1.4198583364486694,5.79209,7.4919443,2.3921552,0.27596369009285726,1.4211890697479248
9,1.4195599555969238,5.7807455,7.4789023,2.384204,0.2756050479770707,1.421604037284851
0,1.4201730489730835,5.820241,7.532084,2.396326,0.27625960003054034,1.424177646636963
1,1.4190435409545898,5.8315787,7.5445633,2.4053812,0.27788526145134845,1.4171730279922485
2,1.419081211090088,5.775656,7.4710097,2.3847227,0.27466124504366374,1.4158809185028076
3,1.4190407991409302,5.8003416,7.5136957,2.3734076,0.27790219609886435,1.419809103012085
4,1.4195438623428345,5.891278,7.619124,2.4353554,0.27921422383964456,1.4268947839736938
5,1.4203089475631714,5.80739,7.5144706,2.3930027,0.27648560694530555,1.4160575866699219
6,1.4184842109680176,5.7766724,7.474992,2.3798046,0.2763082278440721,1.413811206817627
7,1.4190458059310913,5.7897344,7.497512,2.3739507,0.27819785260421576,1.413455605506897
8,1.4191842079162598,5.8125286,7.52427,2.3888154,0.2789457150753481,1.419837236404419
9,1.418967843055725,5.8402267,7.5532713,2.4139075,0.27744024792324407,1.4206628799438477
0,1.4187835454940796,5.7974377,7.5040226,2.3840404,0.2761617754613043,1.415799856185913
1,1.4187004566192627,5.7680936,7.4587774,2.3865006,0.27545093718110614,1.4161646366119385
2,1.4194880723953247,5.858915,7.5875225,2.4014676,0.2804931334123276,1.4221657514572144
3,1.418294072151184,5.7930746,7.501633,2.3757286,0.27830175487377673,1.4145259857177734
4,1.4181843996047974,5.7849126,7.4802856,2.3939414,0.2762176101460906,1.4151917695999146
5,1.4192711114883423,5.7825527,7.485307,2.3768167,0.27666600801186675,1.4144858121871948
6,1.41913640499115,5.78176,7.478094,2.3888652,0.2758957971761757,1.4189144372940063
7,1.4178880453109741,5.744863,7.4263253,2.3817124,0.2736159583295957,1.4170517921447754
8,1.4189164638519287,5.8461137,7.571317,2.3954773,0.2800486546981202,1.4203435182571411
9,1.4188686609268188,5.822378,7.537208,2.3924918,0.27788637311614456,1.4226258993148804
0,1.4188100099563599,5.8269463,7.5369997,2.4066093,0.27669302198445994,1.418636679649353
1,1.418152928352356,5.77637,7.4732113,2.3824632,0.27701998284600554,1.4168285131454468
2,1.4186447858810425,5.8105006,7.519906,2.3914614,0.2783315667221307,1.4125036001205444
3,1.418560266494751,5.7939014,7.496036,2.389404,0.2774173493453026,1.4188328981399536
4,1.4180413484573364,5.825538,7.532706,2.4109757,0.2785296311080847,1.4216835498809814
5,1.4184939861297607,5.823193,7.5388474,2.3916545,0.27925964922551866,1.4177391529083252
6,1.4182143211364746,5.787528,7.4810038,2.4003508,0.2752703061820612,1.4188255071640015
7,1.4178798198699951,5.805039,7.5037947,2.4073005,0.27647357791088356,1.4202007055282593
8,1.4178781509399414,5.815017,7.5242205,2.3963826,0.27721090231259937,1.4146296977996826
9,1.4181532859802246,5.8743944,7.608539,2.405874,0.2796360019215092,1.413935899734497
0,1.4178582429885864,5.7718625,7.4667077,2.3819463,0.27699238003650034,1.4209928512573242
1,1.418172836303711,5.7611547,7.4567223,2.3697925,0.27619992035561697,1.423314094543457
2,1.419166088104248,5.7508273,7.4386053,2.3750446,0.2743712687947148,1.4151331186294556
3,1.4179579019546509,5.730846,7.4140525,2.364207,0.27482303929790797,1.4181913137435913
4,1.4189037084579468,5.777199,7.4797554,2.371861,0.27826557764735593,1.4191267490386963
5,1.4181694984436035,5.808449,7.517055,2.3910096,0.2781451526056813,1.422534465789795
6,1.4171791076660156,5.813146,7.5253525,2.3885062,0.2786767325829983,1.4200166463851929
7,1.4180049896240234,5.8298764,7.544188,2.4010239,0.27797156101501297,1.4133034944534302
8,1.4169714450836182,5.7752256,7.470488,2.3844743,0.2764550535888338,1.4146150350570679
9,1.4176216125488281,5.793409,7.49809,2.3838189,0.2762531963130482,1.415481448173523
0,1.4177168607711792,5.743794,7.433353,2.3644495,0.2747931735788585,1.4149426221847534
1,1.41804838180542,5.825289,7.544486,2.3866675,0.2796097423670551,1.4182515144348145
2,1.4178510904312134,5.8471203,7.5564475,2.4282398,0.27821872110527485,1.4185017347335815
3,1.4176369905471802,5.7634807,7.45585,2.378516,0.274186598238885,1.4205207824707031
4,1.4179656505584717,5.763369,7.449087,2.3917072,0.2740115598262851,1.420541763305664
5,1.4173110723495483,5.845607,7.568262,2.4000666,0.27920464206648976,1.421723484992981
6,1.4178519248962402,5.8061275,7.512865,2.3924234,0.27639727193610836,1.4119539260864258
7,1.4172217845916748,5.7635074,7.4547553,2.3807871,0.2734061079677215,1.4205316305160522
8,1.4179662466049194,5.8168273,7.5296593,2.3909364,0.2775501320043256,1.4197454452514648
9,1.4175320863723755,5.836052,7.558275,2.3913758,0.2797220306462955,1.4237030744552612
0,1.4170384407043457,5.841225,7.5592704,2.4049072,0.27815918208086066,1.4245349168777466
1,1.417597770690918,5.748672,7.4352098,2.3753717,0.2731925357511935,1.4179903268814087
2,1.417973518371582,5.7373934,7.4216423,2.368669,0.2734909634524143,1.4224398136138916
3,1.4170423746109009,5.7165985,7.3890347,2.3715024,0.27264946540411217,1.4148536920547485
4,1.4182237386703491,5.755025,7.4485865,2.3676748,0.27541454296093837,1.4185627698898315
5,1.4172093868255615,5.8556356,7.5862007,2.394274,0.28129899140479075,1.4181386232376099
6,1.4172296524047852,5.7540555,7.447675,2.3665912,0.27444103073223913,1.4194940328598022
7,1.4181249141693115,5.7858357,7.484145,2.3889885,0.27548961714994646,1.417800784111023
8,1.4170035123825073,5.7554646,7.44257,2.3810291,0.2756611028704558,1.4210761785507202
9,1.4178667068481445,5.774841,7.4746056,2.3750834,0.27542830298855914,1.4188207387924194
0,1.4167035818099976,5.7649045,7.4589796,2.376528,0.27570411439696946,1.4171737432479858
1,1.4174978733062744,5.7561607,7.445402,2.3774502,0.2736839271200777,1.4163621664047241
2,1.417930006980896,5.800306,7.509568,2.3815513,0.27772115134218867,1.4203624725341797
3,1.416977882385254,5.729103,7.4124904,2.3621025,0.2725416508532661,1.4166619777679443
4,1.417222023010254,5.8001785,7.502864,2.3945825,0.2758043786241253,1.4149940013885498
5,1.4175125360488892,5.842366,7.5640574,2.3987553,0.27953985488681315,1.4269789457321167
6,1.4170149564743042,5.843492,7.5585814,2.4130838,0.2794142099414347,1.4166619777679443
7,1.416503667831421,5.7602005,7.451517,2.37734,0.27492534847817546,1.4147329330444336
8,1.4168633222579956,5.803953,7.511112,2.389408,0.2777803314963654,1.4153608083724976
9,1.4168877601623535,5.8067203,7.510263,2.3994057,0.2762992579896059,1.4173349142074585
0,1.4168137311935425,5.854411,7.5808544,2.4012961,0.2806325184485075,1.4222979545593262
1,1.4173489809036255,5.801003,7.5106597,2.381464,0.27719608248830785,1.420073390007019
2,1.4169836044311523,5.827085,7.540947,2.3991332,0.27680735681693946,1.4219118356704712
3,1.416867733001709,5.7936063,7.5003147,2.3799613,0.27722837000404127,1.4155973196029663
4,1.4161936044692993,5.763082,7.4544897,2.3800426,0.2751572044968078,1.417929768562317
5,1.4173521995544434,5.7568192,7.4487615,2.3727088,0.27455261315342133,1.419650673866272
6,1.4170728921890259,5.8172064,7.5278068,2.3957765,0.27649943317015974,1.4237427711486816
7,1.4165674448013306,5.784637,7.48353,2.3866258,0.27646442987036324,1.4185893535614014
8,1.4164228439331055,5.7207456,7.406287,2.3494372,0.2747964547968242,1.4150233268737793
9,1.4171730279922485,5.770248,7.4702873,2.369941,0.27647986314217715,1.420685052871704
0,1.4166643619537354,5.7956467,7.499018,2.3886757,0.27697619093855375,1.4145176410675049
1,1.4162898063659668,5.736996,7.427241,2.356281,0.27612342874714674,1.4147733449935913
2,1.41680109500885,5.7590528,7.448176,2.3805797,0.2746909993826571,1.4190127849578857
3,1.4159597158432007,5.786587,7.49258,2.3743756,0.2774973227311829,1.4126836061477661
4,1.416510820388794,5.7888184,7.490779,2.38467,0.27592868033673423,1.4119492769241333
5,1.416442632675171,5.7331014,7.4184494,2.3621821,0.2749685236331603,1.4156540632247925
6,1.417065143585205,5.7717667,7.466169,2.3827374,0.2759947751114936,1.421478271484375
7,1.4160515069961548,5.773506,7.471622,2.3770502,0.2775613057293612,1.4145723581314087
8,1.4164496660232544,5.7757998,7.4660916,2.3949897,0.2753485450666029,1.416325330734253
9,1.416961431503296,5.851352,7.575537,2.4027553,0.28207668767017174,1.430564284324646
0,1.4164704084396362,5.8687778,7.595649,2.4148066,0.2800491203312022,1.428633213043213
1,1.4151041507720947,5.830778,7.5551777,2.381752,0.2811624194098383,1.4220240116119385
2,1.41617751121521,5.7480693,7.4398794,2.3642213,0.276829093014367,1.4204859733581543
3,1.4156501293182373,5.8552494,7.578638,2.408242,0.2808792612366701,1.4286850690841675
4,1.4165364503860474,5.775422,7.48086,2.3643181,0.27743455760559077,1.419885516166687
5,1.4166470766067505,5.7685084,7.4724693,2.36036,0.2777853683449099,1.4119789600372314
6,1.4156335592269897,5.7866898,7.4919424,2.3759575,0.278846323729903,1.4171222448349
7,1.4165195226669312,5.7475224,7.4381824,2.365977,0.2767913120029164,1.4096612930297852
8,1.4169201850891113,5.778967,7.471036,2.394601,0.27620550126238136,1.412265658378601
9,1.416377305984497,5.725624,7.4081187,2.3604095,0.27493198260836466,1.4144082069396973
0,1.4154411554336548,5.753119,7.444355,2.3704226,0.27606682144675243,1.4111284017562866
1,1.4156988859176636,5.7670445,7.4663005,2.3683057,0.27762269646717497,1.414208173751831
2,1.4164018630981445,5.794076,7.498276,2.3854501,0.27877259450694103,1.416849136352539
3,1.4153879880905151,5.7673917,7.464063,2.3738213,0.27549692681601806,1.4164375066757202
4,1.4157898426055908,5.7525554,7.4449863,2.3674679,0.27701537572711826,1.4138672351837158
5,1.415450930595398,5.754619,7.449384,2.364863,0.27525582358774137,1.4269770383834839
6,1.4148880243301392,5.7827635,7.482283,2.3834982,0.2766597642030774,1.4124139547348022
7,1.415364146232605,5.7766905,7.4753084,2.3792288,0.2768571598427243,1.4163784980773926
8,1.4160557985305786,5.8016505,7.510757,2.3832097,0.2786336682112171,1.4197965860366821
9,1.4152607917785645,5.786693,7.4886484,2.382555,0.2759422446509856,1.425368309020996
0,1.416229486465454,5.7570105,7.4528503,2.3651028,0.2753061045361182,1.4169050455093384
1,1.4152781963348389,5.836343,7.5497437,2.4093142,0.27849948910283717,1.4208143949508667
2,1.4152817726135254,5.8012433,7.5101347,2.3832328,0.27897349315674774,1.4183074235916138
3,1.4157814979553223,5.733907,7.417819,2.3658586,0.2747924342716771,1.4099713563919067
4,1.4150431156158447,5.733647,7.423716,2.3532817,0.2748432109307948,1.4151806831359863
5,1.4156523942947388,5.774504,7.4774613,2.3683634,0.27723196345762297,1.4204291105270386
6,1.4158624410629272,5.7594433,7.456313,2.3654761,0.27582967383736784,1.4129564762115479
7,1.4147566556930542,5.773445,7.478389,2.3633318,0.27701085798285635,1.4162977933883667
8,1.416100263595581,5.7515635,7.4444385,2.3655906,0.2752213630442461,1.4225562810897827
9,1.4153918027877808,5.7804694,7.48513,2.3709219,0.2765126245899109,1.4135916233062744
0,1.414559006690979,5.7675486,7.460683,2.3810554,0.2750388364020838,1.4151324033737183
1,1.4155529737472534,5.7236333,7.403921,2.3628364,0.27387622702066144,1.41851806640625
2,1.4154609441757202,5.78646,7.4942474,2.3706577,0.27748166248873285,1.4182894229888916
3,1.4150874614715576,5.7602744,7.45145,2.3776965,0.27536886802573896,1.4114266633987427
4,1.4163912534713745,5.7383337,7.429178,2.3564186,0.27595021062520264,1.4148449897766113
5,1.4155782461166382,5.807041,7.519551,2.3817935,0.2795483056834617,1.418216586112976
6,1.4152251482009888,5.7462435,7.437379,2.363748,0.27577160054578753,1.413657307624817
7,1.4147709608078003,5.7700715,7.469756,2.3704743,0.27739387983826247,1.4176024198532104
8,1.4153600931167603,5.774432,7.4764805,2.3701084,0.2767407985313806,1.4184086322784424
9,1.41522216796875,5.76745,7.4633613,2.3754,0.27687629526098234,1.4136483669281006
0,1.4151555299758911,5.760795,7.4553285,2.3715024,0.27703569312457754,1.4113658666610718
1,1.4148740768432617,5.819002,7.5295563,2.3976655,0.2789161952249504,1.4129539728164673
2,1.416447401046753,5.761632,7.45655,2.3715708,0.27709397257666035,1.4156532287597656
3,1.4147429466247559,5.773764,7.4770207,2.3670235,0.2769703254256833,1.4159607887268066
4,1.4150768518447876,5.7388763,7.4241652,2.3680751,0.27535328439274115,1.416619062423706
5,1.4146538972854614,5.8668146,7.6014686,2.3972769,0.28210517353404424,1.423043966293335
6,1.4150723218917847,5.755132,7.451343,2.3624847,0.2771873355189351,1.4174317121505737
7,1.4146223068237305,5.804189,7.5109816,2.3903778,0.2779601251957733,1.4168038368225098
8,1.4147593975067139,5.761688,7.457038,2.3707607,0.2771266483248135,1.422468900680542
9,1.4142242670059204,5.7874546,7.4886513,2.3848357,0.27694251652288265,1.4130616188049316
0,1.4145053625106812,5.759335,7.4530306,2.3717194,0.27653080900801436,1.412613034248352
1,1.4149030447006226,5.7773814,7.4757757,2.3803673,0.2766044600853093,1.4246007204055786
2,1.414568543434143,5.7830606,7.483669,2.381618,0.27804823076520424,1.4177613258361816
3,1.413918137550354,5.757348,7.4519696,2.367877,0.27686443626651214,1.4203578233718872
4,1.4148648977279663,5.735642,7.425292,2.3561168,0.2761487693474175,1.4154492616653442
5,1.4155457019805908,5.8133564,7.5228195,2.3942013,0.2780035983277981,1.4123445749282837
6,1.4139584302902222,5.769743,7.4714947,2.3660107,0.2782436543305378,1.4153865575790405
7,1.4145177602767944,5.7906427,7.50085,2.3699994,0.2777914535374904,1.414876103401184
8,1.4142411947250366,5.786229,7.4859495,2.386564,0.2776660878207196,1.4109519720077515
9,1.414854645729065,5.7333045,7.427696,2.3442965,0.27709951431630225,1.4131324291229248
0,1.4143574237823486,5.768196,7.463226,2.3779118,0.2775887848263091,1.4108253717422485
1,1.414311170578003,5.74969,7.4387484,2.3713484,0.27493140689125806,1.4108119010925293
2,1.414433240890503,5.742463,7.4321685,2.3628256,0.27626026276150106,1.4162205457687378
3,1.4141335487365723,5.8300986,7.5412793,2.4075103,0.2785430898644071,1.4185649156570435
4,1.414269208908081,5.7663684,7.4635572,2.371764,0.27671785637677887,1.4168211221694946
5,1.414090871810913,5.787049,7.491416,2.3780885,0.2777335503273956,1.4165955781936646
6,1.4135688543319702,5.7472973,7.4381366,2.3653932,0.2761649249319214,1.412674903869629
7,1.4149806499481201,5.777861,7.4802337,2.3728886,0.27757040408988065,1.4106357097625732
8,1.4138611555099487,5.6979427,7.3778806,2.3378444,0.27540370250971175,1.4166805744171143
9,1.4141206741333008,5.7439013,7.438801,2.3538756,0.2768104624685774,1.4128252267837524
0,1.4135679006576538,5.687269,7.3606133,2.3403563,0.27380122791619815,1.4167406558990479
1,1.413822889328003,5.756766,7.454164,2.3617432,0.276863598200337,1.4139422178268433
2,1.413703441619873,5.7905073,7.4969897,2.3773146,0.27840127143916343,1.4141316413879395
3,1.413473129272461,5.7828274,7.490086,2.3680806,0.27957390411855426,1.4164732694625854
4,1.4140387773513794,5.7178793,7.4024324,2.3485496,0.27558785092774,1.4114265441894531
5,1.4135621786117554,5.8447537,7.569878,2.3942761,0.2812920368697414,1.4189090728759766
6,1.4134818315505981,5.796765,7.5029354,2.384197,0.27920016552049226,1.4188249111175537
7,1.413496732711792,5.742922,7.4393644,2.3498108,0.2769468130916484,1.4144885540008545
8,1.4143799543380737,5.727475,7.41114,2.3599195,0.2752945351035142,1.416130542755127
9,1.4136154651641846,5.734419,7.4283648,2.3463023,0.2766324493660735,1.4160722494125366
0,1.4132094383239746,5.721564,7.4051356,2.3541927,0.27594708959923037,1.41964590549469
1,1.4137303829193115,5.7632723,7.4642167,2.361157,0.2778886704278887,1.4150968790054321
2,1.412672996520996,5.767127,7.4619093,2.3773355,0.27769083786374843,1.4132208824157715
3,1.4135545492172241,5.7783413,7.4824266,2.3699443,0.27704646295132407,1.4094977378845215
4,1.4133071899414062,5.755654,7.448151,2.3704348,0.2764581415369178,1.4126828908920288
5,1.4138716459274292,5.7619095,7.4571714,2.371159,0.27785763814160874,1.411670446395874
6,1.4126238822937012,5.7408047,7.433169,2.3558488,0.27660172092854696,1.4137184619903564
7,1.4138760566711426,5.796044,7.5018167,2.3842716,0.2773318467044427,1.4140633344650269
8,1.413299798965454,5.7626576,7.460318,2.3671103,0.2778316924917705,1.4107600450515747
9,1.4136124849319458,5.7798223,7.48355,2.3721411,0.27960629018730365,1.4127103090286255
0,1.4126521348953247,5.749772,7.4367194,2.3756535,0.27603106891771895,1.4155038595199585
1,1.4135901927947998,5.8025727,7.514918,2.3776543,0.2813122460269563,1.4162427186965942
2,1.4142224788665771,5.788691,7.4948874,2.3760724,0.27717398634815765,1.4164561033248901
3,1.4134348630905151,5.7373624,7.4267826,2.3582954,0.2765675223707921,1.4149243831634521
4,1.4138908386230469,5.757776,7.451856,2.3693883,0.2770943139525191,1.4112681150436401
5,1.4124170541763306,5.742107,7.433275,2.3595443,0.27629661366810987,1.412005066871643
6,1.4136099815368652,5.8030653,7.508242,2.3924859,0.27929623583152563,1.4114885330200195
7,1.4126474857330322,5.765525,7.467867,2.3606162,0.2780660692689998,1.4097265005111694
8,1.4129244089126587,5.7678514,7.470059,2.3632076,0.27818211633797657,1.4078818559646606
9,1.4137736558914185,5.7843904,7.489175,2.374594,0.2788246891974744,1.4143424034118652
0,1.4124583005905151,5.7413163,7.432262,2.3592,0.2759583471006347,1.4077459573745728
1,1.4115103483200073,5.705531,7.384446,2.3474772,0.2759090704483403,1.4120429754257202
2,1.4105345010757446,5.72069,7.4087434,2.3443573,0.2753489917919725,1.411543846130371
3,1.4088243246078491,5.6950054,7.371369,2.342056,0.2743748412231605,1.4102681875228882
4,1.4096534252166748,5.779719,7.4773126,2.3843033,0.27714555761880694,1.4084131717681885
5,1.4087661504745483,5.6923857,7.3697,2.3375325,0.2728904527236063,1.4080663919448853
6,1.4080549478530884,5.7254252,7.414849,2.3463511,0.27494243864074125,1.4077516794204712
7,1.4080969095230103,5.6912284,7.371422,2.330616,0.27440664822129146,1.4049861431121826
8,1.4073911905288696,5.735241,7.4307246,2.3440497,0.2760035710828062,1.4071295261383057
9,1.4075273275375366,5.6872306,7.36102,2.339427,0.27382472294760196,1.4197585582733154
0,1.4062459468841553,5.7026577,7.380787,2.346177,0.2746011274094694,1.4072433710098267
1,1.4062055349349976,5.653907,7.3184476,2.3246026,0.27214635843589907,1.416487216949463
2,1.405843734741211,5.673555,7.3397875,2.3408673,0.27120084426754365,1.402136206626892
3,1.4059381484985352,5.684679,7.3508177,2.3521805,0.27009969945159346,1.4109091758728027
4,1.4052060842514038,5.862593,7.5941925,2.3991618,0.2802165761492758,1.4132401943206787
5,1.4053629636764526,5.7345786,7.4155397,2.3724325,0.27219680010537095,1.4033085107803345
6,1.405171513557434,5.6892138,7.35828,2.35086,0.27389232582778,1.4105337858200073
7,1.4048333168029785,5.7216697,7.4029183,2.3589487,0.2734877512318793,1.4010852575302124
8,1.404882788658142,5.708012,7.3828034,2.3582063,0.2728697726847141,1.4120575189590454
9,1.404431700706482,5.687318,7.3600063,2.341717,0.271850381079467,1.4068753719329834
0,1.4046926498413086,5.6685634,7.3333993,2.3386703,0.27156694275201293,1.4013030529022217
1,1.4047152996063232,5.754293,7.4547343,2.3531842,0.27659123533551905,1.409792184829712
2,1.403937578201294,5.7411685,7.430462,2.3623574,0.2753559744950175,1.4101512432098389
3,1.4049773216247559,5.6784544,7.34589,2.3433614,0.2717595372785712,1.4069383144378662
4,1.4042942523956299,5.7152877,7.3939734,2.3576941,0.27363149589337066,1.4086040258407593
5,1.4042904376983643,5.71735,7.400657,2.350511,0.2736669852799007,1.40952467918396
6,1.4048922061920166,5.694534,7.3642225,2.3549342,0.2733761935009146,1.4012410640716553
7,1.4039251804351807,5.7904015,7.4963903,2.3781958,0.27855619076932087,1.407270073890686
8,1.4050192832946777,5.706173,7.384988,2.3483202,0.2751312414890736,1.4099576473236084
9,1.4041624069213867,5.7414536,7.4264193,2.3712971,0.2749630966772313,1.4064013957977295
0,1.4046671390533447,5.7307067,7.4211845,2.3495266,0.2745573292259298,1.404449224472046
1,1.403803825378418,5.6875296,7.3600426,2.3422804,0.2726343780797853,1.4002330303192139
2,1.4033021926879883,5.776702,7.4744368,2.3810055,0.27459566180361084,1.4068500995635986
3,1.4049433469772339,5.705141,7.3797812,2.35564,0.27152150726143,1.401411533355713
4,1.403346061706543,5.8257747,7.545282,2.3865323,0.2786073679817921,1.414161205291748
5,1.404146432876587,5.7443533,7.4306445,2.3715458,0.27575182066056375,1.4263899326324463
6,1.4036598205566406,5.7381353,7.4307413,2.3526976,0.27387801417785207,1.406794548034668
7,1.404407024383545,5.637541,7.293968,2.324464,0.270496101649498,1.4071030616760254
8,1.4029561281204224,5.682278,7.35619,2.334232,0.27498958163863524,1.400608777999878
9,1.4043556451797485,5.692725,7.3650937,2.3477674,0.2723127966851321,1.4081557989120483
0,1.4041285514831543,5.727982,7.4120154,2.3596888,0.27384155125241944,1.4039452075958252
1,1.4031418561935425,5.75633,7.435619,2.3975272,0.27253790606526723,1.4071366786956787
2,1.4031424522399902,5.677188,7.3424754,2.3463914,0.27112511165138925,1.4072202444076538
3,1.4041404724121094,5.6704044,7.3291516,2.352691,0.26878089581309894,1.4041694402694702
4,1.4042168855667114,5.675979,7.3439646,2.3397849,0.27035947277853506,1.4064444303512573
5,1.403075933456421,5.662908,7.3233943,2.3417137,0.271487550171059,1.4041520357131958
6,1.4031318426132202,5.665626,7.334871,2.3269162,0.2721733795099369,1.4035754203796387
7,1.404065489768982,5.674474,7.3386545,2.345888,0.27199262785951406,1.4033055305480957
8,1.40348482131958,5.665735,7.326073,2.344836,0.27017093804649794,1.4035683870315552
9,1.4037259817123413,5.666303,7.3292813,2.340125,0.272602360863442,1.4028249979019165
0,1.4036893844604492,5.6780725,7.3401747,2.3536477,0.2710749338736219,1.4042543172836304
1,1.4037072658538818,5.779359,7.4827595,2.3723314,0.27616141877456735,1.411860466003418
2,1.4037914276123047,5.753977,7.4405518,2.3806012,0.27331882583973593,1.39859139919281
3,1.4030734300613403,5.7292814,7.4096622,2.3682945,0.27240188340350874,1.4025273323059082
4,1.4034104347229004,5.7308345,7.4147196,2.3628407,0.27363507462401676,1.408100962638855
5,1.4040451049804688,5.7486134,7.4492283,2.3471582,0.27628345910854707,1.401660680770874
6,1.4029921293258667,5.735214,7.4243655,2.3566835,0.2740602718249342,1.4045425653457642
7,1.4030870199203491,5.669035,7.3334837,2.3399148,0.27049009718952854,1.3997457027435303
8,1.4026927947998047,5.6903076,7.3690515,2.3325975,0.27219325151123563,1.4022997617721558
9,1.4033421277999878,5.7514954,7.438396,2.3774693,0.27524144000091266,1.4066725969314575
0,1.4046462774276733,5.699797,7.3720064,2.3551574,0.2729600400163905,1.4041690826416016
1,1.4021614789962769,5.7523255,7.4407916,2.3751702,0.27538865606312407,1.4035868644714355
2,1.402050495147705,5.735664,7.425838,2.3550897,0.2753531888058085,1.4022773504257202
3,1.4038137197494507,5.6541567,7.312061,2.3381271,0.2702617327435383,1.4020320177078247
4,1.4029324054718018,5.694784,7.3699756,2.344177,0.274145126213824,1.4026494026184082
5,1.4020533561706543,5.6690125,7.3379035,2.331008,0.2718199421975215,1.4008111953735352
6,1.403329610824585,5.7551513,7.4513063,2.3626158,0.2767155424287078,1.4144752025604248
7,1.4033478498458862,5.7053156,7.3778586,2.3600051,0.27178111547372774,1.4087997674942017
8,1.40287446975708,5.6731343,7.341111,2.3369577,0.2720122290509007,1.3989672660827637
9,1.4017066955566406,5.707349,7.3819184,2.3579857,0.2725501854591387,1.4014828205108643
0,1.4025216102600098,5.7069755,7.377993,2.3647158,0.27298639210327924,1.400635004043579
1,1.4023795127868652,5.749533,7.441016,2.366342,0.27485601206334165,1.4044126272201538
2,1.4032176733016968,5.683396,7.3595934,2.330777,0.2730805936349347,1.4013826847076416
3,1.4031620025634766,5.780911,7.4768157,2.3888745,0.2748372978609168,1.4098823070526123
4,1.4022867679595947,5.6880574,7.3512344,2.3614807,0.27069677165604406,1.4084960222244263
5,1.402654767036438,5.7699323,7.473668,2.3622332,0.2762199913912829,1.4075204133987427
6,1.4027094841003418,5.7310967,7.420183,2.3526988,0.27496836775847616,1.4012607336044312
7,1.403260588645935,5.7443285,7.432316,2.3681293,0.27476961113974613,1.4036102294921875
8,1.4015446901321411,5.7373137,7.419837,2.372045,0.2765068452731482,1.4039126634597778
9,1.4034696817398071,5.7282314,7.413048,2.3583736,0.27513242131947874,1.4048341512680054
0,1.4023709297180176,5.711232,7.392335,2.3488016,0.27505445697800773,1.4024401903152466
1,1.4021321535110474,5.7113295,7.387429,2.3589072,0.2737840821704504,1.4023057222366333
2,1.40142822265625,5.691104,7.364667,2.343756,0.2728433166109375,1.399810552597046
3,1.402814507484436,5.701816,7.379597,2.3460314,0.2748195830004518,1.4004111289978027
4,1.402633547782898,5.7035317,7.379245,2.3518841,0.2728371215048846,1.405227780342102
5,1.4025402069091797,5.667818,7.3373075,2.328616,0.2734682604553968,1.4053592681884766
6,1.4024239778518677,5.670249,7.337994,2.3345382,0.273240784596624,1.402103304862976
7,1.4022260904312134,5.6801724,7.3522396,2.335813,0.27511584795875216,1.402940034866333
8,1.4022315740585327,5.7498026,7.4409776,2.3672297,0.27416354915253655,1.4078186750411987
9,1.4024518728256226,5.6867704,7.3568454,2.3463993,0.2722409750042067,1.402456283569336
0,1.4025706052780151,5.720318,7.401359,2.3580122,0.27398685946700346,1.399762511253357
1,1.4028148651123047,5.7598014,7.4550133,2.3691523,0.2750541818436618,1.4039504528045654
2,1.4021209478378296,5.725971,7.4085984,2.3604922,0.27485772687014165,1.4019100666046143
3,1.402028203010559,5.690864,7.361882,2.348605,0.27312661529368193,1.4046839475631714
4,1.4021769762039185,5.7195272,7.398064,2.3622315,0.2726754877216432,1.4065529108047485
5,1.4017705917358398,5.7427545,7.436139,2.35576,0.27482490734496323,1.402296543121338
6,1.4018141031265259,5.744909,7.435589,2.3633213,0.27620587649058836,1.4045031070709229
7,1.4031710624694824,5.699561,7.375407,2.347646,0.27228075380430455,1.401092767715454
8,1.4015604257583618,5.7197866,7.4084287,2.3422763,0.274494899140917,1.4010127782821655
9,1.4027906656265259,5.685139,7.3555737,2.3440468,0.27331491011496684,1.3979767560958862
0,1.4023911952972412,5.7119164,7.3890257,2.3574746,0.27354132645199686,1.4032732248306274
1,1.4017165899276733,5.7085958,7.3897853,2.345993,0.27456093531447523,1.4072860479354858
2,1.4022964239120483,5.687788,7.361856,2.339427,0.2729011991993488,1.4008419513702393
3,1.4011080265045166,5.7309055,7.417411,2.35767,0.27485175058396266,1.4034299850463867
4,1.4019718170166016,5.6856384,7.3589625,2.3387656,0.27333894204387166,1.4060935974121094
5,1.4021105766296387,5.7373605,7.421718,2.3684204,0.2754124106232526,1.4044283628463745
6,1.4015897512435913,5.6772575,7.347458,2.3366323,0.2729984042596473,1.4024256467819214
7,1.4023845195770264,5.644883,7.3070526,2.320322,0.27093868335369764,1.403832197189331
8,1.4029477834701538,5.7853713,7.49291,2.3700657,0.2772136925152027,1.406760811805725
9,1.4010777473449707,5.704615,7.379135,2.3553536,0.2733063681039139,1.4114363193511963
0,1.401767611503601,5.6858673,7.3554015,2.346578,0.2743060730704348,1.4035779237747192
1,1.40199875831604,5.629953,7.285405,2.3188283,0.2709673443834027,1.4186874628067017
2,1.4013463258743286,5.8056335,7.5171485,2.3823748,0.2776884840997501,1.4046456813812256
3,1.4022727012634277,5.7421155,7.436146,2.3538318,0.27495958115999225,1.4013149738311768
4,1.4010210037231445,5.681108,7.3613877,2.3203232,0.2745911419777039,1.4024500846862793
5,1.4015105962753296,5.6492343,7.313642,2.3201978,0.27166912867073384,1.4057085514068604
6,1.401741862297058,5.6632543,7.3292584,2.331023,0.272580206589743,1.410186529159546
7,1.4020510911941528,5.75519,7.450051,2.3652413,0.27639192244841043,1.4019033908843994
8,1.4004673957824707,5.731804,7.414425,2.3663392,0.27311311125718957,1.4048597812652588
9,1.4017934799194336,5.7571735,7.452103,2.3670888,0.2756070329778059,1.40448796749115
0,1.4014151096343994,5.764155,7.458031,2.376177,0.27679398582234743,1.411813497543335
1,1.40160071849823,5.693333,7.368201,2.3433743,0.2725441343662207,1.4066908359527588
2,1.4022318124771118,5.668156,7.339154,2.3259387,0.2720715924425981,1.3996410369873047
3,1.4010987281799316,5.6732874,7.3401566,2.3393278,0.2725013091182088,1.4026576280593872
4,1.4019044637680054,5.6711493,7.335691,2.3418438,0.27050617604717325,1.398841142654419
5,1.4019455909729004,5.6813064,7.35266,2.338376,0.2728405119836296,1.3986581563949585
6,1.4017575979232788,5.7481256,7.439799,2.3645523,0.2749783484082866,1.4013134241104126
7,1.4012597799301147,5.7504215,7.4451885,2.3606622,0.27480697628022355,1.4077963829040527
8,1.4011720418930054,5.6971917,7.371627,2.348101,0.2722386686457205,1.4072924852371216
9,1.4021432399749756,5.7321997,7.4213386,2.353697,0.2750159406176199,1.4092365503311157
0,1.4017291069030762,5.694423,7.3699613,2.343122,0.2736695441849132,1.3983911275863647
1,1.400719404220581,5.685942,7.3544464,2.3487117,0.2717402947666743,1.4038097858428955
2,1.4015281200408936,5.643272,7.30611,2.317375,0.270754623143996,1.4094910621643066
3,1.401849389076233,5.802717,7.511709,2.3845055,0.27728197702815655,1.4093786478042603
4,1.4017627239227295,5.7161865,7.3939643,2.3604057,0.27258378366960273,1.397608995437622
5,1.4002904891967773,5.672985,7.338307,2.3421192,0.2709465023587416,1.4021364450454712
6,1.4013779163360596,5.6894207,7.3643265,2.3393855,0.2729224672527494,1.4087339639663696
7,1.4014841318130493,5.668136,7.3308516,2.3424857,0.2717791797214247,1.4011472463607788
8,1.4011183977127075,5.644201,7.2963305,2.3397217,0.27086163136482794,1.4040002822875977
9,1.40102219581604,5.687205,7.3574967,2.3463984,0.2711377262507502,1.3987292051315308
0,1.401097059249878,5.6754613,7.3419857,2.342189,0.2746516740207335,1.3968405723571777
1,1.4005314111709595,5.687175,7.3582625,2.344776,0.2718391443425896,1.4017086029052734
2,1.4014817476272583,5.699391,7.371478,2.354994,0.27212251257597,1.4014679193496704
3,1.4012982845306396,5.6661024,7.3305597,2.3369653,0.27164740409407884,1.4091167449951172
4,1.40078604221344,5.689408,7.3668003,2.334398,0.2728800620344392,1.4023525714874268
5,1.4008853435516357,5.6882954,7.362871,2.3389196,0.2735655753185176,1.4037611484527588
6,1.4016464948654175,5.671672,7.342817,2.3291576,0.27175599433906467,1.4014521837234497
7,1.400504231452942,5.699157,7.3717365,2.3537762,0.2722603054040827,1.4068918228149414
8,1.4011969566345215,5.6954193,7.374641,2.336751,0.27426098211151845,1.3983978033065796
9,1.4005439281463623,5.7245893,7.4083834,2.3567762,0.2736300899593212,1.4094586372375488
0,1.4015089273452759,5.631295,7.286757,2.3201513,0.2720733502203903,1.4001777172088623
1,1.4009759426116943,5.643855,7.2981806,2.3349836,0.27119918582205615,1.397600769996643
2,1.4007034301757812,5.6709495,7.339618,2.3333895,0.27215099937761406,1.4005813598632812
3,1.400547742843628,5.6647286,7.3356633,2.3226352,0.272903655362422,1.3989753723144531
4,1.4008015394210815,5.645742,7.3129888,2.3110254,0.2716485972607312,1.3984489440917969
5,1.4005935192108154,5.637296,7.2936296,2.3244083,0.2690711000775845,1.4068608283996582
6,1.4007112979888916,5.6663694,7.328125,2.3426363,0.27285870002869705,1.3993628025054932
7,1.4006154537200928,5.723875,7.4067063,2.3579876,0.27515891414646015,1.4020390510559082
8,1.4002567529678345,5.656755,7.3261995,2.317644,0.2725451725454008,1.3982172012329102
9,1.4001103639602661,5.727703,7.405325,2.3722353,0.2725048097834886,1.4075511693954468
0,1.4003417491912842,5.661134,7.326205,2.3307712,0.27081691656491796,1.3981678485870361
1,1.4005554914474487,5.714477,7.39602,2.3511662,0.2743515884263199,1.4059160947799683
2,1.4010283946990967,5.630212,7.2866697,2.3170738,0.27078680842277725,1.405107855796814
3,1.4007383584976196,5.7003694,7.3806977,2.3394885,0.2737804993022209,1.396021842956543
4,1.3995121717453003,5.6626496,7.3293266,2.3290722,0.27116930536273653,1.3968042135238647
5,1.4017118215560913,5.705054,7.3853035,2.3443303,0.2734218770229093,1.3988444805145264
6,1.400026559829712,5.6807985,7.3605785,2.3210151,0.27317308671853574,1.4033395051956177
7,1.4004989862442017,5.6401258,7.2999525,2.3202498,0.271216403112453,1.3973801136016846
8,1.3997420072555542,5.6284356,7.2876887,2.3097084,0.270315133757176,1.410585641860962
9,1.4010889530181885,5.7563605,7.444991,2.3788738,0.2750873410297491,1.404206395149231
0,1.3998315334320068,5.6728487,7.350599,2.3171256,0.2718264558546264,1.396593451499939
1,1.4002594947814941,5.6868143,7.360547,2.3391254,0.2717218013015331,1.3962301015853882
2,1.3999509811401367,5.71575,7.396529,2.3539684,0.27365784315693525,1.3990552425384521
3,1.3998297452926636,5.669816,7.3389974,2.331231,0.27130264951167415,1.3983970880508423
4,1.4007257223129272,5.6529374,7.3114495,2.3356931,0.27044255846326165,1.400983452796936
5,1.4004913568496704,5.671612,7.3447433,2.325123,0.27116436095338686,1.4011696577072144
6,1.4000458717346191,5.6981964,7.3769345,2.3404968,0.27339055481611835,1.4015175104141235
7,1.3999749422073364,5.6555476,7.3179617,2.3304965,0.27082046684682815,1.4033983945846558
8,1.4008105993270874,5.696762,7.376788,2.3364851,0.2739217414477019,1.4012328386306763
9,1.3998116254806519,5.7771707,7.48958,2.3521233,0.2774218488709802,1.413715124130249
