epoch,loss,mse,mse_high_npv,mse_low_npv,npv_mse_corr,val_loss
0,8.48746395111084,6.7441444,8.723328,2.785516,0.42407586114941614,6.74414587020874
1,6.2726616859436035,6.036802,7.8417726,2.4266183,0.597740599805282,6.036801815032959
2,5.8752641677856445,5.7191234,7.443456,2.2702267,0.691922312689315,5.7191243171691895
3,5.632412910461426,5.559421,7.2450066,2.1880248,0.7141787047253705,5.559419631958008
4,5.481957912445068,5.4444113,7.1002035,2.132606,0.733001044220451,5.444410800933838
5,5.373927593231201,5.3750644,7.0142937,2.0963864,0.75762119266758,5.375063419342041
6,5.292364120483398,5.280738,6.892542,2.056913,0.8003972668684997,5.280736446380615
7,5.223541259765625,5.2027144,6.792452,2.0230281,0.8039273483391778,5.202714920043945
8,5.145436763763428,5.1368685,6.7090597,1.9922758,0.8059151874463524,5.136868953704834
9,5.096518516540527,5.083376,6.6392956,1.9713304,0.8178069491206702,5.083375930786133
0,5.058598518371582,5.0847573,6.6438217,1.9664195,0.8261608378928587,5.084756851196289
1,5.025073051452637,5.011423,6.547,1.9400635,0.8233096980025381,5.011422634124756
2,4.973134994506836,4.9731064,6.4981594,1.9227949,0.8218052428884705,4.973105430603027
3,4.945183277130127,4.942633,6.457916,1.9118642,0.8224782339335829,4.942633152008057
4,4.922090530395508,4.9305906,6.4445014,1.9025673,0.8256311245964763,4.93058967590332
5,4.905203819274902,4.928602,6.441906,1.9017931,0.8190896707374414,4.9286041259765625
6,4.888240814208984,4.906667,6.413423,1.892956,0.8277381006132423,4.906667232513428
7,4.8712897300720215,4.8681273,6.3627076,1.8787677,0.8282597094873505,4.868127346038818
8,4.856936454772949,4.863847,6.3580594,1.8752218,0.8293344894052609,4.863846778869629
9,4.8424906730651855,4.862964,6.357969,1.8727553,0.8379859112855692,4.8629655838012695
0,4.827138423919678,4.8428087,6.330892,1.8664453,0.8320459569973659,4.842808723449707
1,4.815731048583984,4.822986,6.305504,1.8577552,0.8263532588807995,4.822986125946045
2,4.800845146179199,4.8241267,6.3070283,1.858127,0.8338785328261726,4.824126243591309
3,4.793291091918945,4.797514,6.2726765,1.8469923,0.8337394129576324,4.797513484954834
4,4.779601097106934,4.7989597,6.2751546,1.846372,0.8348408236457977,4.798959732055664
5,4.767503261566162,4.7869344,6.259862,1.8408815,0.8286230185696306,4.786933422088623
6,4.7583909034729,4.784158,6.257243,1.837793,0.8317648955936169,4.784159183502197
7,4.751284599304199,4.77561,6.245922,1.834791,0.8248788364750305,4.775609970092773
8,4.743010520935059,4.7594113,6.2246046,1.8288312,0.8330225368705066,4.759411334991455
9,4.736035346984863,4.7509723,6.2129908,1.8267391,0.8357027343812027,4.75097131729126
0,4.727025508880615,4.75717,6.222666,1.8259811,0.8341667665159738,4.7571702003479
1,4.722178936004639,4.736638,6.1947966,1.8201267,0.8408364345629016,4.73663854598999
2,4.71640157699585,4.725965,6.180993,1.8157146,0.842993990243796,4.725963592529297
3,4.707406997680664,4.726755,6.1828885,1.8142939,0.8365388184134166,4.726754665374756
4,4.699521064758301,4.7310414,6.187777,1.8173772,0.8385686764372158,4.73104190826416
5,4.694160461425781,4.7027206,6.1509457,1.806078,0.843888866011804,4.702719688415527
6,4.696601390838623,4.709965,6.159728,1.8102475,0.836052555565956,4.709963798522949
7,4.686495304107666,4.7105675,6.1622367,1.8070346,0.8418232990945996,4.710567951202393
8,4.678555488586426,4.7051764,6.154552,1.8062319,0.8440357417944465,4.705177307128906
9,4.666139602661133,4.665065,6.103469,1.7880646,0.8382089671565456,4.665065288543701
0,4.639152526855469,4.6573005,6.0930467,1.7856165,0.8347170538243909,4.6573004722595215
1,4.631422996520996,4.6543117,6.089893,1.7829579,0.8305580191996973,4.654311180114746
2,4.621834754943848,4.6394467,6.071533,1.7750846,0.8376469781595631,4.63944673538208
3,4.617366790771484,4.640284,6.0713077,1.778046,0.8302165209273751,4.640284538269043
4,4.6123046875,4.626896,6.053537,1.7734237,0.8368043723087425,4.626896381378174
5,4.60835599899292,4.6358976,6.0661755,1.7751492,0.8323807219142717,4.635897159576416
6,4.6053032875061035,4.622717,6.049911,1.7681369,0.8351608160234669,4.622715950012207
7,4.601330280303955,4.6340275,6.0639534,1.7739831,0.8342237652653484,4.634027004241943
8,4.597556114196777,4.616139,6.0410085,1.7662096,0.8337722282364701,4.616138935089111
9,4.59171724319458,4.6117086,6.0346828,1.7655705,0.8307632949534218,4.6117095947265625
0,4.589096546173096,4.6123743,6.037021,1.7628893,0.83646353798683,4.612374305725098
1,4.588440895080566,4.6122518,6.0363865,1.7637914,0.8336512603710109,4.612252235412598
2,4.581456184387207,4.600869,6.0209413,1.7605368,0.833989126593721,4.600869178771973
3,4.578890800476074,4.589194,6.0054483,1.7564955,0.8366874982266929,4.589193344116211
4,4.574742794036865,4.5940137,6.0122094,1.7574329,0.835061788678065,4.594013690948486
5,4.574039936065674,4.5874944,6.0039353,1.7544227,0.8323272318135155,4.587494850158691
6,4.569739818572998,4.5941505,6.0125804,1.7571012,0.843135427848351,4.594151020050049
7,4.567508697509766,4.5852714,6.0015864,1.7524508,0.84435768957299,4.585271835327148
8,4.564175605773926,4.584883,6.0005565,1.7533473,0.8400080561532989,4.584882736206055
9,4.5615644454956055,4.578831,5.9931054,1.7500925,0.8423264663230997,4.578831195831299
0,4.564302921295166,4.5980554,6.0170064,1.7599648,0.8409370216430829,4.598055362701416
1,4.556532859802246,4.5841618,6.000136,1.7520248,0.8404341858374027,4.584164142608643
2,4.554914474487305,4.5717783,5.9835443,1.748058,0.8384787336188378,4.571779251098633
3,4.550430774688721,4.5771227,5.990833,1.7495159,0.8376759928241739,4.577121257781982
4,4.548450469970703,4.5835643,6.000105,1.750294,0.8373954119086713,4.5835652351379395
5,4.546726703643799,4.567434,5.978257,1.7455987,0.8451956555636392,4.567434310913086
6,4.544250011444092,4.5649276,5.97542,1.743755,0.8396757381226191,4.56492805480957
7,4.531172752380371,4.560908,5.9677806,1.746973,0.830970945174106,4.560909748077393
8,4.514957904815674,4.522534,5.9197016,1.7280118,0.8394469371736075,4.522534370422363
9,4.504698276519775,4.525082,5.923232,1.7285944,0.839137196768717,4.525082588195801
0,4.498970031738281,4.5372567,5.93923,1.7331234,0.8373711587304479,4.537256717681885
1,4.492136001586914,4.5111933,5.904999,1.723395,0.8421205939802452,4.511194229125977
2,4.490629196166992,4.514588,5.9093184,1.7249411,0.8417123736056593,4.514587879180908
3,4.485569000244141,4.497072,5.8867364,1.7175598,0.8399280116166091,4.497072219848633
4,4.483276844024658,4.5010414,5.8926067,1.7177249,0.842447578556834,4.501039028167725
5,4.4808759689331055,4.497401,5.88791,1.7161982,0.8391138464141454,4.497399806976318
6,4.477123737335205,4.5050054,5.898343,1.7181435,0.840467535329534,4.505005836486816
7,4.473013877868652,4.492473,5.881319,1.7145965,0.8411311331263457,4.49247407913208
8,4.470607757568359,4.4986234,5.8893757,1.7169334,0.8442698192120698,4.498623847961426
9,4.467417240142822,4.4908485,5.880036,1.7122896,0.8438554729605863,4.490849018096924
0,4.465658664703369,4.4883327,5.8776293,1.7095544,0.8441997528812595,4.488330841064453
1,4.461617946624756,4.4923043,5.8804164,1.7158953,0.8471793042189539,4.492302417755127
2,4.457945346832275,4.476197,5.8609014,1.7066022,0.8427833742842188,4.476195335388184
3,4.454270839691162,4.480215,5.865335,1.7097895,0.8366583811382341,4.480214595794678
4,4.451618671417236,4.473185,5.8572454,1.7048786,0.8386958353038295,4.473185062408447
5,4.447483539581299,4.4774246,5.86324,1.7056084,0.8404666973241112,4.4774250984191895
6,4.447645664215088,4.4783716,5.8639994,1.7069306,0.8429435448545449,4.478371620178223
7,4.441714763641357,4.467398,5.850101,1.7018075,0.8418718254818152,4.467397689819336
8,4.437337875366211,4.4636555,5.8445725,1.7016375,0.8392150806983256,4.463655471801758
9,4.4341325759887695,4.447884,5.8246164,1.6942353,0.8402772265253317,4.447882652282715
0,4.432419300079346,4.4480176,5.8240447,1.6957804,0.8441372063928346,4.448017120361328
1,4.430464744567871,4.454519,5.8339357,1.6955013,0.8421838832842955,4.4545183181762695
2,4.424319744110107,4.4599037,5.8401303,1.6992677,0.8409198802696219,4.45990514755249
3,4.4212141036987305,4.432741,5.8044987,1.6890428,0.8355304862370546,4.432740688323975
4,4.417769908905029,4.446187,5.823035,1.6923106,0.8435645415987619,4.446187973022461
5,4.414358615875244,4.4259243,5.796997,1.6835963,0.8398755338570943,4.4259257316589355
6,4.411047458648682,4.426894,5.797997,1.6845078,0.8373252942133652,4.426893711090088
7,4.405775547027588,4.430646,5.803113,1.6855286,0.8400365514816784,4.4306440353393555
8,4.402479648590088,4.423992,5.79466,1.6824738,0.83979159170938,4.4239912033081055
9,4.3988776206970215,4.4154816,5.7836843,1.6788936,0.8392331487076605,4.415482044219971
0,4.392147064208984,4.410885,5.778287,1.6758986,0.8363590357124028,4.410883903503418
1,4.390316486358643,4.4116974,5.7793827,1.6761457,0.8369274979824868,4.411699295043945
2,4.38991117477417,4.454162,5.8333898,1.695524,0.8333527094660523,4.454163074493408
3,4.381007194519043,4.4032197,5.7691073,1.6712615,0.8399116610071874,4.403219699859619
4,4.378846168518066,4.3954864,5.7593412,1.6675954,0.84231638837728,4.395486354827881
5,4.371962547302246,4.392941,5.7557864,1.6670692,0.8374851349724324,4.392939567565918
6,4.367217063903809,4.390716,5.75224,1.6674868,0.8247086694919337,4.390716552734375
7,4.364964485168457,4.383322,5.7440248,1.6617337,0.8376347808042155,4.383322238922119
8,4.357453346252441,4.4150386,5.784549,1.6758348,0.8115261312223084,4.415039539337158
9,4.354106426239014,4.3624806,5.7164984,1.6542641,0.8333849741541572,4.362480640411377
0,4.3481550216674805,4.3533053,5.7043185,1.6510986,0.8344893642709598,4.353305339813232
1,4.341020107269287,4.3534765,5.7045536,1.651142,0.8244030955362027,4.353476524353027
2,4.319052696228027,4.333177,5.6795387,1.6402735,0.79825379865989,4.333176612854004
3,4.303845405578613,4.3641376,5.7211776,1.6498766,0.812143662714441,4.3641357421875
4,4.29191780090332,4.3287926,5.6757927,1.6346127,0.8004854822185141,4.328791618347168
5,4.289708614349365,4.3047175,5.6429353,1.6281022,0.8197427865612336,4.304718971252441
6,4.279135704040527,4.295562,5.6324186,1.621669,0.8142253869018456,4.295560359954834
7,4.272851943969727,4.3120575,5.6554914,1.6250118,0.813878428814831,4.312058448791504
8,4.263523578643799,4.276535,5.6086016,1.6122248,0.8076718080076674,4.276534557342529
9,4.255230903625488,4.2775283,5.608042,1.6163253,0.8100908743759563,4.277527809143066
0,4.251043796539307,4.2869997,5.62036,1.620102,0.8020016131506582,4.286999702453613
1,4.243507385253906,4.2660527,5.5940723,1.6098355,0.8147270676242414,4.266052722930908
2,4.238429546356201,4.25746,5.5832534,1.605697,0.8057469463141211,4.257462501525879
3,4.23180627822876,4.264418,5.5917335,1.6096109,0.8053434690350233,4.264416694641113
4,4.225269794464111,4.2360163,5.556159,1.5955552,0.8089533541792664,4.236016273498535
5,4.217115879058838,4.221373,5.5367,1.5905435,0.8017492105988431,4.221372604370117
6,4.215599536895752,4.2241797,5.5399766,1.5924088,0.7983852019498351,4.224178791046143
7,4.2028021812438965,4.2379093,5.559489,1.5945745,0.7942490237324032,4.237910747528076
8,4.201792240142822,4.211908,5.52457,1.5864099,0.8003947750168292,4.211908340454102
9,4.194485187530518,4.1946106,5.503648,1.5763608,0.8023647653893068,4.1946120262146
0,4.185665130615234,4.201942,5.513107,1.5794362,0.7948901036853319,4.201940059661865
1,4.173547267913818,4.182203,5.4873157,1.5718039,0.7989635356676882,4.182202339172363
2,4.168121814727783,4.1941032,5.503075,1.575984,0.8060246815516133,4.1941046714782715
3,4.1594557762146,4.193302,5.5035086,1.5727141,0.8013750326535339,4.193302154541016
4,4.1586384773254395,4.173072,5.476646,1.5657492,0.7967704689712999,4.173071384429932
5,4.173101902008057,4.1727242,5.47559,1.5668176,0.796886661537238,4.172725200653076
6,4.1489481925964355,4.1498704,5.445881,1.5576766,0.7888897725407241,4.149869918823242
7,4.146491050720215,4.1616178,5.4603586,1.5639616,0.7953165827636046,4.161618232727051
8,4.135727882385254,4.146989,5.4421234,1.5565455,0.8073562969915021,4.146986961364746
9,4.12681245803833,4.12326,5.4117084,1.5461912,0.7995482252578571,4.123260498046875
0,4.123025417327881,4.133573,5.4248743,1.5507995,0.7975457695040565,4.133572101593018
1,4.116823196411133,4.1249323,5.414493,1.5456396,0.7970381184476898,4.124931812286377
2,4.119393825531006,4.155151,5.450414,1.5644523,0.7393304193166901,4.155150890350342
3,4.110989570617676,4.1321516,5.423716,1.5488509,0.7822434406178009,4.1321516036987305
4,4.115738391876221,4.1182933,5.405254,1.5442016,0.7830338383938821,4.118292808532715
5,4.099799156188965,4.108692,5.3928094,1.540288,0.7858710729668961,4.108691692352295
6,4.094033241271973,4.0885563,5.366557,1.5323837,0.7933688697820658,4.088557243347168
7,4.094083786010742,4.16913,5.4683456,1.5705247,0.7718078201720638,4.169130802154541
8,4.090336322784424,4.1411858,5.436267,1.5508521,0.7632380137570418,4.141185760498047
9,4.080812454223633,4.0919495,5.371297,1.533085,0.7980977382924846,4.091949462890625
0,4.075611114501953,4.104169,5.387304,1.537727,0.7684399514476671,4.1041669845581055
1,4.076967716217041,4.0839534,5.3604016,1.5308855,0.7790317863512347,4.083953380584717
2,4.068182945251465,4.0843635,5.360655,1.5316104,0.7841325573072702,4.0843634605407715
3,4.068260192871094,4.0743504,5.3481526,1.5265771,0.7913241967559296,4.074349403381348
4,4.072082996368408,4.0909047,5.3711033,1.5303361,0.8098566990720194,4.090904712677002
5,4.063368320465088,4.0996847,5.3838105,1.5312616,0.8110831147224792,4.09968376159668
6,4.055361747741699,4.0590973,5.328368,1.5203866,0.7898699698418091,4.059096813201904
7,4.056736946105957,4.0788727,5.3536553,1.5291356,0.8033727761613599,4.0788726806640625
8,4.051864147186279,4.066206,5.3386354,1.521176,0.7926001009469709,4.066206455230713
9,4.052620887756348,4.0506763,5.318126,1.5156081,0.8073070899566736,4.050676345825195
0,4.045888900756836,4.062476,5.3333817,1.5204957,0.7834671732357961,4.062474250793457
1,4.043455600738525,4.048729,5.315684,1.5146503,0.7862584126610227,4.048729419708252
2,4.042081356048584,4.0830083,5.3629766,1.5229003,0.45803967632431103,4.0830078125
3,4.0421247482299805,4.069292,5.341931,1.5238477,0.8017538035300225,4.069292068481445
4,4.03422212600708,4.054869,5.3238606,1.5167178,0.7998438632807273,4.054869651794434
5,4.029862403869629,4.039678,5.303826,1.5112134,0.7976326284085699,4.039677619934082
6,4.035198211669922,4.033208,5.295199,1.5090581,0.7798493489814304,4.033208847045898
7,4.041819095611572,4.0306644,5.292246,1.5073303,0.7797038304896138,4.03066349029541
8,4.023960113525391,4.031475,5.293441,1.5073768,0.7902312872087027,4.031476020812988
9,4.022815704345703,4.045561,5.312778,1.5109556,0.787971206475208,4.045557975769043
0,4.017776012420654,4.054658,5.3243675,1.5150709,0.7961858195328265,4.054657936096191
1,4.016783237457275,4.0602746,5.330397,1.51986,0.7915764561781002,4.060273170471191
2,4.0128703117370605,4.0273347,5.2888184,1.5041978,0.8009183629838024,4.027335166931152
3,4.013985633850098,4.0874677,5.3630815,1.5360705,0.7524342470928025,4.08746862411499
4,4.042118072509766,4.025196,5.2844815,1.506455,0.7974196241823807,4.025195598602295
5,3.9917831420898438,3.9868994,5.2349896,1.4905522,0.7728752032783457,3.9869000911712646
6,3.977280855178833,4.004097,5.2568736,1.4983777,0.7420882468441976,4.004098415374756
7,3.9829375743865967,3.9765491,5.2208257,1.4878311,0.7846338287746583,3.976548433303833
8,3.974898099899292,3.9764156,5.2213826,1.486315,0.7753839993564522,3.9764137268066406
9,3.9720449447631836,3.9827607,5.2299275,1.4882611,0.7883021790146613,3.9827613830566406
0,3.9657700061798096,3.9701962,5.212256,1.4859102,0.7970925033078268,3.970195770263672
1,3.965378761291504,4.005563,5.259569,1.4973831,0.7612410531472665,4.005562782287598
2,3.96897554397583,3.9739752,5.2176437,1.4864715,0.7799990603756135,3.973973274230957
3,3.9764363765716553,3.9762325,5.220477,1.4875779,0.7802731177195606,3.9762330055236816
4,3.9610018730163574,3.9851255,5.2310767,1.4930569,0.7984465327996186,3.985126256942749
5,3.978173017501831,3.991781,5.2416935,1.4917909,0.7797456100911448,3.9917819499969482
6,3.9539241790771484,3.9728818,5.217573,1.4833336,0.7913604033283452,3.9728825092315674
7,3.9526078701019287,3.9603484,5.2007294,1.4794205,0.7891440435509897,3.9603493213653564
8,3.953125476837158,3.975487,5.2208905,1.4845122,0.7979429083867365,3.9754862785339355
9,3.950005531311035,3.9564157,5.196423,1.4762349,0.7917413783334202,3.9564170837402344
0,3.9573073387145996,3.99365,5.2432375,1.4943091,0.7750357059903289,3.993650436401367
1,3.951343297958374,3.966675,5.209199,1.4814632,0.7859673901894259,3.9666740894317627
2,3.9434642791748047,3.9585924,5.1982493,1.4791131,0.7923361715758159,3.958592176437378
3,3.9434120655059814,3.9558997,5.1960154,1.4755018,0.7951192049296597,3.9558985233306885
4,3.946544885635376,3.958765,5.1971216,1.481887,0.776810660752031,3.958765745162964
5,3.9458954334259033,3.942979,5.1779003,1.4729718,0.7881727724218588,3.9429774284362793
6,3.947796583175659,3.9376771,5.1716466,1.4695737,0.7951428306884374,3.9376766681671143
7,3.9382548332214355,3.936071,5.1692705,1.4695065,0.7747743231471222,3.936070442199707
8,3.9333698749542236,4.025035,5.2880154,1.4989064,0.7507639428394713,4.0250349044799805
9,3.934119462966919,3.937782,5.1717033,1.4697751,0.7915372264040881,3.93778133392334
0,3.9266304969787598,3.9428568,5.178245,1.4719164,0.7953772714473368,3.942856788635254
1,3.931586265563965,3.9453688,5.1814604,1.4730216,0.7802475575409412,3.9453699588775635
2,3.929551839828491,3.938976,5.173475,1.4698142,0.796445567544867,3.9389753341674805
3,3.9233531951904297,3.975116,5.2199974,1.4851865,0.7727499599884197,3.975114107131958
4,3.9257445335388184,3.9926775,5.245208,1.4874488,0.7688280857038433,3.9926764965057373
5,3.923781156539917,3.9325004,5.163436,1.4704673,0.7982132412074615,3.9325003623962402
6,3.924175977706909,3.9338837,5.1669817,1.4675235,0.7903497249151605,3.9338836669921875
7,3.9186489582061768,3.9327056,5.1641397,1.4696728,0.7998911290137704,3.9327051639556885
8,3.9181535243988037,3.9311872,5.163011,1.4673748,0.7891641221597863,3.9311864376068115
9,3.919387102127075,3.9572883,5.1966023,1.4784949,0.7643812109573913,3.957287549972534
0,3.92313814163208,3.953703,5.19231,1.476324,0.794664048082943,3.953704595565796
1,3.9193131923675537,3.922436,5.1507373,1.4656695,0.7958748190694193,3.9224352836608887
2,3.9345178604125977,3.9221373,5.150349,1.4655497,0.7937545821408619,3.9221365451812744
3,3.9254775047302246,3.9241002,5.1537275,1.4646821,0.7932962211216262,3.924100399017334
4,3.916715383529663,3.9441888,5.180872,1.4706582,0.7846473941147334,3.9441888332366943
5,3.9086861610412598,3.940167,5.1757493,1.4688387,0.7981140468352096,3.9401681423187256
6,3.9056835174560547,3.904691,5.127902,1.4581059,0.7975362295503162,3.904690980911255
7,3.907013177871704,3.982865,5.2348695,1.4786879,0.7765214844353552,3.982865571975708
8,3.9091615676879883,3.9072063,5.131852,1.4577502,0.7928691825043057,3.9072062969207764
9,3.9079535007476807,3.9333625,5.1673403,1.4652432,0.7730834039162764,3.9333629608154297
0,3.908107042312622,3.9192703,5.1481347,1.4613777,0.797803570432923,3.9192700386047363
1,3.904672861099243,3.9235606,5.153094,1.4643275,0.8077239146874347,3.923560857772827
2,3.9037609100341797,3.972033,5.2139893,1.4879543,0.782299995646979,3.972032308578491
3,3.9090139865875244,3.8969529,5.1178846,1.454926,0.790348556001286,3.896951198577881
4,3.9010984897613525,3.9012983,5.1232257,1.4572796,0.8013136111495055,3.9012982845306396
5,3.9295802116394043,3.9283354,5.1597185,1.4654046,0.8027250764783941,3.928335189819336
6,3.914865732192993,3.921284,5.1493816,1.4649252,0.7928310265988832,3.9212827682495117
7,3.904249668121338,3.9351194,5.1694417,1.4663105,0.7785418309250304,3.935119152069092
8,3.90067720413208,3.9008272,5.1231275,1.4560618,0.7794269697044339,3.9008264541625977
9,3.9048843383789062,3.9450138,5.181983,1.4709102,0.80003162934298,3.945014238357544
0,3.9073073863983154,3.9086945,5.1342597,1.4574003,0.786082479903048,3.9086952209472656
1,3.9016780853271484,3.9351845,5.167677,1.4700341,0.794948229439441,3.9351861476898193
2,3.8972015380859375,3.930862,5.161802,1.468818,0.784557677160918,3.930861473083496
3,3.899319887161255,3.9334126,5.1674805,1.4651113,0.7955143267345158,3.933412551879883
4,3.8927059173583984,3.9548244,5.193403,1.4775014,0.7820911497342926,3.954824924468994
5,3.8951034545898438,3.9124532,5.138958,1.459281,0.8014845186617605,3.9124534130096436
6,3.8923423290252686,3.9020355,5.1244183,1.4571056,0.777309429783981,3.9020347595214844
7,3.8896617889404297,3.9374475,5.1744347,1.4633083,0.8088454843838375,3.9374492168426514
8,3.8911397457122803,3.8950644,5.115604,1.4538218,0.7888536012671675,3.89506459236145
9,3.890028476715088,3.8953779,5.1162887,1.453394,0.8032867554633295,3.895378589630127
0,3.888432741165161,3.8911963,5.110597,1.4522314,0.8031492168811302,3.8911960124969482
1,3.8882381916046143,4.010806,5.269154,1.4939424,0.7979246911634855,4.010807037353516
2,3.887017250061035,3.9222887,5.1531963,1.4603086,0.8103129397889897,3.9222893714904785
3,3.886566400527954,3.8916533,5.112141,1.4505141,0.7866731109051157,3.891653299331665
4,3.8981056213378906,4.0020194,5.2546926,1.4965062,0.699838279738421,4.002019882202148
5,3.8889455795288086,4.019688,5.284957,1.4889814,0.789645806178726,4.019688606262207
6,3.8892128467559814,3.8889532,5.1085925,1.449511,0.8022360122034381,3.8889529705047607
7,3.8832340240478516,3.8851943,5.1033516,1.4487176,0.7830152974908158,3.885193347930908
8,3.8811097145080566,3.8916914,5.1120687,1.4507744,0.7911789341654943,3.8916921615600586
9,3.8780744075775146,3.9320257,5.1673517,1.4612112,0.7959014284750077,3.9320263862609863
0,3.8779914379119873,3.8848033,5.102129,1.4499913,0.7759946565526327,3.884803056716919
1,3.8871231079101562,3.8783221,5.093755,1.4472946,0.7715454110900556,3.878322124481201
2,3.879667043685913,3.9076312,5.133272,1.4561851,0.7942244040571076,3.907630443572998
3,3.890733003616333,3.9156141,5.1443133,1.4580523,0.7622220417521586,3.915614128112793
4,3.880274772644043,3.8926075,5.1117992,1.4540597,0.7925606282151875,3.892606019973755
5,3.874915599822998,3.8831317,5.100058,1.4491159,0.7848832746342381,3.8831329345703125
6,3.8848512172698975,3.9198706,5.1514773,1.4564935,0.7872008372766005,3.919869899749756
7,3.885343074798584,3.8868577,5.1057725,1.4488653,0.7993573530949932,3.886857509613037
8,3.8751838207244873,3.8865767,5.1036644,1.4522393,0.7367766081944903,3.8865768909454346
9,3.8766136169433594,3.8893068,5.1087985,1.4501611,0.7682288520184515,3.88930606842041
0,3.893281936645508,3.88487,5.102028,1.4503925,0.7810551188878316,3.884870767593384
1,3.8852620124816895,3.8819778,5.098042,1.4496871,0.7765466497646115,3.8819780349731445
2,3.87888240814209,3.9068906,5.1306787,1.4591502,0.7597048780234054,3.906890869140625
3,3.8720762729644775,3.8747008,5.0887074,1.4465258,0.7883848519395957,3.8747010231018066
4,3.8742408752441406,3.8800464,5.0975895,1.4447982,0.7902171116038831,3.8800458908081055
5,3.8828561305999756,3.8741972,5.0881877,1.4460531,0.811006995154708,3.8741958141326904
6,3.8779613971710205,3.8784423,5.094513,1.4461386,0.7969526371641533,3.8784420490264893
7,3.86859393119812,3.8834276,5.1008143,1.4484928,0.7893604696580998,3.8834280967712402
8,3.867372512817383,3.9120035,5.1388583,1.4581296,0.792116342350226,3.9120044708251953
9,3.870903253555298,3.886408,5.10531,1.4484415,0.7938905158665641,3.8864078521728516
0,3.871549129486084,3.9417472,5.1734076,1.4782625,0.7379399179803198,3.9417474269866943
1,3.8836214542388916,3.9202783,5.1505146,1.4596419,0.7977581665105756,3.920279026031494
2,3.869568347930908,3.942779,5.175303,1.4775665,0.7935371246339963,3.9427788257598877
3,3.8648972511291504,3.9152167,5.1425276,1.4604306,0.8012764729660242,3.915215492248535
4,3.8641083240509033,3.8656516,5.077382,1.4420279,0.7770661066468019,3.8656504154205322
5,3.8706722259521484,3.9038038,5.1274505,1.4563472,0.7805298616679192,3.9038031101226807
6,3.863487482070923,3.9027486,5.126436,1.4552095,0.7741785431693619,3.9027493000030518
7,3.859055280685425,3.900864,5.121408,1.4596123,0.7884310569097976,3.900862455368042
8,3.8586766719818115,3.882879,5.1000237,1.4484283,0.7776612349887905,3.8828787803649902
9,3.859370470046997,3.8899717,5.1107635,1.4482261,0.8069175422718329,3.889971971511841
0,3.861652374267578,3.854706,5.0625405,1.4388775,0.798796022297807,3.854705810546875
1,3.8569324016571045,3.8867898,5.105394,1.4494203,0.7949569184144378,3.886789560317993
2,3.860696315765381,3.8550644,5.063549,1.4379346,0.7903905270893224,3.8550641536712646
3,3.8543269634246826,3.8593783,5.070144,1.437686,0.7750757013570928,3.859377861022949
4,3.853562831878662,3.8660345,5.0772033,1.4435352,0.777191898805329,3.866035223007202
5,3.8566555976867676,3.8984442,5.1170845,1.4610018,0.779802843200721,3.8984456062316895
6,3.8634331226348877,3.8901908,5.1077127,1.4549842,0.7690044829850211,3.890190839767456
7,3.852797746658325,3.854237,5.0613084,1.4399334,0.7726073690903605,3.854236364364624
8,3.87460994720459,3.8715541,5.0846324,1.4452357,0.761683122345148,3.8715531826019287
9,3.853970527648926,3.8750746,5.0897374,1.445587,0.7483712766794808,3.8750739097595215
0,3.852672815322876,3.8580925,5.0676045,1.4389074,0.7836204286395458,3.8580918312072754
1,3.875603675842285,3.884011,5.100216,1.4514384,0.7832167592626057,3.8840105533599854
2,3.86152720451355,3.8902588,5.1103487,1.4499155,0.8000714764587435,3.890256881713867
3,3.8538646697998047,3.8465476,5.052161,1.435158,0.7996413933098228,3.8465476036071777
4,3.8508055210113525,3.885923,5.1052465,1.4471132,0.7939888703280631,3.885922431945801
5,3.846515655517578,3.84999,5.0567527,1.4363023,0.7957642547153171,3.8499884605407715
6,3.8450748920440674,3.9041986,5.12945,1.4535313,0.7950300275076048,3.9041988849639893
7,3.849414348602295,3.8563952,5.066072,1.4368812,0.7783180322310354,3.856395959854126
8,3.852419137954712,3.855903,5.0640054,1.4395381,0.7904091750211959,3.8559017181396484
9,3.847975254058838,3.839731,5.0414224,1.4361883,0.7928580876358455,3.8397295475006104
0,3.8506345748901367,3.8563633,5.065398,1.4381319,0.7672494189499295,3.856363296508789
1,3.8834261894226074,3.8688211,5.0795355,1.4472319,0.7804880381187109,3.868821144104004
2,3.8725192546844482,3.8535805,5.0618787,1.4368228,0.7756817660287323,3.853579044342041
3,3.8458728790283203,3.8582544,5.067552,1.4394988,0.7913746531105564,3.858255386352539
4,3.8445546627044678,3.848743,5.0540113,1.4380463,0.7686068088449663,3.848742723464966
5,3.844266414642334,3.8691611,5.080989,1.4453437,0.7730155853480188,3.869158983230591
6,3.8411386013031006,3.8438833,5.0479164,1.4356565,0.7867264820305733,3.8438851833343506
7,3.85078501701355,3.8454375,5.05084,1.4344703,0.799103937521671,3.8454360961914062
8,3.838352918624878,3.8978941,5.115188,1.4631454,0.7708688256270549,3.8978946208953857
9,3.839552164077759,3.8689435,5.0813255,1.4440175,0.7983447892696212,3.8689420223236084
0,3.8364696502685547,3.8822846,5.098018,1.4506551,0.7781098008486943,3.8822848796844482
1,3.844196081161499,3.8550284,5.0618725,1.4411783,0.7905543990423933,3.855027675628662
2,3.8381292819976807,3.836882,5.039253,1.4319787,0.7979036765423622,3.8368821144104004
3,3.8467206954956055,3.877159,5.0926886,1.4459368,0.7932823840780342,3.8771586418151855
4,3.8397674560546875,3.9829855,5.2232656,1.5022612,0.7158166499673706,3.9829838275909424
5,3.843712329864502,3.8389626,5.0424595,1.4318081,0.8023844324291938,3.8389618396759033
6,3.8381388187408447,3.8658116,5.077243,1.4427869,0.8052644772088836,3.8658111095428467
7,3.8347690105438232,3.8452883,5.050727,1.4342493,0.8063519414280376,3.8452887535095215
8,3.831012725830078,3.8435347,5.048332,1.4337788,0.7879730928866057,3.843533992767334
9,3.835960865020752,3.8377938,5.04155,1.4301208,0.7549932901235742,3.8377938270568848
0,3.8312954902648926,3.8729317,5.086504,1.4456266,0.7918262404691531,3.872931718826294
1,3.8337903022766113,3.8822436,5.09737,1.4518287,0.7879136924322212,3.8822436332702637
2,3.835547685623169,3.8735347,5.0881753,1.4440926,0.7948780157561268,3.8735344409942627
3,3.8422954082489014,3.8616338,5.071981,1.4407772,0.8016841596836498,3.8616342544555664
4,3.8332679271698,3.8373754,5.040334,1.431299,0.8020108814411225,3.8373758792877197
5,3.829421281814575,4.0355053,5.29667,1.513008,0.40402176648466914,4.0355048179626465
6,3.8552279472351074,3.859869,5.0709496,1.4375455,0.8035941971888638,3.8598690032958984
7,3.8337976932525635,3.975518,5.2263293,1.473728,0.7930803958884054,3.9755172729492188
8,3.825566053390503,3.8254964,5.0246296,1.4270711,0.8123907503593151,3.825495719909668
9,3.8375933170318604,3.865673,5.078163,1.4405313,0.7931867162510365,3.8656723499298096
0,3.830449104309082,3.8703701,5.0869026,1.43714,0.8045745350928378,3.870368480682373
1,3.828462600708008,3.823284,5.0218387,1.4260131,0.8035150641893205,3.82328462600708
2,3.8273873329162598,3.8353102,5.036248,1.4332747,0.7835365033530828,3.835310459136963
3,3.8251049518585205,3.8776371,5.0913105,1.4501283,0.7848804150039498,3.877638816833496
4,3.8291051387786865,3.8262277,5.0251565,1.4282087,0.776905412800827,3.8262276649475098
5,3.8239293098449707,3.8576276,5.06665,1.4394226,0.7754386106944968,3.857628345489502
6,3.8241019248962402,3.8479114,5.053108,1.4373577,0.7312700223134833,3.8479111194610596
7,3.8257243633270264,3.8553357,5.0646286,1.4365897,0.7893720653701286,3.8553364276885986
8,3.8293697834014893,3.8244412,5.023019,1.4271252,0.7793795097894332,3.8244411945343018
9,3.8273403644561768,3.8291085,5.029245,1.4286754,0.7831963047240434,3.8291101455688477
0,3.8209903240203857,3.8305154,5.0309343,1.4295187,0.8016657372984489,3.8305153846740723
1,3.827540159225464,3.8424346,5.047217,1.43271,0.7958427766871516,3.8424360752105713
2,3.8300390243530273,3.8327544,5.033623,1.4308556,0.7795999067101649,3.832752227783203
3,3.821622371673584,3.921909,5.153558,1.458447,0.8032038779257733,3.9219090938568115
4,3.8246281147003174,3.8250802,5.0238323,1.427415,0.8007876315999236,3.8250796794891357
5,3.819695234298706,3.8788486,5.095806,1.4447714,0.8042914804915794,3.878847599029541
6,3.821985960006714,3.8276422,5.0267653,1.4292359,0.7919779362984473,3.827641487121582
7,3.818152904510498,3.8383973,5.0417805,1.4314711,0.7957586141286856,3.838397741317749
8,3.8208320140838623,3.8558,5.064463,1.4383125,0.8170062485634572,3.8558006286621094
9,3.8218090534210205,3.8184905,5.015267,1.4247787,0.8047657838151199,3.8184897899627686
0,3.8143985271453857,3.8584263,5.067736,1.4396437,0.7520571535016342,3.858426332473755
1,3.81550931930542,3.8170052,5.0131183,1.4246199,0.8107532320521394,3.817004442214966
2,3.816204786300659,3.8357356,5.0386295,1.4297873,0.7925478239798586,3.83573579788208
3,3.8264997005462646,3.814854,5.010279,1.4238443,0.7997620931354864,3.8148562908172607
4,3.819471597671509,3.8171391,5.013921,1.4234159,0.8074566552635215,3.817138910293579
5,3.8272979259490967,3.8262706,5.02463,1.4293927,0.7986545218293016,3.8262712955474854
6,3.8184549808502197,3.8126857,5.007806,1.4222859,0.8151295918843758,3.8126842975616455
7,3.8155672550201416,3.8248305,5.02473,1.4248708,0.7917993722608136,3.8248305320739746
8,3.8162221908569336,3.8574228,5.06621,1.4396874,0.7877516261303267,3.8574235439300537
9,3.816140651702881,3.8155577,5.011989,1.422536,0.7839887700204153,3.8155579566955566
0,3.8134429454803467,3.8258517,5.0249066,1.4275804,0.7846012398601193,3.825850486755371
1,3.8155031204223633,3.8480215,5.054774,1.4343554,0.7880235472177073,3.848022222518921
2,3.8114075660705566,3.824543,5.0249705,1.423528,0.780879509790918,3.824542284011841
3,3.8131473064422607,3.8188334,5.0154295,1.4254806,0.7821061477961314,3.8188321590423584
4,3.8135135173797607,3.8251078,5.0237365,1.4276911,0.7859207804068451,3.8251078128814697
5,3.8116297721862793,3.8882818,5.1088834,1.4469173,0.7698432796891977,3.88828182220459
6,3.8129656314849854,3.8043907,4.997087,1.4188383,0.7901201040571084,3.8043923377990723
7,3.8127005100250244,3.8293133,5.030002,1.4277762,0.8014976177818798,3.8293137550354004
8,3.812087059020996,3.81769,5.0142136,1.4244837,0.7899495676663734,3.8176891803741455
9,3.811455249786377,3.8138552,5.0084047,1.4245962,0.7991611586194312,3.813854217529297
0,3.816756010055542,3.8372557,5.0402026,1.431201,0.8003744299153551,3.837254524230957
1,3.8080673217773438,3.805245,4.998587,1.4183991,0.8082037968888486,3.805243730545044
2,3.8129348754882812,3.8038123,4.995315,1.4206457,0.7974242405067928,3.8038105964660645
3,3.8089566230773926,3.843658,5.0491657,1.432483,0.7961263766697417,3.8436572551727295
4,3.8379576206207275,3.8154705,5.0113573,1.4235357,0.7955274912972236,3.8154711723327637
5,3.8105931282043457,3.817645,5.013034,1.4267071,0.7863451435384873,3.8176450729370117
6,3.8106114864349365,3.804373,4.996997,1.4189647,0.8151325528265664,3.804373264312744
7,3.810859203338623,3.8044102,4.996519,1.4200321,0.796612898390106,3.8044090270996094
8,3.8147995471954346,3.869007,5.08433,1.4381988,0.8042229700331449,3.869006395339966
9,3.8085250854492188,3.8421772,5.0464077,1.4335545,0.770712570521857,3.842177391052246
0,3.812429189682007,3.8163874,5.0126615,1.4236801,0.7864606761367777,3.816387891769409
1,3.805600643157959,3.8372984,5.039869,1.4319977,0.8092834567313124,3.837298631668091
2,3.805363178253174,3.8045352,4.9963603,1.4207252,0.8088822387487418,3.8045341968536377
3,3.8036882877349854,3.8099084,5.0039005,1.4217658,0.800349163778289,3.809908628463745
4,3.8054842948913574,3.8090522,5.002203,1.4225906,0.8135568873358239,3.809053421020508
5,3.806061267852783,3.8398657,5.0441227,1.4311913,0.7939236953542471,3.83986496925354
6,3.801880359649658,3.821934,5.0190043,1.4276335,0.806452015734405,3.8219335079193115
7,3.80307936668396,3.805321,4.998679,1.4184443,0.801148409556838,3.805320978164673
8,3.8155677318573,3.803855,4.9957724,1.4198613,0.7998795648899645,3.8038549423217773
9,3.8131589889526367,3.792195,4.9798007,1.4168248,0.784278566466193,3.7921946048736572
0,3.80552077293396,3.8170578,5.0130773,1.424863,0.7544660089331304,3.8170578479766846
1,3.8268489837646484,3.809073,5.0022144,1.4226321,0.8148885196345785,3.809072494506836
2,3.806401252746582,3.8326907,5.035289,1.427335,0.8031677452211984,3.8326914310455322
3,3.802450180053711,3.8376005,5.04109,1.4304609,0.7924348923611138,3.837599754333496
4,3.80057954788208,3.8134627,5.008732,1.4227668,0.8025158221623984,3.813462257385254
5,3.8069162368774414,3.8132246,5.0082994,1.4229165,0.8011166486640532,3.813223361968994
6,3.8088715076446533,3.870939,5.0822563,1.4481435,0.786319531481097,3.870938301086426
7,3.800373077392578,3.8028543,4.994952,1.4185,0.8118193574791522,3.802855968475342
8,3.8008275032043457,3.8255131,5.0255065,1.4253675,0.8077412304928231,3.8255131244659424
9,3.8015127182006836,3.8374507,5.0404067,1.4313798,0.8115629654322647,3.837451457977295
0,3.7980880737304688,3.8197663,5.0173345,1.4244707,0.7973211668471516,3.8197669982910156
1,3.8005425930023193,3.7959845,4.9860635,1.4156668,0.8007182820351201,3.7959842681884766
2,3.7982451915740967,3.829135,5.029162,1.4289211,0.8010526128710016,3.829134464263916
3,3.800006866455078,3.8576944,5.068808,1.4353052,0.7984529811703256,3.8576951026916504
4,3.7974390983581543,3.8227398,5.0200596,1.4279398,0.8072534580185812,3.822739362716675
5,3.7971534729003906,3.8217444,5.020671,1.4237317,0.8084965833287617,3.821743965148926
6,3.801673412322998,3.819937,5.0188065,1.4220401,0.8076224382837915,3.819939613342285
7,3.80098819732666,3.8136337,5.009465,1.4218112,0.814097152647795,3.8136327266693115
8,3.8070647716522217,3.7990272,4.990267,1.4163889,0.7955330818504001,3.79902720451355
9,3.801109552383423,3.9083407,5.1335964,1.4576652,0.5991804480264502,3.9083402156829834
0,3.799021005630493,3.8026962,4.995969,1.4159923,0.8012384759151084,3.8026959896087646
1,3.794877290725708,3.7909362,4.978237,1.4161774,0.8079503701848446,3.7909367084503174
2,3.7929112911224365,3.9001255,5.1241436,1.4519261,0.801165151168354,3.900125741958618
3,3.8042521476745605,3.800188,4.9924054,1.4155962,0.8183950079171233,3.800189256668091
4,3.830418825149536,3.9215057,5.1544495,1.4554545,0.7906877015118238,3.9215054512023926
5,3.8185784816741943,3.800638,4.992713,1.416329,0.809601722100607,3.8006396293640137
6,3.8000144958496094,3.878407,5.0970635,1.4409319,0.7909935864665888,3.8784079551696777
7,3.7964930534362793,3.9055502,5.1337576,1.4489731,0.8091064121972312,3.905550241470337
8,3.796302556991577,3.8070166,5.0007524,1.4193866,0.8116279199821499,3.8070156574249268
9,3.795793056488037,3.7942524,4.98408,1.4144387,0.8083042782991363,3.794252395629883
0,3.794818878173828,3.8389885,5.043036,1.4307337,0.805619985810018,3.8389892578125
1,3.797319173812866,3.814782,5.010747,1.4226924,0.7975413159853156,3.8147811889648438
2,3.790816307067871,3.8679698,5.082823,1.4381032,0.8156775561766315,3.8679685592651367
3,3.791558265686035,3.8227727,5.022808,1.4225422,0.8050148974732759,3.8227732181549072
4,3.791889190673828,3.8047657,4.99887,1.4163967,0.8166739561663457,3.8047657012939453
5,3.7910666465759277,3.8073049,5.000343,1.4210694,0.8103633537925068,3.807304859161377
6,3.7923808097839355,3.8268607,5.0271683,1.4260844,0.8081520128921778,3.826862335205078
7,3.799175977706909,3.8108916,5.0044274,1.4236599,0.7608605684852381,3.810892105102539
8,3.803663492202759,3.7870448,4.9737244,1.4135275,0.8134937671803765,3.787045478820801
9,3.7965986728668213,3.813464,5.0094748,1.4212836,0.8153683265257793,3.8134639263153076
0,3.792001247406006,3.7983415,4.989033,1.4167978,0.8053890439505107,3.7983415126800537
1,3.793132781982422,3.8240016,5.022828,1.4261876,0.8002411298856478,3.8240013122558594
2,3.8032114505767822,3.8439896,5.04453,1.4427497,0.6201139608714457,3.843989849090576
3,3.799008369445801,3.8104844,5.00519,1.4209139,0.8074007136503628,3.8104846477508545
4,3.791248083114624,3.7773886,4.961313,1.4093833,0.8161770191289818,3.7773876190185547
5,3.797516107559204,3.821457,5.0200214,1.4241682,0.816094952982465,3.821457862854004
6,3.7903099060058594,3.8306289,5.032056,1.4276154,0.8187923251288493,3.830629348754883
7,3.8052186965942383,3.803177,4.994983,1.4194071,0.8060658712100958,3.803178310394287
8,3.7889504432678223,3.7954032,4.985405,1.4152421,0.8168990610037985,3.795403242111206
9,3.789987802505493,3.8066623,4.999808,1.4202127,0.8149204395359034,3.8066625595092773
0,3.7889015674591064,3.7943637,4.9833193,1.4162933,0.8101697619193573,3.7943637371063232
1,3.7888903617858887,3.792715,4.9820304,1.413927,0.820430647861334,3.792714834213257
2,3.785428524017334,3.7929904,4.9818897,1.4150333,0.818726946387672,3.7929911613464355
3,3.7851805686950684,3.8113635,5.0066185,1.4206934,0.8068276812229053,3.8113627433776855
4,3.7899527549743652,3.823859,5.0230417,1.4253335,0.8155935049305768,3.823859214782715
5,3.7837753295898438,3.8093233,5.0023355,1.4231396,0.8000834517274232,3.809324026107788
6,3.7921392917633057,3.8561356,5.0668144,1.4346163,0.8023650124928721,3.856135368347168
7,3.7867918014526367,3.7890081,4.976341,1.4141839,0.8102058586959184,3.789008855819702
8,3.7868261337280273,3.78372,4.970429,1.4101444,0.821922318360328,3.783721446990967
9,3.787268877029419,3.8463538,5.0520406,1.434821,0.8080955428430843,3.8463544845581055
0,3.7900264263153076,3.8131976,5.008557,1.4223204,0.8132741191356324,3.813197612762451
1,3.790475845336914,3.7976482,4.9891505,1.4144833,0.8217187311159313,3.7976484298706055
2,3.7848358154296875,3.8018084,4.993861,1.4175442,0.8135636883895115,3.8018076419830322
3,3.783836841583252,3.7942708,4.9834275,1.4157965,0.8082940732482391,3.7942709922790527
4,3.7884724140167236,3.789648,4.9768004,1.4151844,0.816261722827937,3.789647102355957
5,3.79213547706604,3.8294187,5.0303936,1.4273082,0.8175889811514608,3.829420566558838
6,3.7864956855773926,3.8570797,5.0667934,1.4374909,0.8013722343353981,3.857079267501831
7,3.796024799346924,3.7890732,4.977656,1.4117503,0.8198831684865378,3.7890734672546387
8,3.7902398109436035,3.7979255,4.988221,1.4171733,0.8160770709169011,3.7979259490966797
9,3.7855544090270996,3.7918155,4.9798245,1.4156393,0.8100082094509744,3.791816234588623
0,3.783581495285034,3.7751806,4.9584885,1.4084083,0.8247515402461041,3.7751803398132324
1,3.779567241668701,3.7816675,4.966877,1.4110893,0.808968042230885,3.7816669940948486
2,3.7789409160614014,3.8057456,4.999407,1.4182638,0.8180434291906922,3.805745840072632
3,3.7831170558929443,3.7946942,4.9848056,1.4143152,0.8193939621625698,3.794693946838379
4,3.7822675704956055,3.7858167,4.9726686,1.4119544,0.8149932622049718,3.7858169078826904
5,3.7830371856689453,3.8083553,5.0009637,1.4229791,0.8044375630570184,3.8083553314208984
6,3.781104803085327,3.7984152,4.9895563,1.4159746,0.8137008155766295,3.798415184020996
7,3.7872300148010254,3.8188343,5.0171866,1.4219697,0.8131256932470773,3.8188352584838867
8,3.7812111377716064,3.7693956,4.9501567,1.4077166,0.8070272222374048,3.7693965435028076
9,3.7816219329833984,3.8158145,5.0138793,1.4195254,0.8133279880265765,3.815814256668091
0,3.7786998748779297,3.7757123,4.959204,1.4085693,0.8135587089026002,3.7757115364074707
1,3.778195381164551,3.7963452,4.9870343,1.4148083,0.8217023377057768,3.7963452339172363
2,3.777268886566162,3.8299408,5.031363,1.4269363,0.8137436580871631,3.829941749572754
3,3.778265953063965,3.785007,4.9726577,1.4095472,0.8094402822136341,3.7850072383880615
4,3.7791545391082764,3.8260057,5.0261564,1.4255444,0.814744392467944,3.826004981994629
5,3.782017946243286,3.8127608,5.0091844,1.4197533,0.8028071027033978,3.812760353088379
6,3.779108762741089,3.8033724,4.9970136,1.4159306,0.8073549475284952,3.8033711910247803
7,3.7757091522216797,3.784785,4.9713683,1.4114598,0.8152896686230221,3.7847840785980225
8,3.775726079940796,3.8410046,5.047366,1.4281206,0.8142716256223081,3.841005325317383
9,3.7783565521240234,3.7670271,4.947641,1.405643,0.8132108831911948,3.767028570175171
0,3.7796201705932617,3.812624,5.009143,1.4194269,0.8214745595127119,3.812624931335449
1,3.774475336074829,3.78123,4.9665027,1.4105257,0.8196620745046928,3.7812304496765137
2,3.7814626693725586,3.7861705,4.973279,1.4117951,0.8079068101478047,3.7861697673797607
3,3.777540445327759,3.7827895,4.9695363,1.4091378,0.8213084613060696,3.782789945602417
4,3.7707467079162598,3.8014643,4.9941206,1.4159942,0.7091568278945569,3.8014650344848633
5,3.7732930183410645,3.7979252,4.9898286,1.4139597,0.8034067979223263,3.7979254722595215
6,3.7772884368896484,3.8449912,5.050573,1.4336681,0.8137520497723085,3.84499192237854
7,3.77850079536438,3.8299148,5.0297065,1.4301709,0.8046381332837453,3.8299155235290527
8,3.772890567779541,3.7754817,4.959438,1.4074107,0.8119896321562946,3.7754809856414795
9,3.773900270462036,3.7687306,4.9505343,1.4049654,0.8158104590384959,3.7687299251556396
0,3.78326153755188,3.7782917,4.9624925,1.409732,0.812482474815397,3.778291940689087
1,3.775998592376709,3.8085139,5.003305,1.4187733,0.8125966379036986,3.8085145950317383
2,3.7751729488372803,3.8121805,5.006879,1.4226253,0.8147896390062255,3.8121798038482666
3,3.779076337814331,3.7791667,4.964415,1.408511,0.8074107240000475,3.779165744781494
4,3.7739686965942383,3.7995162,4.991437,1.415515,0.802875807733494,3.799516201019287
5,3.7729289531707764,3.7966714,4.9866023,1.4166507,0.8038271865745171,3.7966713905334473
6,3.7927892208099365,3.8525813,5.057977,1.44163,0.7959260028247029,3.852581739425659
7,3.7808656692504883,3.782256,4.968321,1.4099687,0.8152809110326619,3.7822556495666504
8,3.7727019786834717,3.7824812,4.968777,1.4097298,0.8164666545952668,3.782480239868164
9,3.7720131874084473,3.782916,4.9694996,1.4095898,0.8156917991749846,3.782917022705078
0,3.7702674865722656,3.8590107,5.070321,1.4362276,0.8176654552474678,3.859009265899658
1,3.7721567153930664,3.8149781,5.011468,1.4218394,0.8115087493015994,3.8149776458740234
2,3.771998643875122,3.7862291,4.973529,1.4114722,0.8174911253529243,3.786229133605957
3,3.7705931663513184,3.7835386,4.9681187,1.4142215,0.8152335841258231,3.7835373878479004
4,3.7698142528533936,3.7819934,4.9667377,1.4123461,0.8083806939987732,3.7819936275482178
5,3.7698581218719482,3.767812,4.9491076,1.4050624,0.8109166823821623,3.7678112983703613
6,3.7686870098114014,3.7800927,4.965821,1.4084781,0.811489203408629,3.78009295463562
7,3.7676732540130615,3.9024434,5.1229315,1.4613049,0.7418262246558656,3.9024434089660645
8,3.770362615585327,3.8256025,5.0256886,1.4252715,0.8183542245408115,3.8256025314331055
9,3.778593063354492,3.7883077,4.975509,1.4137448,0.8092293425109259,3.7883071899414062
0,3.768601417541504,3.8118181,5.007884,1.419526,0.8213203536161002,3.811816930770874
1,3.7682077884674072,3.805722,4.9964366,1.4241326,0.8143496191146218,3.8057219982147217
2,3.771315813064575,3.7716365,4.9531574,1.4084382,0.8071140193314443,3.771636486053467
3,3.7681119441986084,3.785917,4.97159,1.4144125,0.7790215001907488,3.785917043685913
4,3.7670884132385254,3.787225,4.97589,1.409735,0.8150289770300357,3.7872250080108643
5,3.765533924102783,3.7759058,4.9596944,1.408172,0.8142465569474095,3.7759058475494385
6,3.774639844894409,3.7842152,4.969173,1.4141419,0.8110236065761897,3.7842159271240234
7,3.767425537109375,3.7736661,4.957452,1.4059358,0.8041480089084111,3.773665428161621
8,3.766526460647583,3.7783482,4.9624443,1.4099982,0.8149481789609252,3.778346538543701
9,3.769275426864624,3.7871995,4.974639,1.4121627,0.8068177303627263,3.7871994972229004
0,3.7758734226226807,3.7794538,4.9642777,1.4096493,0.803200914834736,3.779452085494995
1,3.7662651538848877,3.8175023,5.013627,1.4250937,0.8147911779974326,3.8175017833709717
2,3.769953727722168,3.7735524,4.9561167,1.4082664,0.8140459219483769,3.7735514640808105
3,3.77046537399292,3.7858405,4.9725113,1.4123424,0.8071092476648527,3.7858402729034424
4,3.777614116668701,3.7658763,4.9468613,1.4037493,0.8191001581628351,3.765876293182373
5,3.764847755432129,3.7757788,4.958528,1.4101242,0.815723462955604,3.775779962539673
6,3.7623703479766846,3.7871835,4.974302,1.4127897,0.8128053358168568,3.787184000015259
7,3.763336658477783,3.7722228,4.9549747,1.4065613,0.8121946750199145,3.7722227573394775
8,3.7763335704803467,3.7699869,4.951844,1.4061145,0.8113330885898897,3.7699854373931885
9,3.7750589847564697,3.803371,4.9946423,1.4206688,0.8200184626179025,3.8033716678619385
0,3.763134717941284,3.7630117,4.9434752,1.4019251,0.8116031131565761,3.763011932373047
1,3.7613136768341064,3.7793841,4.9629397,1.412116,0.8054708916147002,3.7793843746185303
2,3.7664687633514404,3.7780018,4.9630446,1.407758,0.8211750831053005,3.7780020236968994
3,3.7624950408935547,3.7934482,4.983029,1.4141285,0.8079466213107005,3.7934491634368896
4,3.7612550258636475,3.7747147,4.9593344,1.405318,0.8067176829159505,3.774714946746826
5,3.7622921466827393,3.794571,4.9835973,1.4163601,0.8131993782369934,3.794572114944458
6,3.7643675804138184,3.765636,4.9470763,1.4025983,0.7940820532202547,3.7656354904174805
7,3.761310338973999,3.7969644,4.9897428,1.4112486,0.8211202870715902,3.7969627380371094
8,3.7625131607055664,3.7873652,4.9750805,1.4117755,0.8077755108001291,3.787365198135376
9,3.761486530303955,3.765878,4.947081,1.4033141,0.8192761890787735,3.765876531600952
0,3.76009464263916,3.805674,4.999516,1.4178303,0.8031168000003354,3.8056743144989014
1,3.7633302211761475,3.821139,5.0199666,1.4233254,0.8175712906999199,3.8211395740509033
2,3.7621612548828125,3.7728064,4.954998,1.4082658,0.8146515533196039,3.772806406021118
3,3.7614104747772217,3.7712467,4.9544215,1.4047394,0.8018072176917245,3.771247386932373
4,3.766047477722168,3.77314,4.956105,1.4070508,0.8123990041297369,3.773139715194702
5,3.7575268745422363,3.7904253,4.980332,1.4104521,0.8044435014455835,3.7904253005981445
6,3.7573132514953613,3.7577436,4.9362397,1.4005935,0.8095140122805956,3.7577433586120605
7,3.7560760974884033,3.7699578,4.952607,1.4045012,0.811841273746261,3.7699573040008545
8,3.7575674057006836,3.782794,4.969152,1.4099184,0.8106769365005781,3.78279447555542
9,3.7543699741363525,3.7475727,4.922576,1.397409,0.8112534160634086,3.7475714683532715
0,3.759197235107422,3.7739289,4.9577813,1.4060667,0.8124226051468583,3.7739298343658447
1,3.757877826690674,3.781965,4.968202,1.4093322,0.8035939707897705,3.7819645404815674
2,3.7638182640075684,3.7749908,4.9583325,1.4081501,0.8127950446358713,3.774991273880005
3,3.765275001525879,3.7891595,4.9772277,1.412864,0.80898915599513,3.7891592979431152
4,3.76528000831604,3.8145437,5.012052,1.4193667,0.8206744683697693,3.8145439624786377
5,3.757211208343506,3.764045,4.9450912,1.4017938,0.8181436049396293,3.7640440464019775
6,3.7567367553710938,3.7995808,4.993575,1.4114343,0.8183048481591506,3.7995800971984863
7,3.753727436065674,3.8128119,5.0098805,1.4185131,0.8212012694553973,3.8128111362457275
8,3.7595014572143555,3.7950273,4.9862666,1.4123884,0.8073220386213902,3.795025587081909
9,3.75797700881958,3.8141403,5.0096884,1.4228847,0.7970596870760945,3.814141273498535
0,3.766657590866089,3.8260186,5.028219,1.4214557,0.8206697217591152,3.8260176181793213
1,3.7569384574890137,3.7626557,4.941498,1.4048152,0.8144857617679324,3.7626564502716064
2,3.7530064582824707,3.760804,4.9405284,1.401198,0.8149396056556195,3.760803461074829
3,3.7604215145111084,3.7840006,4.9713573,1.4091306,0.8098460361194891,3.7840003967285156
4,3.7733805179595947,3.7769365,4.9612556,1.408139,0.7971666363719211,3.776934862136841
5,3.7561209201812744,3.7548194,4.933591,1.3971202,0.8120888133566434,3.754819631576538
6,3.7532989978790283,3.7879698,4.9777956,1.4081597,0.8127449151794331,3.7879691123962402
7,3.7595441341400146,3.776656,4.963314,1.4031817,0.8037619711489931,3.7766566276550293
8,3.7509517669677734,3.8259544,5.028167,1.421369,0.8069278804411529,3.8259551525115967
9,3.757997989654541,3.8041744,4.9994087,1.4135472,0.8194106627079973,3.804173469543457
0,3.75419545173645,3.754024,4.9329686,1.3959785,0.8177163985771383,3.7540242671966553
1,3.7524611949920654,3.7678394,4.9515076,1.4003453,0.8080799504782729,3.7678396701812744
2,3.7579944133758545,3.7772734,4.9632125,1.4052361,0.8187530307507271,3.7772738933563232
3,3.7501728534698486,3.7642148,4.9457383,1.4010112,0.7952986845916363,3.764214515686035
4,3.749809741973877,3.7449431,4.919949,1.3947741,0.817749993854499,3.744943141937256
5,3.750261068344116,3.7760723,4.9615955,1.4048694,0.8170302390050614,3.7760727405548096
6,3.751253843307495,3.7719474,4.957227,1.4012283,0.8084775412301163,3.7719473838806152
7,3.7500925064086914,3.776334,4.961344,1.4061552,0.8149005090559294,3.7763330936431885
8,3.7500252723693848,3.7636518,4.9457283,1.3993412,0.8122865502249008,3.7636516094207764
9,3.752246618270874,3.7520955,4.9306583,1.3948123,0.817114512117493,3.75209379196167
0,3.7487339973449707,3.763941,4.9452033,1.40126,0.8220294817614965,3.763941526412964
1,3.762827157974243,3.7650416,4.94734,1.4002856,0.8006351844935763,3.765040159225464
2,3.7506585121154785,3.7742639,4.9595046,1.4036251,0.815390031754405,3.7742629051208496
3,3.7498815059661865,3.7830036,4.9716477,1.4055554,0.8163254683643857,3.7830045223236084
4,3.749864339828491,3.761372,4.9440503,1.3958598,0.8094723334892804,3.7613723278045654
5,3.7464754581451416,3.7879837,4.9773817,1.4090288,0.8156854975177377,3.787982940673828
6,3.7468669414520264,3.8163471,5.0144157,1.4200497,0.7920720564708678,3.816347599029541
7,3.7602481842041016,3.7601106,4.940825,1.3985251,0.8143586571318857,3.760110378265381
8,3.757061243057251,3.8277185,5.029506,1.4239829,0.8203400859862833,3.827719211578369
9,3.7478668689727783,3.7994113,4.994021,1.4100324,0.8128814918887495,3.7994112968444824
0,3.7447052001953125,3.7692568,4.952521,1.4025707,0.8160288983443409,3.769256353378296
1,3.747687578201294,3.7670693,4.950333,1.400384,0.7985206836086544,3.76706862449646
2,3.744361639022827,3.80618,5.00076,1.41686,0.8025643451622302,3.8061795234680176
3,3.7420847415924072,3.8133082,5.004152,1.431463,0.7498879950922575,3.813308000564575
4,3.748871326446533,3.7413335,4.9171352,1.3895739,0.8119310978696037,3.7413341999053955
5,3.74165415763855,3.7693026,4.953294,1.4011611,0.7999139271132049,3.769301176071167
6,3.761209487915039,3.8298573,5.029846,1.4297212,0.5870387934274022,3.8298585414886475
7,3.7488794326782227,3.744683,4.9210973,1.3916973,0.8107175353230942,3.744682788848877
8,3.7443530559539795,3.7583375,4.938697,1.3974612,0.8179892177941905,3.7583353519439697
9,3.7446537017822266,3.747841,4.924716,1.3939356,0.8132688842023993,3.7478392124176025
0,3.7505033016204834,3.7458274,4.922134,1.3930587,0.8045581206984054,3.7458267211914062
1,3.7483139038085938,3.7689068,4.954426,1.3977104,0.8148673591066671,3.768906354904175
2,3.7392334938049316,3.7560766,4.935743,1.3965862,0.8134690525356908,3.7560765743255615
3,3.746102809906006,3.8032753,4.998664,1.4123389,0.8152203545097745,3.8032758235931396
4,3.7418878078460693,3.7427373,4.917909,1.3922378,0.8177852619693513,3.742737293243408
5,3.741680860519409,3.7750702,4.9611607,1.4027305,0.8076340824375028,3.7750699520111084
6,3.7393643856048584,3.7464747,4.9230556,1.3931566,0.8015486402351655,3.7464747428894043
7,3.745374917984009,3.7350965,4.9074903,1.3901525,0.8129853754950802,3.7350943088531494
8,3.73982572555542,3.753885,4.9317913,1.3979138,0.7832910132872024,3.753885269165039
9,3.739464521408081,3.8297682,5.0326586,1.4238257,0.8085731620130879,3.829768180847168
0,3.739935874938965,3.7613478,4.9431334,1.3976195,0.8204059921429511,3.7613484859466553
1,3.7474241256713867,3.750045,4.927019,1.3959408,0.8068620096144852,3.7500457763671875
2,3.7433793544769287,3.7312977,4.902503,1.3887291,0.8119896358530163,3.73129940032959
3,3.7371420860290527,3.732621,4.9039636,1.3897791,0.8137911811477808,3.732621431350708
4,3.741029977798462,3.7496874,4.927543,1.39382,0.8205404108183786,3.7496888637542725
5,3.7396440505981445,3.7699144,4.953592,1.4024025,0.8189250464837458,3.7699151039123535
6,3.743764877319336,3.7730567,4.9574766,1.4040598,0.8128934859914044,3.7730584144592285
7,3.742342710494995,3.8640769,5.081658,1.4287531,0.8199853327224307,3.864077568054199
8,3.7357046604156494,3.7661498,4.946431,1.4054308,0.77942446930516,3.766148328781128
9,3.7395706176757812,3.7849097,4.9747624,1.4050462,0.8109270603999406,3.784909248352051
0,3.7451674938201904,3.7614956,4.9419403,1.4004488,0.8083602274316237,3.7614967823028564
1,3.7459564208984375,3.731038,4.9028745,1.3872077,0.8075714562446786,3.7310376167297363
2,3.73745059967041,3.7747796,4.9592137,1.4057516,0.8179105898758199,3.7747795581817627
3,3.740940809249878,3.7523243,4.931111,1.3945957,0.807178806932972,3.752326011657715
4,3.736233949661255,3.7531874,4.9315705,1.3962632,0.8125145805800488,3.7531871795654297
5,3.735525608062744,3.7404487,4.9154167,1.3903561,0.8014207467305883,3.740448474884033
6,3.7350449562072754,3.7854607,4.9752774,1.4056693,0.8088375142216264,3.785461664199829
7,3.737957715988159,3.7355332,4.909202,1.3880389,0.823226528942676,3.73553204536438
8,3.73517107963562,3.7842968,4.975186,1.4023608,0.8089086974280326,3.7842965126037598
9,3.737675905227661,3.7472553,4.923965,1.3936782,0.8063304387443931,3.747253894805908
0,3.7364249229431152,3.7467368,4.9221606,1.395733,0.8135970950115233,3.746736526489258
1,3.7326087951660156,3.7468514,4.9243875,1.3916222,0.8129146542901691,3.746852397918701
2,3.7311456203460693,3.7440102,4.919535,1.3928047,0.8103212111279356,3.744011640548706
3,3.7326338291168213,3.7532392,4.9311376,1.3972838,0.8070385191276963,3.7532382011413574
4,3.733311414718628,3.7652943,4.9491415,1.3974411,0.38132708710777463,3.765293598175049
5,3.7369046211242676,3.7756476,4.962487,1.4018103,0.7738808644737933,3.775648355484009
6,3.7370169162750244,3.7512515,4.928905,1.3957877,0.7885763034866536,3.7512521743774414
7,3.732120990753174,3.7520506,4.9305077,1.3949811,0.7930346867746811,3.752051830291748
8,3.732647180557251,3.75819,4.938851,1.3967093,0.8103070928851166,3.7581899166107178
9,3.731835126876831,3.7366838,4.909518,1.3908589,0.8065414836024178,3.7366838455200195
0,3.7328741550445557,3.7370265,4.9109097,1.3891033,0.8174274588999182,3.737027168273926
1,3.733433485031128,3.7553754,4.9356585,1.3946512,0.8157740496076357,3.755375623703003
2,3.7328238487243652,3.7605076,4.9424386,1.3964891,0.8130778328245258,3.7605082988739014
3,3.732146739959717,3.7273722,4.8974066,1.3871474,0.8055920261598047,3.7273731231689453
4,3.7330172061920166,3.767422,4.9496956,1.4027172,0.8003327178235908,3.7674219608306885
5,3.7344300746917725,3.7435517,4.91875,1.3929982,0.788803006464781,3.7435531616210938
6,3.731090784072876,3.7277992,4.8981986,1.3868434,0.817071665158631,3.7277989387512207
7,3.7334563732147217,3.7323554,4.904916,1.3870788,0.8094027230663466,3.732356071472168
8,3.738860845565796,3.831196,5.036389,1.4206492,0.8095577769976943,3.8311960697174072
9,3.730990171432495,3.7339394,4.9060616,1.3895398,0.8107206176896764,3.7339394092559814
0,3.730067253112793,3.7449195,4.921394,1.3918147,0.7964221999865367,3.744919776916504
1,3.7300124168395996,3.7818565,4.971047,1.4033184,0.8106770170797355,3.7818548679351807
2,3.7322332859039307,3.76291,4.946022,1.3965273,0.8036605392960248,3.7629096508026123
3,3.736159086227417,3.7474093,4.9244537,1.3931639,0.8003970203861142,3.7474098205566406
4,3.73740553855896,3.7380137,4.910757,1.3923703,0.7941243861059178,3.7380146980285645
5,3.7344250679016113,3.7545986,4.9336815,1.396276,0.8168154040074713,3.754598617553711
6,3.7274928092956543,3.7543292,4.9346113,1.3936073,0.8231102300391587,3.7543299198150635
7,3.728909730911255,3.742118,4.916732,1.3927327,0.8157524955775015,3.742117404937744
8,3.7286765575408936,3.7415085,4.9163127,1.3917435,0.819232287256012,3.7415077686309814
9,3.7284035682678223,3.761268,4.941052,1.401543,0.8138861401929115,3.761268377304077
0,3.7278635501861572,3.7229228,4.8926015,1.3834102,0.805112363265018,3.7229228019714355
1,3.7287564277648926,3.7429507,4.9183006,1.3920946,0.8047386662769974,3.7429513931274414
2,3.729259967803955,3.7559576,4.936335,1.395046,0.810960908669799,3.7559571266174316
3,3.727949619293213,3.7634697,4.946161,1.3979307,0.779518725748098,3.763469934463501
4,3.7255074977874756,3.7553108,4.933606,1.398563,0.8161662671955286,3.7553117275238037
5,3.732682943344116,3.7445216,4.9202285,1.39295,0.8080468406175579,3.744521141052246
6,3.7333619594573975,3.73506,4.908979,1.3870666,0.7929601182488698,3.735060691833496
7,3.7309606075286865,3.7947373,4.988092,1.4078684,0.8047785725334924,3.7947373390197754
8,3.7282822132110596,3.7312784,4.903518,1.386642,0.7606144399709382,3.7312777042388916
9,3.7280726432800293,3.7417428,4.916876,1.3913206,0.8221257650111394,3.7417430877685547
0,3.7283260822296143,3.7543044,4.9334564,1.3958437,0.7983338875068783,3.754305124282837
1,3.728529930114746,3.7399757,4.91432,1.3911314,0.8201696950362901,3.7399775981903076
2,3.7268247604370117,3.7942805,4.985866,1.4109517,0.8172420652613239,3.794280767440796
3,3.7235496044158936,3.7220538,4.8908825,1.3842422,0.7975420536908728,3.722053050994873
4,3.7229580879211426,3.7200267,4.8886123,1.3827,0.8073531615751538,3.720026731491089
5,3.7269504070281982,3.7301311,4.9016786,1.3868797,0.7920514177149716,3.730130672454834
6,3.740582227706909,3.7602437,4.9403486,1.3998746,0.7769143890183975,3.7602427005767822
7,3.7303268909454346,3.7335627,4.905047,1.390439,0.7900715928929749,3.7335619926452637
8,3.7224857807159424,3.7342522,4.9067,1.3892003,0.7848376190852067,3.734250783920288
9,3.7238662242889404,3.7500226,4.9277234,1.3944635,0.7864786624574747,3.750023603439331
0,3.7238802909851074,3.743083,4.918594,1.3919042,0.8146500962397636,3.7430827617645264
1,3.731609344482422,3.732707,4.904037,1.3898929,0.8162156238732834,3.732708215713501
2,3.721666097640991,3.7428608,4.917876,1.3926748,0.8176863724829051,3.7428605556488037
3,3.7241013050079346,3.7397463,4.913836,1.39141,0.8120333196210362,3.7397472858428955
4,3.7287793159484863,3.7225103,4.8924336,1.3825065,0.8071571464429401,3.7225100994110107
5,3.724646806716919,3.7695634,4.9544635,1.399605,0.8006160996867134,3.7695627212524414
6,3.7243971824645996,3.8028286,4.998482,1.4113594,0.8125870132421481,3.802828311920166
7,3.7278404235839844,3.742876,4.918781,1.3909115,0.8049118104165656,3.7428767681121826
8,3.7247350215911865,3.7415648,4.9167175,1.3911042,0.8197305046081219,3.7415647506713867
9,3.730955123901367,3.7444584,4.9214144,1.390389,0.8021590752541967,3.744457721710205
0,3.726688861846924,3.7523267,4.9311767,1.3944703,0.8143687758015205,3.7523269653320312
1,3.7224810123443604,3.7534027,4.9331627,1.3937255,0.8043221322541881,3.7534027099609375
2,3.7255806922912598,3.7689207,4.9538827,1.3988391,0.8063980980363599,3.7689192295074463
3,3.722501516342163,3.7576292,4.9380403,1.39665,0.8214327017611125,3.757629156112671
4,3.728203296661377,3.7290335,4.898875,1.3891944,0.7965347580888464,3.729034185409546
5,3.7235798835754395,3.7702863,4.9539394,1.4028219,0.8170272198098031,3.770287036895752
6,3.727952003479004,3.721337,4.889006,1.3858438,0.8076148427852016,3.7213361263275146
7,3.735260248184204,3.750303,4.9282722,1.3942082,0.8218472806328954,3.750302791595459
8,3.722668170928955,3.734118,4.9075017,1.387194,0.8055872737893364,3.7341182231903076
9,3.7192318439483643,3.7501013,4.9275055,1.3951368,0.7939528886737005,3.7501003742218018
0,3.722869873046875,3.779707,4.9665985,1.4057657,0.8161420425352575,3.779707193374634
1,3.7243361473083496,3.728077,4.89742,1.3892331,0.8147480073458925,3.7280781269073486
2,3.7223732471466064,3.7406235,4.916979,1.387756,0.8098744784327658,3.7406222820281982
3,3.7233705520629883,3.7221596,4.8916154,1.3830916,0.8206778380087232,3.722158670425415
4,3.723379135131836,3.7396877,4.9140697,1.3907677,0.7915104495501476,3.739687919616699
5,3.722602128982544,3.7374556,4.911584,1.3890437,0.7465233203977542,3.737454891204834
6,3.7259328365325928,3.7755322,4.963771,1.3988956,0.819473427783988,3.7755329608917236
7,3.719766855239868,3.727161,4.898651,1.3840249,0.8037124899086617,3.7271602153778076
8,3.72343111038208,3.7353842,4.90848,1.3890369,0.8106682497340801,3.735386371612549
9,3.722174644470215,3.7755837,4.965265,1.3960625,0.8179222510188895,3.7755839824676514
0,3.721163272857666,3.7903457,4.9822493,1.406381,0.8136692233105176,3.790343999862671
1,3.72280216217041,3.756207,4.9359164,1.3966304,0.8081228038066971,3.75620698928833
2,3.7181830406188965,3.7314239,4.9024925,1.389131,0.7992819796072147,3.731423854827881
3,3.719589948654175,3.7313411,4.9034667,1.3869334,0.8104528888869393,3.731341600418091
4,3.723997116088867,3.723942,4.8935056,1.3846582,0.8019055529987602,3.723940849304199
5,3.7226274013519287,3.7381122,4.912868,1.388442,0.7364855004124906,3.7381134033203125
6,3.7242014408111572,3.7298186,4.9013224,1.3866538,0.7963888874099303,3.7298169136047363
7,3.717501640319824,3.725183,4.8963785,1.3826354,0.7913896546476425,3.725181818008423
8,3.7193377017974854,3.7405722,4.915187,1.391186,0.7855804277623504,3.7405712604522705
9,3.719210386276245,3.7175798,4.88486,1.3828646,0.7855261468356376,3.7175791263580322
0,3.720700979232788,3.787649,4.9775696,1.4076495,0.8111867898490788,3.7876479625701904
1,3.7176315784454346,3.804444,4.9997325,1.413708,0.8094291583470064,3.804443120956421
2,3.721886396408081,3.740374,4.9145937,1.3917795,0.7081554143414428,3.7403740882873535
3,3.7180111408233643,3.732028,4.904093,1.3877411,0.8169819783025198,3.7320287227630615
4,3.7210135459899902,3.7110858,4.876402,1.3802981,0.8038537453162667,3.7110865116119385
5,3.719200372695923,3.7174795,4.885548,1.3811862,0.8174030156347976,3.717480182647705
6,3.718217134475708,3.7176173,4.884296,1.3841045,0.8050423185584077,3.7176167964935303
7,3.718512535095215,3.7874365,4.9781513,1.4058466,0.7965836561407987,3.7874350547790527
8,3.7185184955596924,3.77123,4.9559484,1.401636,0.810587286443921,3.771230936050415
9,3.7217013835906982,3.7250674,4.8949556,1.3851336,0.780975772767616,3.725066661834717
0,3.7179245948791504,3.836807,5.0399437,1.4303751,0.7660425753210182,3.8368070125579834
1,3.7268669605255127,3.730119,4.9026423,1.3849149,0.8090503661408115,3.730118989944458
2,3.717924118041992,3.736505,4.91025,1.3888576,0.818244218901189,3.736504316329956
3,3.7193000316619873,3.777878,4.9643106,1.4048563,0.7676752021417166,3.77787709236145
4,3.715129852294922,3.7496114,4.9285645,1.3915477,0.8112792512709325,3.749610424041748
5,3.7155354022979736,3.727221,4.897611,1.3862839,0.8087546477107264,3.727221727371216
6,3.7178776264190674,3.7411566,4.916874,1.3895658,0.8002316319820981,3.741156578063965
7,3.7147510051727295,3.740581,4.9158344,1.3899163,0.7847496987099756,3.7405805587768555
8,3.713803291320801,3.7228875,4.892144,1.3842177,0.801188281363505,3.7228875160217285
9,3.715491533279419,3.764799,4.947879,1.3984829,0.8042877988728961,3.7647995948791504
0,3.717747688293457,3.737002,4.9106174,1.3896124,0.8087787347978302,3.7370028495788574
1,3.7220208644866943,3.7194233,4.8875294,1.3830565,0.8077053033701127,3.719423294067383
2,3.717968225479126,3.7340474,4.908405,1.385177,0.7446129132471143,3.7340469360351562
3,3.715179681777954,3.7182517,4.8858056,1.3829901,0.8175693853041611,3.718252182006836
4,3.7162182331085205,3.735254,4.907726,1.3901539,0.5902322382045175,3.7352542877197266
5,3.7123868465423584,3.7369044,4.910773,1.389011,0.7965276913479804,3.7369039058685303
6,3.7140448093414307,3.717733,4.885145,1.382753,0.7880436346211268,3.7177329063415527
7,3.717909812927246,3.7979329,4.991896,1.409846,0.8162018239261414,3.797931671142578
8,3.719269275665283,3.7184222,4.88643,1.3822511,0.7543434255584182,3.7184226512908936
9,3.718163251876831,3.7153914,4.881552,1.3829125,0.8167951189105251,3.715390682220459
0,3.715909719467163,3.8585432,5.070022,1.4354242,0.7710680949527591,3.8585431575775146
1,3.7162351608276367,3.740509,4.9146543,1.3920623,0.8105868596316516,3.740510940551758
2,3.716982364654541,3.7391264,4.9150105,1.3872027,0.8106378059948633,3.7391269207000732
3,3.7126801013946533,3.7184486,4.886253,1.3826845,0.815071084750668,3.718449592590332
4,3.7127485275268555,3.7569315,4.938087,1.3944632,0.7504122111136288,3.756930112838745
5,3.7174835205078125,3.7796345,4.9683876,1.4019703,0.8153351498100764,3.779635190963745
6,3.7150957584381104,3.7048085,4.867905,1.3784608,0.8108953276244542,3.7048094272613525
7,3.712658643722534,3.721919,4.891291,1.3830191,0.802102757250376,3.7219204902648926
8,3.7113943099975586,3.7369273,4.910867,1.3888909,0.820031918866831,3.736926794052124
9,3.708921194076538,3.7152247,4.881551,1.382415,0.8109695442521506,3.715224266052246
0,3.7173376083374023,3.769757,4.9561234,1.396867,0.502433075421229,3.7697575092315674
1,3.712841749191284,3.7097626,4.874874,1.3793845,0.8157857851018085,3.7097623348236084
2,3.7114815711975098,3.735505,4.908348,1.3896632,0.8145950253514275,3.7355051040649414
3,3.71663236618042,3.7629073,4.945613,1.397338,0.7672823013372577,3.7629077434539795
4,3.71160888671875,3.7493994,4.9267387,1.3945627,0.811446569196217,3.7493996620178223
5,3.7142908573150635,3.7150803,4.881362,1.3823621,0.8214219445306433,3.715078592300415
6,3.712859630584717,3.7359922,4.91034,1.3871393,0.7955478538068061,3.735992193222046
7,3.71506667137146,3.7302947,4.9018016,1.3871233,0.8210163701259423,3.730294942855835
8,3.711534023284912,3.7474282,4.92354,1.3950484,0.8107368320252398,3.747427463531494
9,3.71500301361084,3.7078488,4.8727703,1.3778492,0.8130854182635856,3.707848310470581
0,3.712113857269287,3.7183666,4.885494,1.3839554,0.8007891003468756,3.71836519241333
1,3.710023880004883,3.7452402,4.920757,1.3940511,0.8024217032080456,3.7452402114868164
2,3.7163398265838623,3.7725348,4.957578,1.402291,0.8184647085722969,3.772534132003784
3,3.7108373641967773,3.7483695,4.925504,1.3939444,0.8155854027581555,3.7483701705932617
4,3.711369752883911,3.835954,5.0426054,1.4224899,0.8041035240714015,3.8359546661376953
5,3.7142679691314697,3.7074249,4.8710375,1.3800449,0.8011542083654452,3.7074241638183594
6,3.7136635780334473,3.7715483,4.9570312,1.4004238,0.7723136591570307,3.7715487480163574
7,3.71075701713562,3.8498409,5.0616555,1.4260495,0.8070643010917093,3.8498408794403076
8,3.711430788040161,3.726627,4.895218,1.3892885,0.8160456136665427,3.7266287803649902
9,3.717146873474121,3.7216449,4.890327,1.3841237,0.8156336456971431,3.7216434478759766
0,3.71224045753479,3.7127917,4.8785877,1.3810431,0.8103559904661448,3.7127928733825684
1,3.709709405899048,3.7685337,4.9528303,1.3997837,0.8072040130813865,3.76853346824646
2,3.708850145339966,3.7460961,4.9218593,1.3944134,0.6993727987452045,3.746096134185791
3,3.7114717960357666,3.7365894,4.9094944,1.3906233,0.6700240691897424,3.7365894317626953
4,3.7094454765319824,3.7197413,4.8870726,1.3849227,0.7856033697466782,3.7197422981262207
5,3.707514524459839,3.7655385,4.9477787,1.4008993,0.8026443468508764,3.7655391693115234
6,3.7102935314178467,3.7294207,4.900613,1.3868814,0.8253524113881195,3.729421854019165
7,3.7146570682525635,3.7648404,4.9474983,1.399368,0.8085727102974627,3.764841079711914
8,3.71195125579834,3.750417,4.9288044,1.3934869,0.8101330473665475,3.7504167556762695
9,3.7136240005493164,3.7319474,4.9063106,1.383065,0.47374153448967704,3.731947422027588
0,3.710744619369507,3.695499,4.855486,1.3753701,0.8118671083950814,3.695500373840332
1,3.713116407394409,3.7462015,4.9234576,1.3915317,0.8198156092657879,3.7462007999420166
2,3.71118426322937,3.7233245,4.8914347,1.3869483,0.7920950277809932,3.7233242988586426
3,3.7087149620056152,3.724126,4.8932576,1.3857085,0.8171034966124656,3.724127769470215
4,3.7080142498016357,3.7478123,4.9258556,1.3915669,0.8147598109527912,3.7478115558624268
5,3.7075984477996826,3.7255552,4.895035,1.386441,0.8115184527683611,3.7255561351776123
6,3.7110400199890137,3.7116683,4.877049,1.3807505,0.8185639470183752,3.711667537689209
7,3.7090277671813965,3.761395,4.9436164,1.396794,0.7887382579922824,3.7613961696624756
8,3.7056500911712646,3.8269382,5.03263,1.4153937,0.8191149292426216,3.8269383907318115
9,3.70713472366333,3.7378166,4.912387,1.388518,0.8208796316111173,3.7378151416778564
0,3.7060353755950928,3.694001,4.8532343,1.3753794,0.8168808765448563,3.6940009593963623
1,3.705038547515869,3.937669,5.1798925,1.4530556,0.8128185775929323,3.937669038772583
2,3.7132444381713867,3.7221847,4.892092,1.3822126,0.8135252157017389,3.7221853733062744
3,3.712571620941162,3.7405205,4.91555,1.3903054,0.8044994600506299,3.7405200004577637
4,3.714461326599121,3.7053115,4.8684,1.3789793,0.8022561976616793,3.705310106277466
5,3.710930585861206,3.7210016,4.890589,1.381672,0.8181222758767084,3.721003532409668
6,3.711616039276123,3.7239037,4.8924026,1.3867501,0.8128250178704409,3.7239034175872803
7,3.716418981552124,3.7811823,4.9708824,1.4016247,0.8154160763408399,3.7811825275421143
8,3.7075963020324707,3.7517068,4.9297256,1.3955112,0.8135889403271744,3.7517073154449463
9,3.7075271606445312,3.7538335,4.9346185,1.392108,0.8194034442169879,3.7538347244262695
0,3.707815170288086,3.746704,4.923771,1.3924149,0.8140232602889758,3.7467031478881836
1,3.7063324451446533,3.7188115,4.887529,1.3812207,0.7959089908804122,3.7188122272491455
2,3.707202911376953,3.7274432,4.899227,1.383718,0.7990013533012792,3.7274444103240967
3,3.7041304111480713,3.7105021,4.8753777,1.3805952,0.7872187828861965,3.710502862930298
4,3.706284999847412,3.7305346,4.9002604,1.3909258,0.8108465047505202,3.7305331230163574
5,3.7081573009490967,3.7222576,4.8911257,1.3843662,0.8010173500053243,3.7222583293914795
6,3.705528497695923,3.7349467,4.909618,1.3854468,0.8189901282084151,3.73494553565979
7,3.7085232734680176,3.7160757,4.882875,1.3823214,0.8005518078642199,3.716073989868164
8,3.7048935890197754,3.8058448,5.004178,1.4090196,0.7942605216043686,3.8058454990386963
9,3.7082650661468506,3.768332,4.950095,1.4046484,0.7415065748430825,3.7683324813842773
0,3.704186201095581,3.7385368,4.91114,1.3931733,0.7839745093430366,3.738536834716797
1,3.7062017917633057,3.7350025,4.908834,1.3871822,0.5351275817123462,3.735001564025879
2,3.7072298526763916,3.7243884,4.8949065,1.3831974,0.7399832919238091,3.7243878841400146
3,3.7035772800445557,3.7040932,4.867369,1.3773861,0.7869353220919574,3.7040939331054688
4,3.705944299697876,3.6965196,4.8570623,1.3752782,0.817811393006515,3.6965203285217285
5,3.703685760498047,3.7419531,4.916979,1.3917453,0.8164044218436733,3.7419521808624268
6,3.7060418128967285,3.7174814,4.885481,1.381325,0.8157967611608338,3.7174806594848633
7,3.7038676738739014,3.7279093,4.898342,1.3868874,0.8108021269349414,3.727907180786133
8,3.7048392295837402,3.7309973,4.9020624,1.3887103,0.796629294824392,3.7309980392456055
9,3.708714723587036,3.753437,4.932144,1.3958657,0.8026196501715471,3.7534375190734863
0,3.711963176727295,3.7078571,4.870856,1.3817033,0.8044604080739644,3.707858085632324
1,3.7056467533111572,3.7048786,4.867794,1.3788933,0.8171089538821567,3.704878330230713
2,3.702770709991455,3.7448502,4.9213095,1.3917738,0.8009306625144677,3.7448506355285645
3,3.703291177749634,3.725003,4.895067,1.3847189,0.8077098922264798,3.7250022888183594
4,3.7012462615966797,3.7188692,4.8859324,1.3845867,0.8037223205464719,3.71886944770813
5,3.7059319019317627,3.7479005,4.926976,1.3895904,0.7030041709404702,3.74790096282959
6,3.7055959701538086,3.7470336,4.9242964,1.3923523,0.8104910862129148,3.7470343112945557
7,3.705399513244629,3.715633,4.882401,1.3819433,0.8148610886424746,3.7156341075897217
8,3.6991844177246094,3.7411265,4.9184155,1.3863919,0.506846914785836,3.741126537322998
9,3.707810163497925,3.8584921,5.0754066,1.4245019,0.809151559505012,3.8584933280944824
0,3.7104899883270264,3.7178888,4.8856435,1.3822232,0.819614480194442,3.717888593673706
1,3.7039921283721924,3.7169406,4.884389,1.381889,0.7900131358935821,3.7169408798217773
2,3.702768325805664,3.730993,4.903195,1.3864328,0.8117467301971606,3.7309935092926025
3,3.7029101848602295,3.7206204,4.888337,1.3850324,0.7968651696628685,3.7206218242645264
4,3.70175838470459,3.7150576,4.8822722,1.3804728,0.8029229873484053,3.7150580883026123
5,3.707240343093872,3.7085457,4.873396,1.37869,0.74623436864551,3.708545207977295
6,3.711580753326416,3.7159684,4.882939,1.3818713,0.8119596912286096,3.7159688472747803
7,3.7072789669036865,3.7152467,4.882599,1.3803858,0.8162759708637853,3.71524715423584
8,3.703381299972534,3.7715955,4.958149,1.3983307,0.8173767838523253,3.7715954780578613
9,3.7032511234283447,3.6920967,4.851316,1.3735044,0.7975430208434666,3.692096710205078
0,3.700087070465088,3.7121286,4.877248,1.3817341,0.7902507909312186,3.7121288776397705
1,3.700488567352295,3.7006168,4.8631425,1.3754096,0.8018132807447994,3.7006161212921143
2,3.698451519012451,3.7998533,4.9941063,1.4111872,0.8189364724808151,3.799853563308716
3,3.701916217803955,3.723673,4.892478,1.3859075,0.791820575613638,3.7236735820770264
4,3.7064905166625977,3.7002506,4.8627396,1.3751174,0.7330381435285178,3.7002508640289307
5,3.703523874282837,3.719021,4.8863792,1.384149,0.8161981885210889,3.7190210819244385
6,3.700474262237549,3.7035067,4.86666,1.3770454,0.8120904944020754,3.703505277633667
7,3.701059103012085,3.7084532,4.8731685,1.3788673,0.810931746019614,3.7084529399871826
8,3.6988277435302734,3.7701466,4.956004,1.398275,0.7909211284681514,3.7701456546783447
9,3.70089054107666,3.7157326,4.882754,1.3815343,0.7973567206965052,3.7157325744628906
0,3.701723575592041,3.7800796,4.970297,1.3994867,0.8195649914178693,3.780078411102295
1,3.699293851852417,3.790688,4.985223,1.4014589,0.42553556565470696,3.7906887531280518
2,3.709044933319092,3.7144935,4.8818226,1.3796796,0.7843226366528476,3.7144935131073
3,3.699509859085083,3.7328598,4.905532,1.38736,0.8100888900895153,3.7328591346740723
4,3.6999731063842773,3.693705,4.853447,1.374067,0.8087053085765615,3.6937036514282227
5,3.7235052585601807,3.7451525,4.922457,1.3903855,0.7922712053858789,3.745152473449707
6,3.699314832687378,3.7346516,4.908511,1.3867776,0.7913601662561756,3.734651565551758
7,3.700197458267212,3.722966,4.8910522,1.3866391,0.7831496865032485,3.722965955734253
8,3.7067434787750244,3.747874,4.925163,1.3931391,0.7879787578434944,3.7478740215301514
9,3.7043793201446533,3.7171268,4.8854823,1.3802594,0.8144505414549288,3.7171263694763184
0,3.699890375137329,3.7030935,4.8660903,1.3769443,0.8099556737906369,3.7030935287475586
1,3.6969003677368164,3.7409747,4.9169016,1.3889636,0.7697028589073633,3.740973711013794
2,3.699918270111084,3.7114534,4.8779554,1.3782916,0.7589127104886426,3.7114531993865967
3,3.696662425994873,3.7415679,4.9185305,1.387485,0.793329033081357,3.741567850112915
4,3.6997036933898926,3.708491,4.872913,1.3794936,0.8000297788458881,3.7084925174713135
5,3.6995468139648438,3.6998158,4.8621397,1.375014,0.7914700096220262,3.6998162269592285
6,3.7022223472595215,3.7580297,4.939533,1.3948653,0.7988073927836572,3.7580294609069824
7,3.699030637741089,3.7148945,4.881946,1.3806373,0.8025860477607175,3.7148947715759277
8,3.7038745880126953,3.7377896,4.912377,1.3884593,0.756574891381815,3.737790107727051
9,3.6995153427124023,3.7503073,4.9289722,1.3928204,0.805325599257338,3.750307321548462
0,3.6988062858581543,3.76358,4.9463205,1.3979412,0.7959778580356686,3.7635786533355713
1,3.7074694633483887,3.7875195,4.976021,1.4103596,0.7969570100694967,3.787519693374634
2,3.7090399265289307,3.7030435,4.8656707,1.3776346,0.808738227238429,3.7030434608459473
3,3.7050323486328125,3.7043407,4.868021,1.376826,0.8083584482260427,3.704341411590576
4,3.7113921642303467,3.714397,4.8810143,1.3810067,0.7565333250682051,3.7143986225128174
5,3.7008159160614014,3.718167,4.8867345,1.3808771,0.8047640591043471,3.718167781829834
6,3.6967673301696777,3.7035713,4.867284,1.3759909,0.7928088683183809,3.7035720348358154
7,3.7018465995788574,3.751292,4.9329686,1.3877825,0.8146935579235801,3.7512917518615723
8,3.6988813877105713,3.7175918,4.885775,1.3810673,0.8123530579736346,3.7175910472869873
9,3.7001521587371826,3.736854,4.9106073,1.3891919,0.7968481582037421,3.736854076385498
0,3.695361375808716,3.7185051,4.8879986,1.379362,0.8142105591911593,3.7185051441192627
1,3.7002718448638916,3.7599552,4.942296,1.3951143,0.8230313080012343,3.759953737258911
2,3.6970789432525635,3.7536128,4.9336414,1.3933996,0.7904094403860552,3.753612756729126
3,3.6983580589294434,3.691831,4.8522096,1.3709193,0.8144595306512185,3.691831111907959
4,3.695265054702759,3.7127137,4.8812876,1.3754106,0.6586308402324651,3.7127130031585693
5,3.694135904312134,3.7366924,4.910538,1.3888433,0.7949944065064587,3.7366931438446045
6,3.710785150527954,3.7285013,4.898951,1.3874462,0.7767640050345896,3.728501558303833
7,3.6983888149261475,3.7137914,4.879916,1.3813864,0.8145798735775526,3.7137904167175293
8,3.7004551887512207,3.725201,4.8966393,1.3821682,0.7183982342976118,3.725200653076172
9,3.696769952774048,3.7037706,4.867224,1.3767084,0.7998608408353498,3.7037696838378906
0,3.694092035293579,3.6883118,4.8459754,1.3728305,0.7942633347763307,3.6883111000061035
1,3.6973602771759033,3.6983979,4.8598113,1.3754165,0.8122625813395272,3.6983985900878906
2,3.6999425888061523,3.7059057,4.870187,1.3771899,0.8188608831372237,3.7059061527252197
3,3.7004151344299316,3.7513556,4.928669,1.3965713,0.8178275675431417,3.751354932785034
4,3.6952152252197266,3.717451,4.884132,1.3839328,0.8154016642774238,3.717451810836792
5,3.70216703414917,3.8078055,5.006058,1.4111406,0.8144920491484887,3.807805299758911
6,3.700187921524048,3.746162,4.9252305,1.3878676,0.8158153417390182,3.746162176132202
7,3.7045557498931885,3.7407908,4.9181266,1.3859617,0.7998473903556644,3.740791082382202
8,3.6964354515075684,3.7242122,4.895435,1.3816111,0.8051135974112603,3.7242116928100586
9,3.6987006664276123,3.6843722,4.841497,1.369969,0.8007813843176451,3.68437123298645
0,3.6928327083587646,3.7227995,4.8940268,1.3801875,0.7860249949299402,3.7228002548217773
1,3.6937801837921143,3.778166,4.961326,1.4116882,0.8009082142668164,3.778165340423584
2,3.6949684619903564,3.7173514,4.885351,1.3811971,0.809441039063283,3.7173521518707275
3,3.6968564987182617,3.7416685,4.9173617,1.3901242,0.8132524924371644,3.741666793823242
4,3.6996796131134033,3.7252183,4.8970337,1.3814311,0.7271142872229325,3.7252187728881836
5,3.691319704055786,3.7215676,4.8910656,1.382416,0.7813960565863289,3.721569061279297
6,3.6960840225219727,3.7266333,4.898924,1.3818966,0.7941677040164874,3.726632833480835
7,3.693233013153076,3.7054307,4.870877,1.3743836,0.7896348619431475,3.705430269241333
8,3.696528673171997,3.7515619,4.933038,1.3884509,0.7556706178293813,3.7515621185302734
9,3.6928184032440186,3.7183716,4.8876038,1.3797518,0.81227194320179,3.7183728218078613
0,3.6916747093200684,3.7204876,4.889657,1.3819927,0.8152167689040768,3.7204880714416504
1,3.6945950984954834,3.6878293,4.8466783,1.3699776,0.813341881687364,3.687828779220581
2,3.699812650680542,3.8962035,5.116192,1.4560647,0.7350241811892331,3.896202564239502
3,3.7058756351470947,3.7006037,4.864142,1.3733717,0.7931284332827846,3.70060396194458
4,3.69477915763855,3.8099737,5.008694,1.4123721,0.7544524821301597,3.8099732398986816
5,3.6958093643188477,3.759895,4.94175,1.396027,0.8002482189127157,3.7598938941955566
6,3.700993537902832,3.7781808,4.9619775,1.4104294,0.6837445898163367,3.7781805992126465
7,3.6966896057128906,3.6963625,4.85795,1.3730326,0.7964759147057665,3.6963627338409424
8,3.690791606903076,3.7668247,4.952013,1.3962907,0.8116284440737367,3.76682448387146
9,3.6954097747802734,3.7079911,4.872964,1.3778898,0.8057593549059265,3.707991123199463
0,3.6937575340270996,3.714231,4.880788,1.3809607,0.80053625172209,3.7142298221588135
1,3.718320369720459,3.715616,4.8824015,1.3818887,0.7900183428581131,3.71561598777771
2,3.6977803707122803,3.7409248,4.9159884,1.3906418,0.796316255110841,3.7409250736236572
3,3.694483757019043,3.7151372,4.8823814,1.3804939,0.7149755838925869,3.7151379585266113
4,3.6931049823760986,3.7072213,4.871127,1.3792548,0.7901822021633662,3.7072203159332275
5,3.691192626953125,3.7180083,4.8864727,1.3809224,0.7869799154892415,3.7180068492889404
6,3.690229654312134,3.71404,4.881522,1.3789203,0.8183035376042695,3.7140402793884277
7,3.6927006244659424,3.7035718,4.866177,1.3782059,0.7979512713083026,3.7035703659057617
8,3.7475669384002686,3.702786,4.8665123,1.3751775,0.8107131193389727,3.7027852535247803
9,3.697744607925415,3.7310429,4.90359,1.3857927,0.8038612989273551,3.7310428619384766
0,3.6942594051361084,3.6955137,4.856924,1.3725382,0.8131378330059096,3.6955130100250244
1,3.6925179958343506,3.7244697,4.8938813,1.3854904,0.8086147782677847,3.7244701385498047
2,3.694169521331787,3.7000802,4.8628244,1.3744367,0.7452758573123822,3.700080156326294
3,3.6890954971313477,3.7268603,4.8984113,1.3836026,0.8177618240633309,3.726860761642456
4,3.6939430236816406,3.7324085,4.9063005,1.3844681,0.8112476938687672,3.7324094772338867
5,3.692155361175537,3.7514713,4.9295163,1.3952231,0.8069313087385142,3.7514705657958984
6,3.693233013153076,3.7527337,4.9344206,1.3892022,0.37313202191938066,3.7527339458465576
7,3.690823554992676,3.6949477,4.8562484,1.3721918,0.7958022207407982,3.6949477195739746
8,3.6942033767700195,3.7143326,4.8805985,1.3816432,0.7721166868830273,3.714332103729248
9,3.6918113231658936,3.740698,4.9170866,1.3877645,0.8107280238584935,3.7406961917877197
0,3.6937851905822754,3.7404046,4.9172516,1.3865535,0.37911967053441303,3.7404050827026367
1,3.690403461456299,3.6996262,4.860821,1.3770819,0.797004615174985,3.6996259689331055
2,3.690598964691162,3.7435744,4.9218826,1.3868011,0.8027775964173345,3.74357533454895
3,3.6911187171936035,3.6937628,4.853924,1.3732864,0.8059750286012409,3.693763017654419
4,3.689077615737915,3.7103417,4.876438,1.3779936,0.7858658905705985,3.710341691970825
5,3.6899349689483643,3.7122574,4.87809,1.3804373,0.8094794392463295,3.712256669998169
6,3.6885697841644287,3.779876,4.9693327,1.4008045,0.8143530947789651,3.779874563217163
7,3.6896746158599854,3.6994762,4.861271,1.3757337,0.7564200272240461,3.6994762420654297
8,3.691819429397583,3.7507098,4.9294386,1.3930947,0.8114557795002151,3.7507097721099854
9,3.6922881603240967,3.696132,4.856226,1.3757885,0.8101032558869202,3.696131944656372
